#
# A fatal error has been detected by the Java Runtime Environment:
#
#  SIGSEGV (0xb) at pc=0x00007f60fa6bfc71, pid=7762, tid=140054518040320
#
# JRE version: OpenJDK Runtime Environment (7.0_65-b32) (build 1.7.0_65-b32)
# Java VM: OpenJDK 64-Bit Server VM (24.65-b04 mixed mode linux-amd64 compressed oops)
# Derivative: IcedTea 2.5.3
# Distribution: Ubuntu 14.04 LTS, package 7u71-2.5.3-0ubuntu0.14.04.1
# Problematic frame:
# V  [libjvm.so+0x609c71]  JNI_ArgumentPusherVaArg::JNI_ArgumentPusherVaArg(_jmethodID*, __va_list_tag*)+0x11
#
# Failed to write core dump. Core dumps have been disabled. To enable core dumping, try "ulimit -c unlimited" before starting Java again
#
# If you would like to submit a bug report, please include
# instructions on how to reproduce the bug and visit:
#   http://icedtea.classpath.org/bugzilla
#

---------------  T H R E A D  ---------------

Current thread (0x00007f60f400a000):  JavaThread "main" [_thread_in_vm, id=7768, stack(0x00007f60fbbc0000,0x00007f60fbcc1000)]

siginfo:si_signo=SIGSEGV: si_errno=0, si_code=1 (SEGV_MAPERR), si_addr=0x0000000000000000

Registers:
RAX=0x00007f60fbcbf7f0, RBX=0x00007f60fbcbf7b0, RCX=0x0000000000000013, RDX=0x00007f60fbcbf778
RSP=0x00007f60fbcbf730, RBP=0x00007f60fbcbf750, RSI=0x0000000000000000, RDI=0x00007f60fbcbf7b0
R8 =0x00007f60fa6b9230, R9 =0x746f7073746f682f, R10=0x00007f60fb8aefe0, R11=0x0000000000000000
R12=0x00007f60fbcbf778, R13=0x00007f60f400a1d8, R14=0x0000000000000000, R15=0x00007f60fbcbf7b0
RIP=0x00007f60fa6bfc71, EFLAGS=0x0000000000010206, CSGSFS=0x0000000000000033, ERR=0x0000000000000004
  TRAPNO=0x000000000000000e

Top of Stack: (sp=0x00007f60fbcbf730)
0x00007f60fbcbf730:   00007f60f4076da0 00007f60f400a1d8
0x00007f60fbcbf740:   00007f60f400a000 00007f60f4076e30
0x00007f60fbcbf750:   00007f60fbcbf8d0 00007f60fa6b939e
0x00007f60fbcbf760:   00007f600000000e 00007f60fae91543
0x00007f60fbcbf770:   00000000ec09bc20 0000003000000018
0x00007f60fbcbf780:   00007f60fbcbf8e0 00007f60fbcbf7f0
0x00007f60fbcbf790:   00007f60f400a000 00007f60f400aab8
0x00007f60fbcbf7a0:   0020003100000db9 00007f60faa496d8
0x00007f60fbcbf7b0:   00007f60fbcbf798 0000000800000002
0x00007f60fbcbf7c0:   0000000000000001 00007f60fbcc0700
0x00007f60fbcbf7d0:   00007f60fbcbf800 00007f60fa5ba044
0x00007f60fbcbf7e0:   00007f60f400a000 00007f60f400a000
0x00007f60fbcbf7f0:   00007f60f0d72dc0 00007f60faa496d8
0x00007f60fbcbf800:   00007f60fbcbf850 00007f60f4076da8
0x00007f60fbcbf810:   00007f60fa6b9230 746f7073746f682f
0x00007f60fbcbf820:   00007f60f40f9620 00007f60f400a000
0x00007f60fbcbf830:   000000000000000f 00007f60fbcbf880
0x00007f60fbcbf840:   00007f60f400a000 00007f60f400a000
0x00007f60fbcbf850:   00007f60fbcbf8d0 00007f60fa6b75c0
0x00007f60fbcbf860:   00007f60f400a000 0000000000000000
0x00007f60fbcbf870:   00007f60f400a000 00007f60f400a000
0x00007f60fbcbf880:   00007f60fb003531 00007f60fa6afb56
0x00007f60fbcbf890:   00007f60f400a000 e2a0f6e0cd24ca00
0x00007f60fbcbf8a0:   00007f60e89c7cbe 00000000b9cac728
0x00007f60fbcbf8b0:   0000000000000000 00000000b9cac728
0x00007f60fbcbf8c0:   00007f60fbcbf998 00007f60f400a000
0x00007f60fbcbf8d0:   00007f60fbcbf920 00007f60e89c7c2c
0x00007f60fbcbf8e0:   00007f60fbcbf998 00007f60f400a1d8
0x00007f60fbcbf8f0:   00000000b9cac728 0000000f00000000
0x00007f60fbcbf900:   00007f60f40f9620 0000000000000078
0x00007f60fbcbf910:   00007f60f40f93e0 0000000000000006
0x00007f60fbcbf920:   00007f60fbcbf978 00007f60f1012d98 

Instructions: (pc=0x00007f60fa6bfc71)
0x00007f60fa6bfc51:   89 42 10 48 8b 43 20 48 83 c4 08 5b 5d c3 90 55
0x00007f60fa6bfc61:   48 89 e5 41 54 49 89 d4 53 48 89 fb 48 83 ec 10
0x00007f60fa6bfc71:   48 8b 06 48 8b 40 10 0f b7 50 3a 48 8b 70 20 0f
0x00007f60fa6bfc81:   b7 c2 48 8d 4c c6 40 48 8b 39 48 89 7d e8 48 8b 

Register to memory mapping:

RAX=0x00007f60fbcbf7f0 is pointing into the stack for thread: 0x00007f60f400a000
RBX=0x00007f60fbcbf7b0 is pointing into the stack for thread: 0x00007f60f400a000
RCX=0x0000000000000013 is an unknown value
RDX=0x00007f60fbcbf778 is pointing into the stack for thread: 0x00007f60f400a000
RSP=0x00007f60fbcbf730 is pointing into the stack for thread: 0x00007f60f400a000
RBP=0x00007f60fbcbf750 is pointing into the stack for thread: 0x00007f60f400a000
RSI=0x0000000000000000 is an unknown value
RDI=0x00007f60fbcbf7b0 is pointing into the stack for thread: 0x00007f60f400a000
R8 =0x00007f60fa6b9230: <offset 0x603230> in /usr/lib/jvm/java-7-openjdk-amd64/jre/lib/amd64/server/libjvm.so at 0x00007f60fa0b6000
R9 =0x746f7073746f682f is an unknown value
R10=0x00007f60fb8aefe0: <offset 0x3bdfe0> in /lib/x86_64-linux-gnu/libc.so.6 at 0x00007f60fb4f1000
R11=0x0000000000000000 is an unknown value
R12=0x00007f60fbcbf778 is pointing into the stack for thread: 0x00007f60f400a000
R13=0x00007f60f400a1d8 is an unknown value
R14=0x0000000000000000 is an unknown value
R15=0x00007f60fbcbf7b0 is pointing into the stack for thread: 0x00007f60f400a000


Stack: [0x00007f60fbbc0000,0x00007f60fbcc1000],  sp=0x00007f60fbcbf730,  free space=1021k
Native frames: (J=compiled Java code, j=interpreted, Vv=VM code, C=native code)
V  [libjvm.so+0x609c71]  JNI_ArgumentPusherVaArg::JNI_ArgumentPusherVaArg(_jmethodID*, __va_list_tag*)+0x11
V  [libjvm.so+0x60339e]  jni_NewObject+0x16e
C  [dll.so+0xc2c]  Java_view_Cpu_getFileS+0x12c
j  view.Cpu.getFileS()[Ljava/lang/String;+0
j  view.Cpu.main([Ljava/lang/String;)V+76
v  ~StubRoutines::call_stub
V  [libjvm.so+0x5e8049]  JavaCalls::call_helper(JavaValue*, methodHandle*, JavaCallArguments*, Thread*)+0x339
V  [libjvm.so+0x5e7ae8]  JavaCalls::call(JavaValue*, methodHandle, JavaCallArguments*, Thread*)+0x28
V  [libjvm.so+0x5f6c1b]  jni_invoke_static(JNIEnv_*, JavaValue*, _jobject*, JNICallType, _jmethodID*, JNI_ArgumentPusher*, Thread*) [clone .isra.124] [clone .constprop.156]+0x28b
V  [libjvm.so+0x607e88]  jni_CallStaticVoidMethod+0x118
C  [libjli.so+0x31f9]

Java frames: (J=compiled Java code, j=interpreted, Vv=VM code)
j  view.Cpu.getFileS()[Ljava/lang/String;+0
j  view.Cpu.main([Ljava/lang/String;)V+76
v  ~StubRoutines::call_stub

---------------  P R O C E S S  ---------------

Java Threads: ( => current thread )
  0x00007f60f40b0000 JavaThread "Service Thread" daemon [_thread_blocked, id=7779, stack(0x00007f60e8cca000,0x00007f60e8dcb000)]
  0x00007f60f40ae000 JavaThread "C2 CompilerThread1" daemon [_thread_blocked, id=7778, stack(0x00007f60e8dcb000,0x00007f60e8ecc000)]
  0x00007f60f40ab000 JavaThread "C2 CompilerThread0" daemon [_thread_blocked, id=7777, stack(0x00007f60e8ecc000,0x00007f60e8fcd000)]
  0x00007f60f40a9000 JavaThread "Signal Dispatcher" daemon [_thread_blocked, id=7776, stack(0x00007f60e8fcd000,0x00007f60e90ce000)]
  0x00007f60f407b800 JavaThread "Finalizer" daemon [_thread_blocked, id=7775, stack(0x00007f60e94c8000,0x00007f60e95c9000)]
  0x00007f60f4079800 JavaThread "Reference Handler" daemon [_thread_blocked, id=7774, stack(0x00007f60e95c9000,0x00007f60e96ca000)]
=>0x00007f60f400a000 JavaThread "main" [_thread_in_vm, id=7768, stack(0x00007f60fbbc0000,0x00007f60fbcc1000)]

Other Threads:
  0x00007f60f4075800 VMThread [stack: 0x00007f60e96ca000,0x00007f60e97cb000] [id=7773]
  0x00007f60f40bb000 WatcherThread [stack: 0x00007f60e8bc9000,0x00007f60e8cca000] [id=7780]

VM state:not at safepoint (normal execution)

VM Mutex/Monitor currently owned by a thread: None

Heap
 PSYoungGen      total 17920K, used 921K [0x00000000ec000000, 0x00000000ed400000, 0x0000000100000000)
  eden space 15360K, 6% used [0x00000000ec000000,0x00000000ec0e6780,0x00000000ecf00000)
  from space 2560K, 0% used [0x00000000ed180000,0x00000000ed180000,0x00000000ed400000)
  to   space 2560K, 0% used [0x00000000ecf00000,0x00000000ecf00000,0x00000000ed180000)
 ParOldGen       total 40960K, used 0K [0x00000000c4000000, 0x00000000c6800000, 0x00000000ec000000)
  object space 40960K, 0% used [0x00000000c4000000,0x00000000c4000000,0x00000000c6800000)
 PSPermGen       total 21504K, used 2784K [0x00000000b9a00000, 0x00000000baf00000, 0x00000000c4000000)
  object space 21504K, 12% used [0x00000000b9a00000,0x00000000b9cb83c0,0x00000000baf00000)

Card table byte_map: [0x00007f60f85d6000,0x00007f60f880a000] byte_map_base: 0x00007f60f8009000

Polling page: 0x00007f60fbce4000

Code Cache  [0x00007f60f1000000, 0x00007f60f1270000, 0x00007f60f4000000)
 total_blobs=167 nmethods=0 adapters=136 free_code_cache=48773Kb largest_free_block=49944064

Compilation events (0 events):
No events

GC Heap History (0 events):
No events

Deoptimization events (0 events):
No events

Internal exceptions (6 events):
Event: 0,033 Thread 0x00007f60f400a000 Threw 0x00000000ec00f010 at /build/buildd/openjdk-7-7u71-2.5.3/build/openjdk/hotspot/src/share/vm/prims/jni.cpp:3995
Event: 0,071 Thread 0x00007f60f400a000 Threw 0x00000000ec047c48 at /build/buildd/openjdk-7-7u71-2.5.3/build/openjdk/hotspot/src/share/vm/prims/jni.cpp:721
Event: 0,071 Thread 0x00007f60f400a000 Threw 0x00000000ec047dc8 at /build/buildd/openjdk-7-7u71-2.5.3/build/openjdk/hotspot/src/share/vm/prims/jvm.cpp:1284
Event: 0,072 Thread 0x00007f60f400a000 Threw 0x00000000ec047ef0 at /build/buildd/openjdk-7-7u71-2.5.3/build/openjdk/hotspot/src/share/vm/prims/jvm.cpp:1284
Event: 0,072 Thread 0x00007f60f400a000 Threw 0x00000000ec048f78 at /build/buildd/openjdk-7-7u71-2.5.3/build/openjdk/hotspot/src/share/vm/prims/jvm.cpp:1284
Event: 0,080 Thread 0x00007f60f400a000 Threw 0x00000000ec09c1b8 at /build/buildd/openjdk-7-7u71-2.5.3/build/openjdk/hotspot/src/share/vm/prims/jni.cpp:3513

Events (10 events):
Event: 0,076 loading class 0x00007f60f40b5f60
Event: 0,076 loading class 0x00007f60f40b5fc0
Event: 0,076 loading class 0x00007f60f40b5fc0 done
Event: 0,076 loading class 0x00007f60f40b5f60 done
Event: 0,076 loading class 0x00007f60f40b5f90
Event: 0,076 loading class 0x00007f60f40b5f90 done
Event: 0,080 loading class 0x00007f60f0d72dc0
Event: 0,080 loading class 0x00007f60f0d72fc0
Event: 0,080 loading class 0x00007f60f0d72fc0 done
Event: 0,080 loading class 0x00007f60f0d72dc0 done


Dynamic libraries:
00400000-00401000 r-xp 00000000 08:07 11144553                           /usr/lib/jvm/java-7-openjdk-amd64/jre/bin/java
00600000-00601000 r--p 00000000 08:07 11144553                           /usr/lib/jvm/java-7-openjdk-amd64/jre/bin/java
00601000-00602000 rw-p 00001000 08:07 11144553                           /usr/lib/jvm/java-7-openjdk-amd64/jre/bin/java
00c75000-00c96000 rw-p 00000000 00:00 0                                  [heap]
b9a00000-baf00000 rw-p 00000000 00:00 0 
baf00000-c4000000 rw-p 00000000 00:00 0 
c4000000-c6800000 rw-p 00000000 00:00 0 
c6800000-ec000000 rw-p 00000000 00:00 0 
ec000000-ed400000 rw-p 00000000 00:00 0 
ed400000-100000000 rw-p 00000000 00:00 0 
7f60b4000000-7f60b4021000 rw-p 00000000 00:00 0 
7f60b4021000-7f60b8000000 ---p 00000000 00:00 0 
7f60b8000000-7f60b8021000 rw-p 00000000 00:00 0 
7f60b8021000-7f60bc000000 ---p 00000000 00:00 0 
7f60bc000000-7f60bc021000 rw-p 00000000 00:00 0 
7f60bc021000-7f60c0000000 ---p 00000000 00:00 0 
7f60c0000000-7f60c0021000 rw-p 00000000 00:00 0 
7f60c0021000-7f60c4000000 ---p 00000000 00:00 0 
7f60c4000000-7f60c4021000 rw-p 00000000 00:00 0 
7f60c4021000-7f60c8000000 ---p 00000000 00:00 0 
7f60c8000000-7f60c8021000 rw-p 00000000 00:00 0 
7f60c8021000-7f60cc000000 ---p 00000000 00:00 0 
7f60cc000000-7f60cc021000 rw-p 00000000 00:00 0 
7f60cc021000-7f60d0000000 ---p 00000000 00:00 0 
7f60d0000000-7f60d0021000 rw-p 00000000 00:00 0 
7f60d0021000-7f60d4000000 ---p 00000000 00:00 0 
7f60d4000000-7f60d4021000 rw-p 00000000 00:00 0 
7f60d4021000-7f60d8000000 ---p 00000000 00:00 0 
7f60dc000000-7f60dc021000 rw-p 00000000 00:00 0 
7f60dc021000-7f60e0000000 ---p 00000000 00:00 0 
7f60e4000000-7f60e4021000 rw-p 00000000 00:00 0 
7f60e4021000-7f60e8000000 ---p 00000000 00:00 0 
7f60e878d000-7f60e89c7000 rw-p 00000000 00:00 0 
7f60e89c7000-7f60e89c8000 r-xp 00000000 08:07 11541603                   /home/mateusz/git/Lab1_RMI/src/view/dll.so
7f60e89c8000-7f60e8bc7000 ---p 00001000 08:07 11541603                   /home/mateusz/git/Lab1_RMI/src/view/dll.so
7f60e8bc7000-7f60e8bc8000 r--p 00000000 08:07 11541603                   /home/mateusz/git/Lab1_RMI/src/view/dll.so
7f60e8bc8000-7f60e8bc9000 rw-p 00001000 08:07 11541603                   /home/mateusz/git/Lab1_RMI/src/view/dll.so
7f60e8bc9000-7f60e8bca000 ---p 00000000 00:00 0 
7f60e8bca000-7f60e8cca000 rw-p 00000000 00:00 0                          [stack:7780]
7f60e8cca000-7f60e8ccd000 ---p 00000000 00:00 0 
7f60e8ccd000-7f60e8dcb000 rw-p 00000000 00:00 0                          [stack:7779]
7f60e8dcb000-7f60e8dce000 ---p 00000000 00:00 0 
7f60e8dce000-7f60e8ecc000 rw-p 00000000 00:00 0                          [stack:7778]
7f60e8ecc000-7f60e8ecf000 ---p 00000000 00:00 0 
7f60e8ecf000-7f60e8fcd000 rw-p 00000000 00:00 0                          [stack:7777]
7f60e8fcd000-7f60e8fd0000 ---p 00000000 00:00 0 
7f60e8fd0000-7f60e90ce000 rw-p 00000000 00:00 0                          [stack:7776]
7f60e90ce000-7f60e94c8000 r--p 00000000 08:07 11016475                   /usr/lib/locale/locale-archive
7f60e94c8000-7f60e94cb000 ---p 00000000 00:00 0 
7f60e94cb000-7f60e95c9000 rw-p 00000000 00:00 0                          [stack:7775]
7f60e95c9000-7f60e95cc000 ---p 00000000 00:00 0 
7f60e95cc000-7f60e96ca000 rw-p 00000000 00:00 0                          [stack:7774]
7f60e96ca000-7f60e96cb000 ---p 00000000 00:00 0 
7f60e96cb000-7f60ec000000 rw-p 00000000 00:00 0                          [stack:7773]
7f60ec000000-7f60ec021000 rw-p 00000000 00:00 0 
7f60ec021000-7f60f0000000 ---p 00000000 00:00 0 
7f60f0053000-7f60f0b4b000 rw-p 00000000 00:00 0 
7f60f0b4b000-7f60f0cfc000 r--s 01d25000 08:07 11144524                   /usr/lib/jvm/java-7-openjdk-amd64/jre/lib/rt.jar
7f60f0cfc000-7f60f1000000 rw-p 00000000 00:00 0 
7f60f1000000-7f60f1270000 rwxp 00000000 00:00 0 
7f60f1270000-7f60f4104000 rw-p 00000000 00:00 0 
7f60f4104000-7f60f8000000 ---p 00000000 00:00 0 
7f60f8015000-7f60f803f000 rw-p 00000000 00:00 0 
7f60f803f000-7f60f8040000 ---p 00000000 00:00 0 
7f60f8040000-7f60f8140000 rw-p 00000000 00:00 0                          [stack:7772]
7f60f8140000-7f60f8141000 ---p 00000000 00:00 0 
7f60f8141000-7f60f8241000 rw-p 00000000 00:00 0                          [stack:7771]
7f60f8241000-7f60f8242000 ---p 00000000 00:00 0 
7f60f8242000-7f60f8342000 rw-p 00000000 00:00 0                          [stack:7770]
7f60f8342000-7f60f8343000 ---p 00000000 00:00 0 
7f60f8343000-7f60f844e000 rw-p 00000000 00:00 0                          [stack:7769]
7f60f844e000-7f60f8496000 rw-p 00000000 00:00 0 
7f60f8496000-7f60f84aa000 rw-p 00000000 00:00 0 
7f60f84aa000-7f60f85d6000 rw-p 00000000 00:00 0 
7f60f85d6000-7f60f85e1000 rw-p 00000000 00:00 0 
7f60f85e1000-7f60f8629000 rw-p 00000000 00:00 0 
7f60f8629000-7f60f863d000 rw-p 00000000 00:00 0 
7f60f863d000-7f60f8769000 rw-p 00000000 00:00 0 
7f60f8769000-7f60f8773000 rw-p 00000000 00:00 0 
7f60f8773000-7f60f8809000 rw-p 00000000 00:00 0 
7f60f8809000-7f60f880a000 rw-p 00000000 00:00 0 
7f60f880a000-7f60f8812000 r-xp 00000000 08:07 11143820                   /usr/lib/jvm/java-7-openjdk-amd64/jre/lib/amd64/libzip.so
7f60f8812000-7f60f8a11000 ---p 00008000 08:07 11143820                   /usr/lib/jvm/java-7-openjdk-amd64/jre/lib/amd64/libzip.so
7f60f8a11000-7f60f8a12000 r--p 00007000 08:07 11143820                   /usr/lib/jvm/java-7-openjdk-amd64/jre/lib/amd64/libzip.so
7f60f8a12000-7f60f8a13000 rw-p 00008000 08:07 11143820                   /usr/lib/jvm/java-7-openjdk-amd64/jre/lib/amd64/libzip.so
7f60f8a13000-7f60f8a1e000 r-xp 00000000 08:07 3674506                    /lib/x86_64-linux-gnu/libnss_files-2.19.so
7f60f8a1e000-7f60f8c1d000 ---p 0000b000 08:07 3674506                    /lib/x86_64-linux-gnu/libnss_files-2.19.so
7f60f8c1d000-7f60f8c1e000 r--p 0000a000 08:07 3674506                    /lib/x86_64-linux-gnu/libnss_files-2.19.so
7f60f8c1e000-7f60f8c1f000 rw-p 0000b000 08:07 3674506                    /lib/x86_64-linux-gnu/libnss_files-2.19.so
7f60f8c1f000-7f60f8c2a000 r-xp 00000000 08:07 3674507                    /lib/x86_64-linux-gnu/libnss_nis-2.19.so
7f60f8c2a000-7f60f8e29000 ---p 0000b000 08:07 3674507                    /lib/x86_64-linux-gnu/libnss_nis-2.19.so
7f60f8e29000-7f60f8e2a000 r--p 0000a000 08:07 3674507                    /lib/x86_64-linux-gnu/libnss_nis-2.19.so
7f60f8e2a000-7f60f8e2b000 rw-p 0000b000 08:07 3674507                    /lib/x86_64-linux-gnu/libnss_nis-2.19.so
7f60f8e2b000-7f60f8e42000 r-xp 00000000 08:07 3674493                    /lib/x86_64-linux-gnu/libnsl-2.19.so
7f60f8e42000-7f60f9041000 ---p 00017000 08:07 3674493                    /lib/x86_64-linux-gnu/libnsl-2.19.so
7f60f9041000-7f60f9042000 r--p 00016000 08:07 3674493                    /lib/x86_64-linux-gnu/libnsl-2.19.so
7f60f9042000-7f60f9043000 rw-p 00017000 08:07 3674493                    /lib/x86_64-linux-gnu/libnsl-2.19.so
7f60f9043000-7f60f9045000 rw-p 00000000 00:00 0 
7f60f9045000-7f60f904e000 r-xp 00000000 08:07 3674490                    /lib/x86_64-linux-gnu/libnss_compat-2.19.so
7f60f904e000-7f60f924d000 ---p 00009000 08:07 3674490                    /lib/x86_64-linux-gnu/libnss_compat-2.19.so
7f60f924d000-7f60f924e000 r--p 00008000 08:07 3674490                    /lib/x86_64-linux-gnu/libnss_compat-2.19.so
7f60f924e000-7f60f924f000 rw-p 00009000 08:07 3674490                    /lib/x86_64-linux-gnu/libnss_compat-2.19.so
7f60f924f000-7f60f927a000 r-xp 00000000 08:07 11144124                   /usr/lib/jvm/java-7-openjdk-amd64/jre/lib/amd64/libjava.so
7f60f927a000-7f60f9479000 ---p 0002b000 08:07 11144124                   /usr/lib/jvm/java-7-openjdk-amd64/jre/lib/amd64/libjava.so
7f60f9479000-7f60f947a000 r--p 0002a000 08:07 11144124                   /usr/lib/jvm/java-7-openjdk-amd64/jre/lib/amd64/libjava.so
7f60f947a000-7f60f947c000 rw-p 0002b000 08:07 11144124                   /usr/lib/jvm/java-7-openjdk-amd64/jre/lib/amd64/libjava.so
7f60f947c000-7f60f948c000 r-xp 00000000 08:07 11144473                   /usr/lib/jvm/java-7-openjdk-amd64/jre/lib/amd64/libverify.so
7f60f948c000-7f60f968b000 ---p 00010000 08:07 11144473                   /usr/lib/jvm/java-7-openjdk-amd64/jre/lib/amd64/libverify.so
7f60f968b000-7f60f968d000 r--p 0000f000 08:07 11144473                   /usr/lib/jvm/java-7-openjdk-amd64/jre/lib/amd64/libverify.so
7f60f968d000-7f60f968e000 rw-p 00011000 08:07 11144473                   /usr/lib/jvm/java-7-openjdk-amd64/jre/lib/amd64/libverify.so
7f60f968e000-7f60f9695000 r-xp 00000000 08:07 3674495                    /lib/x86_64-linux-gnu/librt-2.19.so
7f60f9695000-7f60f9894000 ---p 00007000 08:07 3674495                    /lib/x86_64-linux-gnu/librt-2.19.so
7f60f9894000-7f60f9895000 r--p 00006000 08:07 3674495                    /lib/x86_64-linux-gnu/librt-2.19.so
7f60f9895000-7f60f9896000 rw-p 00007000 08:07 3674495                    /lib/x86_64-linux-gnu/librt-2.19.so
7f60f9896000-7f60f98ac000 r-xp 00000000 08:07 3671105                    /lib/x86_64-linux-gnu/libgcc_s.so.1
7f60f98ac000-7f60f9aab000 ---p 00016000 08:07 3671105                    /lib/x86_64-linux-gnu/libgcc_s.so.1
7f60f9aab000-7f60f9aac000 rw-p 00015000 08:07 3671105                    /lib/x86_64-linux-gnu/libgcc_s.so.1
7f60f9aac000-7f60f9bb1000 r-xp 00000000 08:07 3674502                    /lib/x86_64-linux-gnu/libm-2.19.so
7f60f9bb1000-7f60f9db0000 ---p 00105000 08:07 3674502                    /lib/x86_64-linux-gnu/libm-2.19.so
7f60f9db0000-7f60f9db1000 r--p 00104000 08:07 3674502                    /lib/x86_64-linux-gnu/libm-2.19.so
7f60f9db1000-7f60f9db2000 rw-p 00105000 08:07 3674502                    /lib/x86_64-linux-gnu/libm-2.19.so
7f60f9db2000-7f60f9e98000 r-xp 00000000 08:07 11018812                   /usr/lib/x86_64-linux-gnu/libstdc++.so.6.0.19
7f60f9e98000-7f60fa097000 ---p 000e6000 08:07 11018812                   /usr/lib/x86_64-linux-gnu/libstdc++.so.6.0.19
7f60fa097000-7f60fa09f000 r--p 000e5000 08:07 11018812                   /usr/lib/x86_64-linux-gnu/libstdc++.so.6.0.19
7f60fa09f000-7f60fa0a1000 rw-p 000ed000 08:07 11018812                   /usr/lib/x86_64-linux-gnu/libstdc++.so.6.0.19
7f60fa0a1000-7f60fa0b6000 rw-p 00000000 00:00 0 
7f60fa0b6000-7f60fabcc000 r-xp 00000000 08:07 11144483                   /usr/lib/jvm/java-7-openjdk-amd64/jre/lib/amd64/server/libjvm.so
7f60fabcc000-7f60fadcb000 ---p 00b16000 08:07 11144483                   /usr/lib/jvm/java-7-openjdk-amd64/jre/lib/amd64/server/libjvm.so
7f60fadcb000-7f60fae65000 r--p 00b15000 08:07 11144483                   /usr/lib/jvm/java-7-openjdk-amd64/jre/lib/amd64/server/libjvm.so
7f60fae65000-7f60fae88000 rw-p 00baf000 08:07 11144483                   /usr/lib/jvm/java-7-openjdk-amd64/jre/lib/amd64/server/libjvm.so
7f60fae88000-7f60faeb6000 rw-p 00000000 00:00 0 
7f60faeb6000-7f60faece000 r-xp 00000000 08:07 3674376                    /lib/x86_64-linux-gnu/libz.so.1.2.8
7f60faece000-7f60fb0cd000 ---p 00018000 08:07 3674376                    /lib/x86_64-linux-gnu/libz.so.1.2.8
7f60fb0cd000-7f60fb0ce000 r--p 00017000 08:07 3674376                    /lib/x86_64-linux-gnu/libz.so.1.2.8
7f60fb0ce000-7f60fb0cf000 rw-p 00018000 08:07 3674376                    /lib/x86_64-linux-gnu/libz.so.1.2.8
7f60fb0cf000-7f60fb0e8000 r-xp 00000000 08:07 3674512                    /lib/x86_64-linux-gnu/libpthread-2.19.so
7f60fb0e8000-7f60fb2e7000 ---p 00019000 08:07 3674512                    /lib/x86_64-linux-gnu/libpthread-2.19.so
7f60fb2e7000-7f60fb2e8000 r--p 00018000 08:07 3674512                    /lib/x86_64-linux-gnu/libpthread-2.19.so
7f60fb2e8000-7f60fb2e9000 rw-p 00019000 08:07 3674512                    /lib/x86_64-linux-gnu/libpthread-2.19.so
7f60fb2e9000-7f60fb2ed000 rw-p 00000000 00:00 0 
7f60fb2ed000-7f60fb2f0000 r-xp 00000000 08:07 3674511                    /lib/x86_64-linux-gnu/libdl-2.19.so
7f60fb2f0000-7f60fb4ef000 ---p 00003000 08:07 3674511                    /lib/x86_64-linux-gnu/libdl-2.19.so
7f60fb4ef000-7f60fb4f0000 r--p 00002000 08:07 3674511                    /lib/x86_64-linux-gnu/libdl-2.19.so
7f60fb4f0000-7f60fb4f1000 rw-p 00003000 08:07 3674511                    /lib/x86_64-linux-gnu/libdl-2.19.so
7f60fb4f1000-7f60fb6ac000 r-xp 00000000 08:07 3674499                    /lib/x86_64-linux-gnu/libc-2.19.so
7f60fb6ac000-7f60fb8ac000 ---p 001bb000 08:07 3674499                    /lib/x86_64-linux-gnu/libc-2.19.so
7f60fb8ac000-7f60fb8b0000 r--p 001bb000 08:07 3674499                    /lib/x86_64-linux-gnu/libc-2.19.so
7f60fb8b0000-7f60fb8b2000 rw-p 001bf000 08:07 3674499                    /lib/x86_64-linux-gnu/libc-2.19.so
7f60fb8b2000-7f60fb8b7000 rw-p 00000000 00:00 0 
7f60fb8b7000-7f60fb8c4000 r-xp 00000000 08:07 11144120                   /usr/lib/jvm/java-7-openjdk-amd64/jre/lib/amd64/jli/libjli.so
7f60fb8c4000-7f60fbac3000 ---p 0000d000 08:07 11144120                   /usr/lib/jvm/java-7-openjdk-amd64/jre/lib/amd64/jli/libjli.so
7f60fbac3000-7f60fbac4000 r--p 0000c000 08:07 11144120                   /usr/lib/jvm/java-7-openjdk-amd64/jre/lib/amd64/jli/libjli.so
7f60fbac4000-7f60fbac5000 rw-p 0000d000 08:07 11144120                   /usr/lib/jvm/java-7-openjdk-amd64/jre/lib/amd64/jli/libjli.so
7f60fbac5000-7f60fbae8000 r-xp 00000000 08:07 3674500                    /lib/x86_64-linux-gnu/ld-2.19.so
7f60fbae8000-7f60fbb0a000 rw-p 00000000 00:00 0 
7f60fbb0a000-7f60fbbc0000 rw-p 00000000 00:00 0 
7f60fbbc0000-7f60fbbc3000 ---p 00000000 00:00 0 
7f60fbbc3000-7f60fbcc7000 rw-p 00000000 00:00 0                          [stack:7768]
7f60fbcc7000-7f60fbccb000 r--s 00034000 08:07 11144522                   /usr/lib/jvm/java-7-openjdk-amd64/jre/lib/ext/sunjce_provider.jar
7f60fbccb000-7f60fbccf000 r--s 0003c000 08:07 11144520                   /usr/lib/jvm/java-7-openjdk-amd64/jre/lib/ext/sunpkcs11.jar
7f60fbccf000-7f60fbcd1000 r--s 00012000 08:07 11144519                   /usr/lib/jvm/java-7-openjdk-amd64/jre/lib/ext/zipfs.jar
7f60fbcd1000-7f60fbcd5000 r--s 00085000 08:07 11144521                   /usr/lib/jvm/java-7-openjdk-amd64/jre/lib/ext/localedata.jar
7f60fbcd5000-7f60fbcd8000 r--s 0000f000 08:07 11144518                   /usr/lib/jvm/java-7-openjdk-amd64/jre/lib/ext/icedtea-sound.jar
7f60fbcd8000-7f60fbcda000 r--s 00006000 08:07 11539886                   /usr/share/java/java-atk-wrapper.jar
7f60fbcda000-7f60fbcdb000 r--s 00002000 08:07 11144523                   /usr/lib/jvm/java-7-openjdk-amd64/jre/lib/ext/dnsns.jar
7f60fbcdb000-7f60fbce3000 rw-s 00000000 08:07 10357099                   /tmp/hsperfdata_mateusz/7762
7f60fbce3000-7f60fbce4000 rw-p 00000000 00:00 0 
7f60fbce4000-7f60fbce5000 r--p 00000000 00:00 0 
7f60fbce5000-7f60fbce7000 rw-p 00000000 00:00 0 
7f60fbce7000-7f60fbce8000 r--p 00022000 08:07 3674500                    /lib/x86_64-linux-gnu/ld-2.19.so
7f60fbce8000-7f60fbce9000 rw-p 00023000 08:07 3674500                    /lib/x86_64-linux-gnu/ld-2.19.so
7f60fbce9000-7f60fbcea000 rw-p 00000000 00:00 0 
7fff049e7000-7fff04a08000 rw-p 00000000 00:00 0                          [stack]
7fff04a73000-7fff04a75000 r-xp 00000000 00:00 0                          [vdso]
ffffffffff600000-ffffffffff601000 r-xp 00000000 00:00 0                  [vsyscall]

VM Arguments:
jvm_args: -Dfile.encoding=UTF-8 
java_command: view.Cpu
Launcher Type: SUN_STANDARD

Environment Variables:
PATH=/usr/local/sbin:/usr/local/bin:/usr/sbin:/usr/bin:/sbin:/bin:/usr/games:/usr/local/games
USERNAME=mateusz
SHELL=/bin/bash
DISPLAY=:0

Signal Handlers:
SIGSEGV: [libjvm.so+0x9495e0], sa_mask[0]=0x7ffbfeff, sa_flags=0x10000004
SIGBUS: [libjvm.so+0x9495e0], sa_mask[0]=0x7ffbfeff, sa_flags=0x10000004
SIGFPE: [libjvm.so+0x7c3410], sa_mask[0]=0x7ffbfeff, sa_flags=0x10000004
SIGPIPE: [libjvm.so+0x7c3410], sa_mask[0]=0x7ffbfeff, sa_flags=0x10000004
SIGXFSZ: [libjvm.so+0x7c3410], sa_mask[0]=0x7ffbfeff, sa_flags=0x10000004
SIGILL: [libjvm.so+0x7c3410], sa_mask[0]=0x7ffbfeff, sa_flags=0x10000004
SIGUSR1: SIG_DFL, sa_mask[0]=0x00000000, sa_flags=0x00000000
SIGUSR2: [libjvm.so+0x7c32b0], sa_mask[0]=0x00000004, sa_flags=0x10000004
SIGHUP: [libjvm.so+0x7c3490], sa_mask[0]=0x7ffbfeff, sa_flags=0x10000004
SIGINT: [libjvm.so+0x7c3490], sa_mask[0]=0x7ffbfeff, sa_flags=0x10000004
SIGTERM: [libjvm.so+0x7c3490], sa_mask[0]=0x7ffbfeff, sa_flags=0x10000004
SIGQUIT: [libjvm.so+0x7c3490], sa_mask[0]=0x7ffbfeff, sa_flags=0x10000004
SIGTRAP: SIG_DFL, sa_mask[0]=0x00000000, sa_flags=0x00000000


---------------  S Y S T E M  ---------------

OS:LinuxMint 17 (qiana)
uname:Linux 3.13.0-24-generic #47-Ubuntu SMP Fri May 2 23:30:00 UTC 2014 x86_64
libc:glibc 2.19 NPTL 2.19 
rlimit: STACK 8192k, CORE 0k, NPROC 30289, NOFILE 4096, AS infinity
load average:0,16 0,16 0,20

/proc/meminfo:
MemTotal:        3931284 kB
MemFree:          256796 kB
Buffers:          213884 kB
Cached:          1359312 kB
SwapCached:           68 kB
Active:          2406820 kB
Inactive:        1034740 kB
Active(anon):    1771820 kB
Inactive(anon):   250556 kB
Active(file):     635000 kB
Inactive(file):   784184 kB
Unevictable:           0 kB
Mlocked:               0 kB
SwapTotal:       3906556 kB
SwapFree:        3906444 kB
Dirty:               376 kB
Writeback:             0 kB
AnonPages:       1868452 kB
Mapped:           233736 kB
Shmem:            154012 kB
Slab:             145492 kB
SReclaimable:     118672 kB
SUnreclaim:        26820 kB
KernelStack:        3952 kB
PageTables:        24220 kB
NFS_Unstable:          0 kB
Bounce:                0 kB
WritebackTmp:          0 kB
CommitLimit:     5872196 kB
Committed_AS:    4084244 kB
VmallocTotal:   34359738367 kB
VmallocUsed:      348576 kB
VmallocChunk:   34359384028 kB
HardwareCorrupted:     0 kB
AnonHugePages:    978944 kB
HugePages_Total:       0
HugePages_Free:        0
HugePages_Rsvd:        0
HugePages_Surp:        0
Hugepagesize:       2048 kB
DirectMap4k:       65460 kB
DirectMap2M:     4012032 kB


CPU:total 4 (2 cores per cpu, 2 threads per core) family 6 model 58 stepping 9, cmov, cx8, fxsr, mmx, sse, sse2, sse3, ssse3, sse4.1, sse4.2, popcnt, avx, aes, erms, ht, tsc, tscinvbit, tscinv

/proc/cpuinfo:
processor	: 0
vendor_id	: GenuineIntel
cpu family	: 6
model		: 58
model name	: Intel(R) Core(TM) i5-3230M CPU @ 2.60GHz
stepping	: 9
microcode	: 0x12
cpu MHz		: 1200.000
cache size	: 3072 KB
physical id	: 0
siblings	: 4
core id		: 0
cpu cores	: 2
apicid		: 0
initial apicid	: 0
fpu		: yes
fpu_exception	: yes
cpuid level	: 13
wp		: yes
flags		: fpu vme de pse tsc msr pae mce cx8 apic sep mtrr pge mca cmov pat pse36 clflush dts acpi mmx fxsr sse sse2 ss ht tm pbe syscall nx rdtscp lm constant_tsc arch_perfmon pebs bts rep_good nopl xtopology nonstop_tsc aperfmperf eagerfpu pni pclmulqdq dtes64 monitor ds_cpl vmx est tm2 ssse3 cx16 xtpr pdcm pcid sse4_1 sse4_2 x2apic popcnt tsc_deadline_timer aes xsave avx f16c rdrand lahf_lm ida arat epb xsaveopt pln pts dtherm tpr_shadow vnmi flexpriority ept vpid fsgsbase smep erms
bogomips	: 5188.20
clflush size	: 64
cache_alignment	: 64
address sizes	: 36 bits physical, 48 bits virtual
power management:

processor	: 1
vendor_id	: GenuineIntel
cpu family	: 6
model		: 58
model name	: Intel(R) Core(TM) i5-3230M CPU @ 2.60GHz
stepping	: 9
microcode	: 0x12
cpu MHz		: 1700.000
cache size	: 3072 KB
physical id	: 0
siblings	: 4
core id		: 1
cpu cores	: 2
apicid		: 2
initial apicid	: 2
fpu		: yes
fpu_exception	: yes
cpuid level	: 13
wp		: yes
flags		: fpu vme de pse tsc msr pae mce cx8 apic sep mtrr pge mca cmov pat pse36 clflush dts acpi mmx fxsr sse sse2 ss ht tm pbe syscall nx rdtscp lm constant_tsc arch_perfmon pebs bts rep_good nopl xtopology nonstop_tsc aperfmperf eagerfpu pni pclmulqdq dtes64 monitor ds_cpl vmx est tm2 ssse3 cx16 xtpr pdcm pcid sse4_1 sse4_2 x2apic popcnt tsc_deadline_timer aes xsave avx f16c rdrand lahf_lm ida arat epb xsaveopt pln pts dtherm tpr_shadow vnmi flexpriority ept vpid fsgsbase smep erms
bogomips	: 5188.20
clflush size	: 64
cache_alignment	: 64
address sizes	: 36 bits physical, 48 bits virtual
power management:

processor	: 2
vendor_id	: GenuineIntel
cpu family	: 6
model		: 58
model name	: Intel(R) Core(TM) i5-3230M CPU @ 2.60GHz
stepping	: 9
microcode	: 0x12
cpu MHz		: 2100.000
cache size	: 3072 KB
physical id	: 0
siblings	: 4
core id		: 0
cpu cores	: 2
apicid		: 1
initial apicid	: 1
fpu		: yes
fpu_exception	: yes
cpuid level	: 13
wp		: yes
flags		: fpu vme de pse tsc msr pae mce cx8 apic sep mtrr pge mca cmov pat pse36 clflush dts acpi mmx fxsr sse sse2 ss ht tm pbe syscall nx rdtscp lm constant_tsc arch_perfmon pebs bts rep_good nopl xtopology nonstop_tsc aperfmperf eagerfpu pni pclmulqdq dtes64 monitor ds_cpl vmx est tm2 ssse3 cx16 xtpr pdcm pcid sse4_1 sse4_2 x2apic popcnt tsc_deadline_timer aes xsave avx f16c rdrand lahf_lm ida arat epb xsaveopt pln pts dtherm tpr_shadow vnmi flexpriority ept vpid fsgsbase smep erms
bogomips	: 5188.20
clflush size	: 64
cache_alignment	: 64
address sizes	: 36 bits physical, 48 bits virtual
power management:

processor	: 3
vendor_id	: GenuineIntel
cpu family	: 6
model		: 58
model name	: Intel(R) Core(TM) i5-3230M CPU @ 2.60GHz
stepping	: 9
microcode	: 0x12
cpu MHz		: 1200.000
cache size	: 3072 KB
physical id	: 0
siblings	: 4
core id		: 1
cpu cores	: 2
apicid		: 3
initial apicid	: 3
fpu		: yes
fpu_exception	: yes
cpuid level	: 13
wp		: yes
flags		: fpu vme de pse tsc msr pae mce cx8 apic sep mtrr pge mca cmov pat pse36 clflush dts acpi mmx fxsr sse sse2 ss ht tm pbe syscall nx rdtscp lm constant_tsc arch_perfmon pebs bts rep_good nopl xtopology nonstop_tsc aperfmperf eagerfpu pni pclmulqdq dtes64 monitor ds_cpl vmx est tm2 ssse3 cx16 xtpr pdcm pcid sse4_1 sse4_2 x2apic popcnt tsc_deadline_timer aes xsave avx f16c rdrand lahf_lm ida arat epb xsaveopt pln pts dtherm tpr_shadow vnmi flexpriority ept vpid fsgsbase smep erms
bogomips	: 5188.20
clflush size	: 64
cache_alignment	: 64
address sizes	: 36 bits physical, 48 bits virtual
power management:



Memory: 4k page, physical 3931284k(256796k free), swap 3906556k(3906444k free)

vm_info: OpenJDK 64-Bit Server VM (24.65-b04) for linux-amd64 JRE (1.7.0_65-b32), built on Oct 22 2014 04:37:44 by "buildd" with gcc 4.8.2

time: Thu Nov 13 01:43:06 2014
elapsed time: 0 seconds

