#
# A fatal error has been detected by the Java Runtime Environment:
#
#  SIGSEGV (0xb) at pc=0x00007ff9bb89aa0c, pid=6233, tid=140710577678080
#
# JRE version: OpenJDK Runtime Environment (7.0_65-b32) (build 1.7.0_65-b32)
# Java VM: OpenJDK 64-Bit Server VM (24.65-b04 mixed mode linux-amd64 compressed oops)
# Derivative: IcedTea 2.5.3
# Distribution: Ubuntu 14.04 LTS, package 7u71-2.5.3-0ubuntu0.14.04.1
# Problematic frame:
# C  [libc.so.6+0x6fa0c]  getdelim+0x2c
#
# Failed to write core dump. Core dumps have been disabled. To enable core dumping, try "ulimit -c unlimited" before starting Java again
#
# If you would like to submit a bug report, please include
# instructions on how to reproduce the bug and visit:
#   http://icedtea.classpath.org/bugzilla
# The crash happened outside the Java Virtual Machine in native code.
# See problematic frame for where to report the bug.
#

---------------  T H R E A D  ---------------

Current thread (0x00007ff9b400a000):  JavaThread "main" [_thread_in_native, id=6239, stack(0x00007ff9bbefa000,0x00007ff9bbffb000)]

siginfo:si_signo=SIGSEGV: si_errno=0, si_code=1 (SEGV_MAPERR), si_addr=0x0000000000000000

Registers:
RAX=0x00007ff9bbff9900, RBX=0x00000000b9cac6d0, RCX=0x0000000000000000, RDX=0x000000000000000a
RSP=0x00007ff9bbff9870, RBP=0x00007ff9bbff9920, RSI=0x00007ff9bbff9908, RDI=0x00007ff9bbff9900
R8 =0x00007ff9bbffa700, R9 =0x0000000000000000, R10=0x0000000000000008, R11=0x0000000000000000
R12=0x00007ff9bbff9900, R13=0x00000000b9cac6d0, R14=0x00007ff9bbff9998, R15=0x00007ff9b400a000
RIP=0x00007ff9bb89aa0c, EFLAGS=0x0000000000010202, CSGSFS=0x0000000000000033, ERR=0x0000000000000004
  TRAPNO=0x000000000000000e

Top of Stack: (sp=0x00007ff9bbff9870)
0x00007ff9bbff9870:   00007ff9a0ccab2c 00007ff9a0ccaaf0
0x00007ff9bbff9880:   00007ff9bbff9908 0000000abbff9998
0x00007ff9bbff9890:   00007ff9b400a000 00000000b9cac6d0
0x00007ff9bbff98a0:   00007ff9bbff9920 0000000000000000
0x00007ff9bbff98b0:   00000000b9cac6d0 00007ff9bbff9998
0x00007ff9bbff98c0:   00007ff9b400a000 00007ff9a0ccaac0
0x00007ff9bbff98d0:   00007ff9bbff9998 00007ff9b400a1d8
0x00007ff9bbff98e0:   00007ff9b400a000 00007ff9b101dcc3
0x00007ff9bbff98f0:   00000000b9cac6d0 0000000000000000
0x00007ff9bbff9900:   0000000000000000 0000000000000000
0x00007ff9bbff9910:   0000000000000000 00007ff9b1012c2d
0x00007ff9bbff9920:   00007ff9bbff9978 00007ff9b1012d98
0x00007ff9bbff9930:   00000000fffffffe 00007ff9bbff9938
0x00007ff9bbff9940:   00000000b9cac6d0 00007ff9bbff9998
0x00007ff9bbff9950:   00000000b9cacac0 0000000000000000
0x00007ff9bbff9960:   00000000b9cac6d0 0000000000000000
0x00007ff9bbff9970:   00007ff9bbff9998 00007ff9bbff99f0
0x00007ff9bbff9980:   00007ff9b10061d4 0000000000000000
0x00007ff9bbff9990:   00007ff9b100ecd6 00000000ec09a998
0x00007ff9bbff99a0:   00000000ec09b5b8 00000000ec01bd18
0x00007ff9bbff99b0:   00007ff9bbff99b0 00000000b9cac7d3
0x00007ff9bbff99c0:   00007ff9bbff9a08 00000000b9cacac0
0x00007ff9bbff99d0:   0000000000000000 00000000b9cac808
0x00007ff9bbff99e0:   00007ff9bbff9998 00007ff9bbff9a08
0x00007ff9bbff99f0:   00007ff9bbff9a70 00007ff9b10004e7
0x00007ff9bbff9a00:   00000000ec09a998 00000000ec09a218
0x00007ff9bbff9a10:   00007ff900001fa0 00007ff9bbff9ab0
0x00007ff9bbff9a20:   00007ff9bbff9cf0 00007ff9bbff9c30
0x00007ff9bbff9a30:   00007ff9b400a000 00007ff9b400aab0
0x00007ff9bbff9a40:   00007ff9bbff9af0 00007ff9bbff9cf8
0x00007ff9bbff9a50:   00007ff90000000a 00000000b9cac808
0x00007ff9bbff9a60:   00007ff9b1010360 00007ff9bbff9c38 

Instructions: (pc=0x00007ff9bb89aa0c)
0x00007ff9bb89a9ec:   53 48 83 ec 28 48 85 ff 48 89 74 24 10 89 54 24
0x00007ff9bb89a9fc:   1c 0f 84 4c 02 00 00 48 85 f6 0f 84 43 02 00 00
0x00007ff9bb89aa0c:   8b 11 48 89 cb 89 d0 41 89 d7 25 00 80 00 00 75
0x00007ff9bb89aa1c:   57 4c 8b 81 88 00 00 00 64 4c 8b 0c 25 10 00 00 

Register to memory mapping:

RAX=0x00007ff9bbff9900 is pointing into the stack for thread: 0x00007ff9b400a000
RBX=0x00000000b9cac6d0 is an oop
{method} 
 - klass: {other class}
RCX=0x0000000000000000 is an unknown value
RDX=0x000000000000000a is an unknown value
RSP=0x00007ff9bbff9870 is pointing into the stack for thread: 0x00007ff9b400a000
RBP=0x00007ff9bbff9920 is pointing into the stack for thread: 0x00007ff9b400a000
RSI=0x00007ff9bbff9908 is pointing into the stack for thread: 0x00007ff9b400a000
RDI=0x00007ff9bbff9900 is pointing into the stack for thread: 0x00007ff9b400a000
R8 =0x00007ff9bbffa700 is pointing into the stack for thread: 0x00007ff9b400a000
R9 =0x0000000000000000 is an unknown value
R10=0x0000000000000008 is an unknown value
R11=0x0000000000000000 is an unknown value
R12=0x00007ff9bbff9900 is pointing into the stack for thread: 0x00007ff9b400a000
R13=0x00000000b9cac6d0 is an oop
{method} 
 - klass: {other class}
R14=0x00007ff9bbff9998 is pointing into the stack for thread: 0x00007ff9b400a000
R15=0x00007ff9b400a000 is a thread


Stack: [0x00007ff9bbefa000,0x00007ff9bbffb000],  sp=0x00007ff9bbff9870,  free space=1022k
Native frames: (J=compiled Java code, j=interpreted, Vv=VM code, C=native code)
C  [libc.so.6+0x6fa0c]  getdelim+0x2c
j  view.Cpu.getBattery()I+0
j  view.Cpu.main([Ljava/lang/String;)V+51
v  ~StubRoutines::call_stub
V  [libjvm.so+0x5e8049]  JavaCalls::call_helper(JavaValue*, methodHandle*, JavaCallArguments*, Thread*)+0x339
V  [libjvm.so+0x5e7ae8]  JavaCalls::call(JavaValue*, methodHandle, JavaCallArguments*, Thread*)+0x28
V  [libjvm.so+0x5f6c1b]  jni_invoke_static(JNIEnv_*, JavaValue*, _jobject*, JNICallType, _jmethodID*, JNI_ArgumentPusher*, Thread*) [clone .isra.124] [clone .constprop.156]+0x28b
V  [libjvm.so+0x607e88]  jni_CallStaticVoidMethod+0x118
C  [libjli.so+0x31f9]

Java frames: (J=compiled Java code, j=interpreted, Vv=VM code)
j  view.Cpu.getBattery()I+0
j  view.Cpu.main([Ljava/lang/String;)V+51
v  ~StubRoutines::call_stub

---------------  P R O C E S S  ---------------

Java Threads: ( => current thread )
  0x00007ff9b40b0800 JavaThread "Service Thread" daemon [_thread_blocked, id=6250, stack(0x00007ff9a0fcd000,0x00007ff9a10ce000)]
  0x00007ff9b40ae000 JavaThread "C2 CompilerThread1" daemon [_thread_blocked, id=6249, stack(0x00007ff9a10ce000,0x00007ff9a11cf000)]
  0x00007ff9b40ab000 JavaThread "C2 CompilerThread0" daemon [_thread_blocked, id=6248, stack(0x00007ff9a11cf000,0x00007ff9a12d0000)]
  0x00007ff9b40a9000 JavaThread "Signal Dispatcher" daemon [_thread_blocked, id=6247, stack(0x00007ff9a12d0000,0x00007ff9a13d1000)]
  0x00007ff9b407b800 JavaThread "Finalizer" daemon [_thread_blocked, id=6246, stack(0x00007ff9a17cb000,0x00007ff9a18cc000)]
  0x00007ff9b4079800 JavaThread "Reference Handler" daemon [_thread_blocked, id=6245, stack(0x00007ff9a18cc000,0x00007ff9a19cd000)]
=>0x00007ff9b400a000 JavaThread "main" [_thread_in_native, id=6239, stack(0x00007ff9bbefa000,0x00007ff9bbffb000)]

Other Threads:
  0x00007ff9b4075800 VMThread [stack: 0x00007ff9a19cd000,0x00007ff9a1ace000] [id=6244]
  0x00007ff9b40bb000 WatcherThread [stack: 0x00007ff9a0ecc000,0x00007ff9a0fcd000] [id=6251]

VM state:not at safepoint (normal execution)

VM Mutex/Monitor currently owned by a thread: None

Heap
 PSYoungGen      total 17920K, used 921K [0x00000000ec000000, 0x00000000ed400000, 0x0000000100000000)
  eden space 15360K, 6% used [0x00000000ec000000,0x00000000ec0e6780,0x00000000ecf00000)
  from space 2560K, 0% used [0x00000000ed180000,0x00000000ed180000,0x00000000ed400000)
  to   space 2560K, 0% used [0x00000000ecf00000,0x00000000ecf00000,0x00000000ed180000)
 ParOldGen       total 40960K, used 0K [0x00000000c4000000, 0x00000000c6800000, 0x00000000ec000000)
  object space 40960K, 0% used [0x00000000c4000000,0x00000000c4000000,0x00000000c6800000)
 PSPermGen       total 21504K, used 2780K [0x00000000b9a00000, 0x00000000baf00000, 0x00000000c4000000)
  object space 21504K, 12% used [0x00000000b9a00000,0x00000000b9cb7360,0x00000000baf00000)

Card table byte_map: [0x00007ff9b8910000,0x00007ff9b8b44000] byte_map_base: 0x00007ff9b8343000

Polling page: 0x00007ff9bc01e000

Code Cache  [0x00007ff9b1000000, 0x00007ff9b1270000, 0x00007ff9b4000000)
 total_blobs=167 nmethods=0 adapters=136 free_code_cache=48773Kb largest_free_block=49944064

Compilation events (0 events):
No events

GC Heap History (0 events):
No events

Deoptimization events (0 events):
No events

Internal exceptions (5 events):
Event: 0,027 Thread 0x00007ff9b400a000 Threw 0x00000000ec00f0c8 at /build/buildd/openjdk-7-7u71-2.5.3/build/openjdk/hotspot/src/share/vm/prims/jni.cpp:3995
Event: 0,066 Thread 0x00007ff9b400a000 Threw 0x00000000ec047d00 at /build/buildd/openjdk-7-7u71-2.5.3/build/openjdk/hotspot/src/share/vm/prims/jni.cpp:721
Event: 0,066 Thread 0x00007ff9b400a000 Threw 0x00000000ec047e80 at /build/buildd/openjdk-7-7u71-2.5.3/build/openjdk/hotspot/src/share/vm/prims/jvm.cpp:1284
Event: 0,066 Thread 0x00007ff9b400a000 Threw 0x00000000ec047fa8 at /build/buildd/openjdk-7-7u71-2.5.3/build/openjdk/hotspot/src/share/vm/prims/jvm.cpp:1284
Event: 0,066 Thread 0x00007ff9b400a000 Threw 0x00000000ec049030 at /build/buildd/openjdk-7-7u71-2.5.3/build/openjdk/hotspot/src/share/vm/prims/jvm.cpp:1284

Events (10 events):
Event: 0,070 loading class 0x00007ff9b40c1ed0
Event: 0,070 loading class 0x00007ff9b40c1ed0 done
Event: 0,070 loading class 0x00007ff9b8104bc0
Event: 0,070 loading class 0x00007ff9b8104bc0 done
Event: 0,070 loading class 0x00007ff9b40c22d0
Event: 0,070 loading class 0x00007ff9b40c2330
Event: 0,070 loading class 0x00007ff9b40c2330 done
Event: 0,070 loading class 0x00007ff9b40c22d0 done
Event: 0,070 loading class 0x00007ff9b40c2300
Event: 0,070 loading class 0x00007ff9b40c2300 done


Dynamic libraries:
00400000-00401000 r-xp 00000000 08:07 11144553                           /usr/lib/jvm/java-7-openjdk-amd64/jre/bin/java
00600000-00601000 r--p 00000000 08:07 11144553                           /usr/lib/jvm/java-7-openjdk-amd64/jre/bin/java
00601000-00602000 rw-p 00001000 08:07 11144553                           /usr/lib/jvm/java-7-openjdk-amd64/jre/bin/java
02114000-02135000 rw-p 00000000 00:00 0                                  [heap]
b9a00000-baf00000 rw-p 00000000 00:00 0 
baf00000-c4000000 rw-p 00000000 00:00 0 
c4000000-c6800000 rw-p 00000000 00:00 0 
c6800000-ec000000 rw-p 00000000 00:00 0 
ec000000-ed400000 rw-p 00000000 00:00 0 
ed400000-100000000 rw-p 00000000 00:00 0 
7ff978000000-7ff978021000 rw-p 00000000 00:00 0 
7ff978021000-7ff97c000000 ---p 00000000 00:00 0 
7ff980000000-7ff980021000 rw-p 00000000 00:00 0 
7ff980021000-7ff984000000 ---p 00000000 00:00 0 
7ff984000000-7ff984021000 rw-p 00000000 00:00 0 
7ff984021000-7ff988000000 ---p 00000000 00:00 0 
7ff988000000-7ff988021000 rw-p 00000000 00:00 0 
7ff988021000-7ff98c000000 ---p 00000000 00:00 0 
7ff98c000000-7ff98c021000 rw-p 00000000 00:00 0 
7ff98c021000-7ff990000000 ---p 00000000 00:00 0 
7ff990000000-7ff990021000 rw-p 00000000 00:00 0 
7ff990021000-7ff994000000 ---p 00000000 00:00 0 
7ff994000000-7ff994021000 rw-p 00000000 00:00 0 
7ff994021000-7ff998000000 ---p 00000000 00:00 0 
7ff998000000-7ff998021000 rw-p 00000000 00:00 0 
7ff998021000-7ff99c000000 ---p 00000000 00:00 0 
7ff99c000000-7ff99c021000 rw-p 00000000 00:00 0 
7ff99c021000-7ff9a0000000 ---p 00000000 00:00 0 
7ff9a0a90000-7ff9a0cca000 rw-p 00000000 00:00 0 
7ff9a0cca000-7ff9a0ccb000 r-xp 00000000 08:07 11541603                   /home/mateusz/git/Lab1_RMI/src/view/dll.so
7ff9a0ccb000-7ff9a0eca000 ---p 00001000 08:07 11541603                   /home/mateusz/git/Lab1_RMI/src/view/dll.so
7ff9a0eca000-7ff9a0ecb000 r--p 00000000 08:07 11541603                   /home/mateusz/git/Lab1_RMI/src/view/dll.so
7ff9a0ecb000-7ff9a0ecc000 rw-p 00001000 08:07 11541603                   /home/mateusz/git/Lab1_RMI/src/view/dll.so
7ff9a0ecc000-7ff9a0ecd000 ---p 00000000 00:00 0 
7ff9a0ecd000-7ff9a0fcd000 rw-p 00000000 00:00 0                          [stack:6251]
7ff9a0fcd000-7ff9a0fd0000 ---p 00000000 00:00 0 
7ff9a0fd0000-7ff9a10ce000 rw-p 00000000 00:00 0                          [stack:6250]
7ff9a10ce000-7ff9a10d1000 ---p 00000000 00:00 0 
7ff9a10d1000-7ff9a11cf000 rw-p 00000000 00:00 0                          [stack:6249]
7ff9a11cf000-7ff9a11d2000 ---p 00000000 00:00 0 
7ff9a11d2000-7ff9a12d0000 rw-p 00000000 00:00 0                          [stack:6248]
7ff9a12d0000-7ff9a12d3000 ---p 00000000 00:00 0 
7ff9a12d3000-7ff9a13d1000 rw-p 00000000 00:00 0                          [stack:6247]
7ff9a13d1000-7ff9a17cb000 r--p 00000000 08:07 11016475                   /usr/lib/locale/locale-archive
7ff9a17cb000-7ff9a17ce000 ---p 00000000 00:00 0 
7ff9a17ce000-7ff9a18cc000 rw-p 00000000 00:00 0                          [stack:6246]
7ff9a18cc000-7ff9a18cf000 ---p 00000000 00:00 0 
7ff9a18cf000-7ff9a19cd000 rw-p 00000000 00:00 0                          [stack:6245]
7ff9a19cd000-7ff9a19ce000 ---p 00000000 00:00 0 
7ff9a19ce000-7ff9a4000000 rw-p 00000000 00:00 0                          [stack:6244]
7ff9a4000000-7ff9a4021000 rw-p 00000000 00:00 0 
7ff9a4021000-7ff9a8000000 ---p 00000000 00:00 0 
7ff9a8000000-7ff9a8021000 rw-p 00000000 00:00 0 
7ff9a8021000-7ff9ac000000 ---p 00000000 00:00 0 
7ff9ac000000-7ff9ac021000 rw-p 00000000 00:00 0 
7ff9ac021000-7ff9b0000000 ---p 00000000 00:00 0 
7ff9b009d000-7ff9b0e4f000 rw-p 00000000 00:00 0 
7ff9b0e4f000-7ff9b1000000 r--s 01d25000 08:07 11144524                   /usr/lib/jvm/java-7-openjdk-amd64/jre/lib/rt.jar
7ff9b1000000-7ff9b1270000 rwxp 00000000 00:00 0 
7ff9b1270000-7ff9b4109000 rw-p 00000000 00:00 0 
7ff9b4109000-7ff9b8000000 ---p 00000000 00:00 0 
7ff9b8004000-7ff9b8379000 rw-p 00000000 00:00 0 
7ff9b8379000-7ff9b837a000 ---p 00000000 00:00 0 
7ff9b837a000-7ff9b847a000 rw-p 00000000 00:00 0                          [stack:6243]
7ff9b847a000-7ff9b847b000 ---p 00000000 00:00 0 
7ff9b847b000-7ff9b857b000 rw-p 00000000 00:00 0                          [stack:6242]
7ff9b857b000-7ff9b857c000 ---p 00000000 00:00 0 
7ff9b857c000-7ff9b867c000 rw-p 00000000 00:00 0                          [stack:6241]
7ff9b867c000-7ff9b867d000 ---p 00000000 00:00 0 
7ff9b867d000-7ff9b8788000 rw-p 00000000 00:00 0                          [stack:6240]
7ff9b8788000-7ff9b87d0000 rw-p 00000000 00:00 0 
7ff9b87d0000-7ff9b87e4000 rw-p 00000000 00:00 0 
7ff9b87e4000-7ff9b8910000 rw-p 00000000 00:00 0 
7ff9b8910000-7ff9b891b000 rw-p 00000000 00:00 0 
7ff9b891b000-7ff9b8963000 rw-p 00000000 00:00 0 
7ff9b8963000-7ff9b8977000 rw-p 00000000 00:00 0 
7ff9b8977000-7ff9b8aa3000 rw-p 00000000 00:00 0 
7ff9b8aa3000-7ff9b8aad000 rw-p 00000000 00:00 0 
7ff9b8aad000-7ff9b8b43000 rw-p 00000000 00:00 0 
7ff9b8b43000-7ff9b8b44000 rw-p 00000000 00:00 0 
7ff9b8b44000-7ff9b8b4c000 r-xp 00000000 08:07 11143820                   /usr/lib/jvm/java-7-openjdk-amd64/jre/lib/amd64/libzip.so
7ff9b8b4c000-7ff9b8d4b000 ---p 00008000 08:07 11143820                   /usr/lib/jvm/java-7-openjdk-amd64/jre/lib/amd64/libzip.so
7ff9b8d4b000-7ff9b8d4c000 r--p 00007000 08:07 11143820                   /usr/lib/jvm/java-7-openjdk-amd64/jre/lib/amd64/libzip.so
7ff9b8d4c000-7ff9b8d4d000 rw-p 00008000 08:07 11143820                   /usr/lib/jvm/java-7-openjdk-amd64/jre/lib/amd64/libzip.so
7ff9b8d4d000-7ff9b8d58000 r-xp 00000000 08:07 3674506                    /lib/x86_64-linux-gnu/libnss_files-2.19.so
7ff9b8d58000-7ff9b8f57000 ---p 0000b000 08:07 3674506                    /lib/x86_64-linux-gnu/libnss_files-2.19.so
7ff9b8f57000-7ff9b8f58000 r--p 0000a000 08:07 3674506                    /lib/x86_64-linux-gnu/libnss_files-2.19.so
7ff9b8f58000-7ff9b8f59000 rw-p 0000b000 08:07 3674506                    /lib/x86_64-linux-gnu/libnss_files-2.19.so
7ff9b8f59000-7ff9b8f64000 r-xp 00000000 08:07 3674507                    /lib/x86_64-linux-gnu/libnss_nis-2.19.so
7ff9b8f64000-7ff9b9163000 ---p 0000b000 08:07 3674507                    /lib/x86_64-linux-gnu/libnss_nis-2.19.so
7ff9b9163000-7ff9b9164000 r--p 0000a000 08:07 3674507                    /lib/x86_64-linux-gnu/libnss_nis-2.19.so
7ff9b9164000-7ff9b9165000 rw-p 0000b000 08:07 3674507                    /lib/x86_64-linux-gnu/libnss_nis-2.19.so
7ff9b9165000-7ff9b917c000 r-xp 00000000 08:07 3674493                    /lib/x86_64-linux-gnu/libnsl-2.19.so
7ff9b917c000-7ff9b937b000 ---p 00017000 08:07 3674493                    /lib/x86_64-linux-gnu/libnsl-2.19.so
7ff9b937b000-7ff9b937c000 r--p 00016000 08:07 3674493                    /lib/x86_64-linux-gnu/libnsl-2.19.so
7ff9b937c000-7ff9b937d000 rw-p 00017000 08:07 3674493                    /lib/x86_64-linux-gnu/libnsl-2.19.so
7ff9b937d000-7ff9b937f000 rw-p 00000000 00:00 0 
7ff9b937f000-7ff9b9388000 r-xp 00000000 08:07 3674490                    /lib/x86_64-linux-gnu/libnss_compat-2.19.so
7ff9b9388000-7ff9b9587000 ---p 00009000 08:07 3674490                    /lib/x86_64-linux-gnu/libnss_compat-2.19.so
7ff9b9587000-7ff9b9588000 r--p 00008000 08:07 3674490                    /lib/x86_64-linux-gnu/libnss_compat-2.19.so
7ff9b9588000-7ff9b9589000 rw-p 00009000 08:07 3674490                    /lib/x86_64-linux-gnu/libnss_compat-2.19.so
7ff9b9589000-7ff9b95b4000 r-xp 00000000 08:07 11144124                   /usr/lib/jvm/java-7-openjdk-amd64/jre/lib/amd64/libjava.so
7ff9b95b4000-7ff9b97b3000 ---p 0002b000 08:07 11144124                   /usr/lib/jvm/java-7-openjdk-amd64/jre/lib/amd64/libjava.so
7ff9b97b3000-7ff9b97b4000 r--p 0002a000 08:07 11144124                   /usr/lib/jvm/java-7-openjdk-amd64/jre/lib/amd64/libjava.so
7ff9b97b4000-7ff9b97b6000 rw-p 0002b000 08:07 11144124                   /usr/lib/jvm/java-7-openjdk-amd64/jre/lib/amd64/libjava.so
7ff9b97b6000-7ff9b97c6000 r-xp 00000000 08:07 11144473                   /usr/lib/jvm/java-7-openjdk-amd64/jre/lib/amd64/libverify.so
7ff9b97c6000-7ff9b99c5000 ---p 00010000 08:07 11144473                   /usr/lib/jvm/java-7-openjdk-amd64/jre/lib/amd64/libverify.so
7ff9b99c5000-7ff9b99c7000 r--p 0000f000 08:07 11144473                   /usr/lib/jvm/java-7-openjdk-amd64/jre/lib/amd64/libverify.so
7ff9b99c7000-7ff9b99c8000 rw-p 00011000 08:07 11144473                   /usr/lib/jvm/java-7-openjdk-amd64/jre/lib/amd64/libverify.so
7ff9b99c8000-7ff9b99cf000 r-xp 00000000 08:07 3674495                    /lib/x86_64-linux-gnu/librt-2.19.so
7ff9b99cf000-7ff9b9bce000 ---p 00007000 08:07 3674495                    /lib/x86_64-linux-gnu/librt-2.19.so
7ff9b9bce000-7ff9b9bcf000 r--p 00006000 08:07 3674495                    /lib/x86_64-linux-gnu/librt-2.19.so
7ff9b9bcf000-7ff9b9bd0000 rw-p 00007000 08:07 3674495                    /lib/x86_64-linux-gnu/librt-2.19.so
7ff9b9bd0000-7ff9b9be6000 r-xp 00000000 08:07 3671105                    /lib/x86_64-linux-gnu/libgcc_s.so.1
7ff9b9be6000-7ff9b9de5000 ---p 00016000 08:07 3671105                    /lib/x86_64-linux-gnu/libgcc_s.so.1
7ff9b9de5000-7ff9b9de6000 rw-p 00015000 08:07 3671105                    /lib/x86_64-linux-gnu/libgcc_s.so.1
7ff9b9de6000-7ff9b9eeb000 r-xp 00000000 08:07 3674502                    /lib/x86_64-linux-gnu/libm-2.19.so
7ff9b9eeb000-7ff9ba0ea000 ---p 00105000 08:07 3674502                    /lib/x86_64-linux-gnu/libm-2.19.so
7ff9ba0ea000-7ff9ba0eb000 r--p 00104000 08:07 3674502                    /lib/x86_64-linux-gnu/libm-2.19.so
7ff9ba0eb000-7ff9ba0ec000 rw-p 00105000 08:07 3674502                    /lib/x86_64-linux-gnu/libm-2.19.so
7ff9ba0ec000-7ff9ba1d2000 r-xp 00000000 08:07 11018812                   /usr/lib/x86_64-linux-gnu/libstdc++.so.6.0.19
7ff9ba1d2000-7ff9ba3d1000 ---p 000e6000 08:07 11018812                   /usr/lib/x86_64-linux-gnu/libstdc++.so.6.0.19
7ff9ba3d1000-7ff9ba3d9000 r--p 000e5000 08:07 11018812                   /usr/lib/x86_64-linux-gnu/libstdc++.so.6.0.19
7ff9ba3d9000-7ff9ba3db000 rw-p 000ed000 08:07 11018812                   /usr/lib/x86_64-linux-gnu/libstdc++.so.6.0.19
7ff9ba3db000-7ff9ba3f0000 rw-p 00000000 00:00 0 
7ff9ba3f0000-7ff9baf06000 r-xp 00000000 08:07 11144483                   /usr/lib/jvm/java-7-openjdk-amd64/jre/lib/amd64/server/libjvm.so
7ff9baf06000-7ff9bb105000 ---p 00b16000 08:07 11144483                   /usr/lib/jvm/java-7-openjdk-amd64/jre/lib/amd64/server/libjvm.so
7ff9bb105000-7ff9bb19f000 r--p 00b15000 08:07 11144483                   /usr/lib/jvm/java-7-openjdk-amd64/jre/lib/amd64/server/libjvm.so
7ff9bb19f000-7ff9bb1c2000 rw-p 00baf000 08:07 11144483                   /usr/lib/jvm/java-7-openjdk-amd64/jre/lib/amd64/server/libjvm.so
7ff9bb1c2000-7ff9bb1f0000 rw-p 00000000 00:00 0 
7ff9bb1f0000-7ff9bb208000 r-xp 00000000 08:07 3674376                    /lib/x86_64-linux-gnu/libz.so.1.2.8
7ff9bb208000-7ff9bb407000 ---p 00018000 08:07 3674376                    /lib/x86_64-linux-gnu/libz.so.1.2.8
7ff9bb407000-7ff9bb408000 r--p 00017000 08:07 3674376                    /lib/x86_64-linux-gnu/libz.so.1.2.8
7ff9bb408000-7ff9bb409000 rw-p 00018000 08:07 3674376                    /lib/x86_64-linux-gnu/libz.so.1.2.8
7ff9bb409000-7ff9bb422000 r-xp 00000000 08:07 3674512                    /lib/x86_64-linux-gnu/libpthread-2.19.so
7ff9bb422000-7ff9bb621000 ---p 00019000 08:07 3674512                    /lib/x86_64-linux-gnu/libpthread-2.19.so
7ff9bb621000-7ff9bb622000 r--p 00018000 08:07 3674512                    /lib/x86_64-linux-gnu/libpthread-2.19.so
7ff9bb622000-7ff9bb623000 rw-p 00019000 08:07 3674512                    /lib/x86_64-linux-gnu/libpthread-2.19.so
7ff9bb623000-7ff9bb627000 rw-p 00000000 00:00 0 
7ff9bb627000-7ff9bb62a000 r-xp 00000000 08:07 3674511                    /lib/x86_64-linux-gnu/libdl-2.19.so
7ff9bb62a000-7ff9bb829000 ---p 00003000 08:07 3674511                    /lib/x86_64-linux-gnu/libdl-2.19.so
7ff9bb829000-7ff9bb82a000 r--p 00002000 08:07 3674511                    /lib/x86_64-linux-gnu/libdl-2.19.so
7ff9bb82a000-7ff9bb82b000 rw-p 00003000 08:07 3674511                    /lib/x86_64-linux-gnu/libdl-2.19.so
7ff9bb82b000-7ff9bb9e6000 r-xp 00000000 08:07 3674499                    /lib/x86_64-linux-gnu/libc-2.19.so
7ff9bb9e6000-7ff9bbbe6000 ---p 001bb000 08:07 3674499                    /lib/x86_64-linux-gnu/libc-2.19.so
7ff9bbbe6000-7ff9bbbea000 r--p 001bb000 08:07 3674499                    /lib/x86_64-linux-gnu/libc-2.19.so
7ff9bbbea000-7ff9bbbec000 rw-p 001bf000 08:07 3674499                    /lib/x86_64-linux-gnu/libc-2.19.so
7ff9bbbec000-7ff9bbbf1000 rw-p 00000000 00:00 0 
7ff9bbbf1000-7ff9bbbfe000 r-xp 00000000 08:07 11144120                   /usr/lib/jvm/java-7-openjdk-amd64/jre/lib/amd64/jli/libjli.so
7ff9bbbfe000-7ff9bbdfd000 ---p 0000d000 08:07 11144120                   /usr/lib/jvm/java-7-openjdk-amd64/jre/lib/amd64/jli/libjli.so
7ff9bbdfd000-7ff9bbdfe000 r--p 0000c000 08:07 11144120                   /usr/lib/jvm/java-7-openjdk-amd64/jre/lib/amd64/jli/libjli.so
7ff9bbdfe000-7ff9bbdff000 rw-p 0000d000 08:07 11144120                   /usr/lib/jvm/java-7-openjdk-amd64/jre/lib/amd64/jli/libjli.so
7ff9bbdff000-7ff9bbe22000 r-xp 00000000 08:07 3674500                    /lib/x86_64-linux-gnu/ld-2.19.so
7ff9bbe22000-7ff9bbe44000 rw-p 00000000 00:00 0 
7ff9bbe44000-7ff9bbefa000 rw-p 00000000 00:00 0 
7ff9bbefa000-7ff9bbefd000 ---p 00000000 00:00 0 
7ff9bbefd000-7ff9bc001000 rw-p 00000000 00:00 0                          [stack:6239]
7ff9bc001000-7ff9bc005000 r--s 00034000 08:07 11144522                   /usr/lib/jvm/java-7-openjdk-amd64/jre/lib/ext/sunjce_provider.jar
7ff9bc005000-7ff9bc009000 r--s 0003c000 08:07 11144520                   /usr/lib/jvm/java-7-openjdk-amd64/jre/lib/ext/sunpkcs11.jar
7ff9bc009000-7ff9bc00b000 r--s 00012000 08:07 11144519                   /usr/lib/jvm/java-7-openjdk-amd64/jre/lib/ext/zipfs.jar
7ff9bc00b000-7ff9bc00f000 r--s 00085000 08:07 11144521                   /usr/lib/jvm/java-7-openjdk-amd64/jre/lib/ext/localedata.jar
7ff9bc00f000-7ff9bc012000 r--s 0000f000 08:07 11144518                   /usr/lib/jvm/java-7-openjdk-amd64/jre/lib/ext/icedtea-sound.jar
7ff9bc012000-7ff9bc014000 r--s 00006000 08:07 11539886                   /usr/share/java/java-atk-wrapper.jar
7ff9bc014000-7ff9bc015000 r--s 00002000 08:07 11144523                   /usr/lib/jvm/java-7-openjdk-amd64/jre/lib/ext/dnsns.jar
7ff9bc015000-7ff9bc01d000 rw-s 00000000 08:07 10357099                   /tmp/hsperfdata_mateusz/6233
7ff9bc01d000-7ff9bc01e000 rw-p 00000000 00:00 0 
7ff9bc01e000-7ff9bc01f000 r--p 00000000 00:00 0 
7ff9bc01f000-7ff9bc021000 rw-p 00000000 00:00 0 
7ff9bc021000-7ff9bc022000 r--p 00022000 08:07 3674500                    /lib/x86_64-linux-gnu/ld-2.19.so
7ff9bc022000-7ff9bc023000 rw-p 00023000 08:07 3674500                    /lib/x86_64-linux-gnu/ld-2.19.so
7ff9bc023000-7ff9bc024000 rw-p 00000000 00:00 0 
7fff3232a000-7fff3234b000 rw-p 00000000 00:00 0                          [stack]
7fff32356000-7fff32358000 r-xp 00000000 00:00 0                          [vdso]
ffffffffff600000-ffffffffff601000 r-xp 00000000 00:00 0                  [vsyscall]

VM Arguments:
jvm_args: -Dfile.encoding=UTF-8 
java_command: view.Cpu
Launcher Type: SUN_STANDARD

Environment Variables:
PATH=/usr/local/sbin:/usr/local/bin:/usr/sbin:/usr/bin:/sbin:/bin:/usr/games:/usr/local/games
USERNAME=mateusz
SHELL=/bin/bash
DISPLAY=:0

Signal Handlers:
SIGSEGV: [libjvm.so+0x9495e0], sa_mask[0]=0x7ffbfeff, sa_flags=0x10000004
SIGBUS: [libjvm.so+0x9495e0], sa_mask[0]=0x7ffbfeff, sa_flags=0x10000004
SIGFPE: [libjvm.so+0x7c3410], sa_mask[0]=0x7ffbfeff, sa_flags=0x10000004
SIGPIPE: [libjvm.so+0x7c3410], sa_mask[0]=0x7ffbfeff, sa_flags=0x10000004
SIGXFSZ: [libjvm.so+0x7c3410], sa_mask[0]=0x7ffbfeff, sa_flags=0x10000004
SIGILL: [libjvm.so+0x7c3410], sa_mask[0]=0x7ffbfeff, sa_flags=0x10000004
SIGUSR1: SIG_DFL, sa_mask[0]=0x00000000, sa_flags=0x00000000
SIGUSR2: [libjvm.so+0x7c32b0], sa_mask[0]=0x00000004, sa_flags=0x10000004
SIGHUP: [libjvm.so+0x7c3490], sa_mask[0]=0x7ffbfeff, sa_flags=0x10000004
SIGINT: [libjvm.so+0x7c3490], sa_mask[0]=0x7ffbfeff, sa_flags=0x10000004
SIGTERM: [libjvm.so+0x7c3490], sa_mask[0]=0x7ffbfeff, sa_flags=0x10000004
SIGQUIT: [libjvm.so+0x7c3490], sa_mask[0]=0x7ffbfeff, sa_flags=0x10000004
SIGTRAP: SIG_DFL, sa_mask[0]=0x00000000, sa_flags=0x00000000


---------------  S Y S T E M  ---------------

OS:LinuxMint 17 (qiana)
uname:Linux 3.13.0-24-generic #47-Ubuntu SMP Fri May 2 23:30:00 UTC 2014 x86_64
libc:glibc 2.19 NPTL 2.19 
rlimit: STACK 8192k, CORE 0k, NPROC 30289, NOFILE 4096, AS infinity
load average:0,32 0,26 0,30

/proc/meminfo:
MemTotal:        3931284 kB
MemFree:          314116 kB
Buffers:          209368 kB
Cached:          1357440 kB
SwapCached:           20 kB
Active:          2354032 kB
Inactive:        1031380 kB
Active(anon):    1721880 kB
Inactive(anon):   252060 kB
Active(file):     632152 kB
Inactive(file):   779320 kB
Unevictable:           0 kB
Mlocked:               0 kB
SwapTotal:       3906556 kB
SwapFree:        3906512 kB
Dirty:               132 kB
Writeback:             0 kB
AnonPages:       1818592 kB
Mapped:           227248 kB
Shmem:            155340 kB
Slab:             144784 kB
SReclaimable:     118116 kB
SUnreclaim:        26668 kB
KernelStack:        3776 kB
PageTables:        23812 kB
NFS_Unstable:          0 kB
Bounce:                0 kB
WritebackTmp:          0 kB
CommitLimit:     5872196 kB
Committed_AS:    4014940 kB
VmallocTotal:   34359738367 kB
VmallocUsed:      348544 kB
VmallocChunk:   34359384028 kB
HardwareCorrupted:     0 kB
AnonHugePages:    956416 kB
HugePages_Total:       0
HugePages_Free:        0
HugePages_Rsvd:        0
HugePages_Surp:        0
Hugepagesize:       2048 kB
DirectMap4k:       65460 kB
DirectMap2M:     4012032 kB


CPU:total 4 (2 cores per cpu, 2 threads per core) family 6 model 58 stepping 9, cmov, cx8, fxsr, mmx, sse, sse2, sse3, ssse3, sse4.1, sse4.2, popcnt, avx, aes, erms, ht, tsc, tscinvbit, tscinv

/proc/cpuinfo:
processor	: 0
vendor_id	: GenuineIntel
cpu family	: 6
model		: 58
model name	: Intel(R) Core(TM) i5-3230M CPU @ 2.60GHz
stepping	: 9
microcode	: 0x12
cpu MHz		: 2601.000
cache size	: 3072 KB
physical id	: 0
siblings	: 4
core id		: 0
cpu cores	: 2
apicid		: 0
initial apicid	: 0
fpu		: yes
fpu_exception	: yes
cpuid level	: 13
wp		: yes
flags		: fpu vme de pse tsc msr pae mce cx8 apic sep mtrr pge mca cmov pat pse36 clflush dts acpi mmx fxsr sse sse2 ss ht tm pbe syscall nx rdtscp lm constant_tsc arch_perfmon pebs bts rep_good nopl xtopology nonstop_tsc aperfmperf eagerfpu pni pclmulqdq dtes64 monitor ds_cpl vmx est tm2 ssse3 cx16 xtpr pdcm pcid sse4_1 sse4_2 x2apic popcnt tsc_deadline_timer aes xsave avx f16c rdrand lahf_lm ida arat epb xsaveopt pln pts dtherm tpr_shadow vnmi flexpriority ept vpid fsgsbase smep erms
bogomips	: 5188.20
clflush size	: 64
cache_alignment	: 64
address sizes	: 36 bits physical, 48 bits virtual
power management:

processor	: 1
vendor_id	: GenuineIntel
cpu family	: 6
model		: 58
model name	: Intel(R) Core(TM) i5-3230M CPU @ 2.60GHz
stepping	: 9
microcode	: 0x12
cpu MHz		: 1200.000
cache size	: 3072 KB
physical id	: 0
siblings	: 4
core id		: 1
cpu cores	: 2
apicid		: 2
initial apicid	: 2
fpu		: yes
fpu_exception	: yes
cpuid level	: 13
wp		: yes
flags		: fpu vme de pse tsc msr pae mce cx8 apic sep mtrr pge mca cmov pat pse36 clflush dts acpi mmx fxsr sse sse2 ss ht tm pbe syscall nx rdtscp lm constant_tsc arch_perfmon pebs bts rep_good nopl xtopology nonstop_tsc aperfmperf eagerfpu pni pclmulqdq dtes64 monitor ds_cpl vmx est tm2 ssse3 cx16 xtpr pdcm pcid sse4_1 sse4_2 x2apic popcnt tsc_deadline_timer aes xsave avx f16c rdrand lahf_lm ida arat epb xsaveopt pln pts dtherm tpr_shadow vnmi flexpriority ept vpid fsgsbase smep erms
bogomips	: 5188.20
clflush size	: 64
cache_alignment	: 64
address sizes	: 36 bits physical, 48 bits virtual
power management:

processor	: 2
vendor_id	: GenuineIntel
cpu family	: 6
model		: 58
model name	: Intel(R) Core(TM) i5-3230M CPU @ 2.60GHz
stepping	: 9
microcode	: 0x12
cpu MHz		: 1200.000
cache size	: 3072 KB
physical id	: 0
siblings	: 4
core id		: 0
cpu cores	: 2
apicid		: 1
initial apicid	: 1
fpu		: yes
fpu_exception	: yes
cpuid level	: 13
wp		: yes
flags		: fpu vme de pse tsc msr pae mce cx8 apic sep mtrr pge mca cmov pat pse36 clflush dts acpi mmx fxsr sse sse2 ss ht tm pbe syscall nx rdtscp lm constant_tsc arch_perfmon pebs bts rep_good nopl xtopology nonstop_tsc aperfmperf eagerfpu pni pclmulqdq dtes64 monitor ds_cpl vmx est tm2 ssse3 cx16 xtpr pdcm pcid sse4_1 sse4_2 x2apic popcnt tsc_deadline_timer aes xsave avx f16c rdrand lahf_lm ida arat epb xsaveopt pln pts dtherm tpr_shadow vnmi flexpriority ept vpid fsgsbase smep erms
bogomips	: 5188.20
clflush size	: 64
cache_alignment	: 64
address sizes	: 36 bits physical, 48 bits virtual
power management:

processor	: 3
vendor_id	: GenuineIntel
cpu family	: 6
model		: 58
model name	: Intel(R) Core(TM) i5-3230M CPU @ 2.60GHz
stepping	: 9
microcode	: 0x12
cpu MHz		: 1200.000
cache size	: 3072 KB
physical id	: 0
siblings	: 4
core id		: 1
cpu cores	: 2
apicid		: 3
initial apicid	: 3
fpu		: yes
fpu_exception	: yes
cpuid level	: 13
wp		: yes
flags		: fpu vme de pse tsc msr pae mce cx8 apic sep mtrr pge mca cmov pat pse36 clflush dts acpi mmx fxsr sse sse2 ss ht tm pbe syscall nx rdtscp lm constant_tsc arch_perfmon pebs bts rep_good nopl xtopology nonstop_tsc aperfmperf eagerfpu pni pclmulqdq dtes64 monitor ds_cpl vmx est tm2 ssse3 cx16 xtpr pdcm pcid sse4_1 sse4_2 x2apic popcnt tsc_deadline_timer aes xsave avx f16c rdrand lahf_lm ida arat epb xsaveopt pln pts dtherm tpr_shadow vnmi flexpriority ept vpid fsgsbase smep erms
bogomips	: 5188.20
clflush size	: 64
cache_alignment	: 64
address sizes	: 36 bits physical, 48 bits virtual
power management:



Memory: 4k page, physical 3931284k(314116k free), swap 3906556k(3906512k free)

vm_info: OpenJDK 64-Bit Server VM (24.65-b04) for linux-amd64 JRE (1.7.0_65-b32), built on Oct 22 2014 04:37:44 by "buildd" with gcc 4.8.2

time: Thu Nov 13 00:49:30 2014
elapsed time: 0 seconds

