#
# A fatal error has been detected by the Java Runtime Environment:
#
#  SIGSEGV (0xb) at pc=0x00007f4f0acd0a0c, pid=6517, tid=139977468086016
#
# JRE version: OpenJDK Runtime Environment (7.0_65-b32) (build 1.7.0_65-b32)
# Java VM: OpenJDK 64-Bit Server VM (24.65-b04 mixed mode linux-amd64 compressed oops)
# Derivative: IcedTea 2.5.3
# Distribution: Ubuntu 14.04 LTS, package 7u71-2.5.3-0ubuntu0.14.04.1
# Problematic frame:
# C  [libc.so.6+0x6fa0c]  getdelim+0x2c
#
# Failed to write core dump. Core dumps have been disabled. To enable core dumping, try "ulimit -c unlimited" before starting Java again
#
# If you would like to submit a bug report, please include
# instructions on how to reproduce the bug and visit:
#   http://icedtea.classpath.org/bugzilla
# The crash happened outside the Java Virtual Machine in native code.
# See problematic frame for where to report the bug.
#

---------------  T H R E A D  ---------------

Current thread (0x00007f4f0400a000):  JavaThread "main" [_thread_in_native, id=6523, stack(0x00007f4f0b330000,0x00007f4f0b431000)]

siginfo:si_signo=SIGSEGV: si_errno=0, si_code=1 (SEGV_MAPERR), si_addr=0x0000000000000000

Registers:
RAX=0x00007f4f0b42f900, RBX=0x00000000b9cac6d0, RCX=0x0000000000000000, RDX=0x000000000000000a
RSP=0x00007f4f0b42f870, RBP=0x00007f4f0b42f920, RSI=0x00007f4f0b42f908, RDI=0x00007f4f0b42f900
R8 =0x00007f4f0b430700, R9 =0x0000000000000000, R10=0x0000000000000008, R11=0x0000000000000000
R12=0x00007f4f0b42f900, R13=0x00000000b9cac6d0, R14=0x00007f4f0b42f998, R15=0x00007f4f0400a000
RIP=0x00007f4f0acd0a0c, EFLAGS=0x0000000000010202, CSGSFS=0x0000000000000033, ERR=0x0000000000000004
  TRAPNO=0x000000000000000e

Top of Stack: (sp=0x00007f4f0b42f870)
0x00007f4f0b42f870:   00007f4efc3b9b9c 00007f4efc3b9b60
0x00007f4f0b42f880:   00007f4f0b42f908 0000000a0b42f998
0x00007f4f0b42f890:   00007f4f0400a000 00000000b9cac6d0
0x00007f4f0b42f8a0:   00007f4f0b42f920 0000000000000000
0x00007f4f0b42f8b0:   00000000b9cac6d0 00007f4f0b42f998
0x00007f4f0b42f8c0:   00007f4f0400a000 00007f4efc3b9b2c
0x00007f4f0b42f8d0:   00007f4f0b42f998 00007f4f0400a1d8
0x00007f4f0b42f8e0:   00007f4f0400a000 00007f4f00e14cc3
0x00007f4f0b42f8f0:   00000000b9cac6d0 0000000000000000
0x00007f4f0b42f900:   0000000000000000 0000000000000000
0x00007f4f0b42f910:   0000000000000000 00007f4f00e09c2d
0x00007f4f0b42f920:   00007f4f0b42f978 00007f4f00e09d98
0x00007f4f0b42f930:   00000000fffffffe 00007f4f0b42f938
0x00007f4f0b42f940:   00000000b9cac6d0 00007f4f0b42f998
0x00007f4f0b42f950:   00000000b9cacac0 0000000000000000
0x00007f4f0b42f960:   00000000b9cac6d0 0000000000000000
0x00007f4f0b42f970:   00007f4f0b42f998 00007f4f0b42f9f0
0x00007f4f0b42f980:   00007f4f00dfd1d4 0000000000000000
0x00007f4f0b42f990:   00007f4f00e05cd6 00000000ec09a998
0x00007f4f0b42f9a0:   00000000ec09b5b8 00000000ec01bd18
0x00007f4f0b42f9b0:   00007f4f0b42f9b0 00000000b9cac7d3
0x00007f4f0b42f9c0:   00007f4f0b42fa08 00000000b9cacac0
0x00007f4f0b42f9d0:   0000000000000000 00000000b9cac808
0x00007f4f0b42f9e0:   00007f4f0b42f998 00007f4f0b42fa08
0x00007f4f0b42f9f0:   00007f4f0b42fa70 00007f4f00df74e7
0x00007f4f0b42fa00:   00000000ec09a998 00000000ec09a218
0x00007f4f0b42fa10:   00007f4f00001fa0 00007f4f0b42fab0
0x00007f4f0b42fa20:   00007f4f0b42fcf0 00007f4f0b42fc30
0x00007f4f0b42fa30:   00007f4f0400a000 00007f4f0400aab0
0x00007f4f0b42fa40:   00007f4f0b42faf0 00007f4f0b42fcf8
0x00007f4f0b42fa50:   00007f4f0000000a 00000000b9cac808
0x00007f4f0b42fa60:   00007f4f00e07360 00007f4f0b42fc38 

Instructions: (pc=0x00007f4f0acd0a0c)
0x00007f4f0acd09ec:   53 48 83 ec 28 48 85 ff 48 89 74 24 10 89 54 24
0x00007f4f0acd09fc:   1c 0f 84 4c 02 00 00 48 85 f6 0f 84 43 02 00 00
0x00007f4f0acd0a0c:   8b 11 48 89 cb 89 d0 41 89 d7 25 00 80 00 00 75
0x00007f4f0acd0a1c:   57 4c 8b 81 88 00 00 00 64 4c 8b 0c 25 10 00 00 

Register to memory mapping:

RAX=0x00007f4f0b42f900 is pointing into the stack for thread: 0x00007f4f0400a000
RBX=0x00000000b9cac6d0 is an oop
{method} 
 - klass: {other class}
RCX=0x0000000000000000 is an unknown value
RDX=0x000000000000000a is an unknown value
RSP=0x00007f4f0b42f870 is pointing into the stack for thread: 0x00007f4f0400a000
RBP=0x00007f4f0b42f920 is pointing into the stack for thread: 0x00007f4f0400a000
RSI=0x00007f4f0b42f908 is pointing into the stack for thread: 0x00007f4f0400a000
RDI=0x00007f4f0b42f900 is pointing into the stack for thread: 0x00007f4f0400a000
R8 =0x00007f4f0b430700 is pointing into the stack for thread: 0x00007f4f0400a000
R9 =0x0000000000000000 is an unknown value
R10=0x0000000000000008 is an unknown value
R11=0x0000000000000000 is an unknown value
R12=0x00007f4f0b42f900 is pointing into the stack for thread: 0x00007f4f0400a000
R13=0x00000000b9cac6d0 is an oop
{method} 
 - klass: {other class}
R14=0x00007f4f0b42f998 is pointing into the stack for thread: 0x00007f4f0400a000
R15=0x00007f4f0400a000 is a thread


Stack: [0x00007f4f0b330000,0x00007f4f0b431000],  sp=0x00007f4f0b42f870,  free space=1022k
Native frames: (J=compiled Java code, j=interpreted, Vv=VM code, C=native code)
C  [libc.so.6+0x6fa0c]  getdelim+0x2c
j  view.Cpu.getBattery()I+0
j  view.Cpu.main([Ljava/lang/String;)V+51
v  ~StubRoutines::call_stub
V  [libjvm.so+0x5e8049]  JavaCalls::call_helper(JavaValue*, methodHandle*, JavaCallArguments*, Thread*)+0x339
V  [libjvm.so+0x5e7ae8]  JavaCalls::call(JavaValue*, methodHandle, JavaCallArguments*, Thread*)+0x28
V  [libjvm.so+0x5f6c1b]  jni_invoke_static(JNIEnv_*, JavaValue*, _jobject*, JNICallType, _jmethodID*, JNI_ArgumentPusher*, Thread*) [clone .isra.124] [clone .constprop.156]+0x28b
V  [libjvm.so+0x607e88]  jni_CallStaticVoidMethod+0x118
C  [libjli.so+0x31f9]

Java frames: (J=compiled Java code, j=interpreted, Vv=VM code)
j  view.Cpu.getBattery()I+0
j  view.Cpu.main([Ljava/lang/String;)V+51
v  ~StubRoutines::call_stub

---------------  P R O C E S S  ---------------

Java Threads: ( => current thread )
  0x00007f4f040b0800 JavaThread "Service Thread" daemon [_thread_blocked, id=6534, stack(0x00007f4efc6bc000,0x00007f4efc7bd000)]
  0x00007f4f040ae000 JavaThread "C2 CompilerThread1" daemon [_thread_blocked, id=6533, stack(0x00007f4efc7bd000,0x00007f4efc8be000)]
  0x00007f4f040ab000 JavaThread "C2 CompilerThread0" daemon [_thread_blocked, id=6532, stack(0x00007f4efc8be000,0x00007f4efc9bf000)]
  0x00007f4f040a9000 JavaThread "Signal Dispatcher" daemon [_thread_blocked, id=6531, stack(0x00007f4efc9bf000,0x00007f4efcac0000)]
  0x00007f4f0407b800 JavaThread "Finalizer" daemon [_thread_blocked, id=6530, stack(0x00007f4efceba000,0x00007f4efcfbb000)]
  0x00007f4f04079800 JavaThread "Reference Handler" daemon [_thread_blocked, id=6529, stack(0x00007f4efcfbb000,0x00007f4efd0bc000)]
=>0x00007f4f0400a000 JavaThread "main" [_thread_in_native, id=6523, stack(0x00007f4f0b330000,0x00007f4f0b431000)]

Other Threads:
  0x00007f4f04075800 VMThread [stack: 0x00007f4efd0bc000,0x00007f4efd1bd000] [id=6528]
  0x00007f4f040bb000 WatcherThread [stack: 0x00007f4efc5bb000,0x00007f4efc6bc000] [id=6535]

VM state:not at safepoint (normal execution)

VM Mutex/Monitor currently owned by a thread: None

Heap
 PSYoungGen      total 17920K, used 921K [0x00000000ec000000, 0x00000000ed400000, 0x0000000100000000)
  eden space 15360K, 6% used [0x00000000ec000000,0x00000000ec0e6780,0x00000000ecf00000)
  from space 2560K, 0% used [0x00000000ed180000,0x00000000ed180000,0x00000000ed400000)
  to   space 2560K, 0% used [0x00000000ecf00000,0x00000000ecf00000,0x00000000ed180000)
 ParOldGen       total 40960K, used 0K [0x00000000c4000000, 0x00000000c6800000, 0x00000000ec000000)
  object space 40960K, 0% used [0x00000000c4000000,0x00000000c4000000,0x00000000c6800000)
 PSPermGen       total 21504K, used 2780K [0x00000000b9a00000, 0x00000000baf00000, 0x00000000c4000000)
  object space 21504K, 12% used [0x00000000b9a00000,0x00000000b9cb7360,0x00000000baf00000)

Card table byte_map: [0x00007f4f00bc3000,0x00007f4f00df7000] byte_map_base: 0x00007f4f005f6000

Polling page: 0x00007f4f0b454000

Code Cache  [0x00007f4f00df7000, 0x00007f4f01067000, 0x00007f4f03df7000)
 total_blobs=167 nmethods=0 adapters=136 free_code_cache=48773Kb largest_free_block=49944064

Compilation events (0 events):
No events

GC Heap History (0 events):
No events

Deoptimization events (0 events):
No events

Internal exceptions (5 events):
Event: 0,050 Thread 0x00007f4f0400a000 Threw 0x00000000ec00f0c8 at /build/buildd/openjdk-7-7u71-2.5.3/build/openjdk/hotspot/src/share/vm/prims/jni.cpp:3995
Event: 0,098 Thread 0x00007f4f0400a000 Threw 0x00000000ec047d00 at /build/buildd/openjdk-7-7u71-2.5.3/build/openjdk/hotspot/src/share/vm/prims/jni.cpp:721
Event: 0,098 Thread 0x00007f4f0400a000 Threw 0x00000000ec047e80 at /build/buildd/openjdk-7-7u71-2.5.3/build/openjdk/hotspot/src/share/vm/prims/jvm.cpp:1284
Event: 0,098 Thread 0x00007f4f0400a000 Threw 0x00000000ec047fa8 at /build/buildd/openjdk-7-7u71-2.5.3/build/openjdk/hotspot/src/share/vm/prims/jvm.cpp:1284
Event: 0,099 Thread 0x00007f4f0400a000 Threw 0x00000000ec049030 at /build/buildd/openjdk-7-7u71-2.5.3/build/openjdk/hotspot/src/share/vm/prims/jvm.cpp:1284

Events (10 events):
Event: 0,103 loading class 0x00007f4f040c1ed0
Event: 0,103 loading class 0x00007f4f040c1ed0 done
Event: 0,103 loading class 0x00007f4efe422bc0
Event: 0,103 loading class 0x00007f4efe422bc0 done
Event: 0,103 loading class 0x00007f4f040c22d0
Event: 0,103 loading class 0x00007f4f040c2330
Event: 0,104 loading class 0x00007f4f040c2330 done
Event: 0,104 loading class 0x00007f4f040c22d0 done
Event: 0,104 loading class 0x00007f4f040c2300
Event: 0,104 loading class 0x00007f4f040c2300 done


Dynamic libraries:
00400000-00401000 r-xp 00000000 08:07 11144553                           /usr/lib/jvm/java-7-openjdk-amd64/jre/bin/java
00600000-00601000 r--p 00000000 08:07 11144553                           /usr/lib/jvm/java-7-openjdk-amd64/jre/bin/java
00601000-00602000 rw-p 00001000 08:07 11144553                           /usr/lib/jvm/java-7-openjdk-amd64/jre/bin/java
01775000-01796000 rw-p 00000000 00:00 0                                  [heap]
b9a00000-baf00000 rw-p 00000000 00:00 0 
baf00000-c4000000 rw-p 00000000 00:00 0 
c4000000-c6800000 rw-p 00000000 00:00 0 
c6800000-ec000000 rw-p 00000000 00:00 0 
ec000000-ed400000 rw-p 00000000 00:00 0 
ed400000-100000000 rw-p 00000000 00:00 0 
7f4ec8000000-7f4ec8021000 rw-p 00000000 00:00 0 
7f4ec8021000-7f4ecc000000 ---p 00000000 00:00 0 
7f4ecc000000-7f4ecc021000 rw-p 00000000 00:00 0 
7f4ecc021000-7f4ed0000000 ---p 00000000 00:00 0 
7f4ed0000000-7f4ed0021000 rw-p 00000000 00:00 0 
7f4ed0021000-7f4ed4000000 ---p 00000000 00:00 0 
7f4ed4000000-7f4ed4021000 rw-p 00000000 00:00 0 
7f4ed4021000-7f4ed8000000 ---p 00000000 00:00 0 
7f4ed8000000-7f4ed8021000 rw-p 00000000 00:00 0 
7f4ed8021000-7f4edc000000 ---p 00000000 00:00 0 
7f4edc000000-7f4edc021000 rw-p 00000000 00:00 0 
7f4edc021000-7f4ee0000000 ---p 00000000 00:00 0 
7f4ee0000000-7f4ee0021000 rw-p 00000000 00:00 0 
7f4ee0021000-7f4ee4000000 ---p 00000000 00:00 0 
7f4ee4000000-7f4ee4021000 rw-p 00000000 00:00 0 
7f4ee4021000-7f4ee8000000 ---p 00000000 00:00 0 
7f4ee8000000-7f4ee8021000 rw-p 00000000 00:00 0 
7f4ee8021000-7f4eec000000 ---p 00000000 00:00 0 
7f4eec000000-7f4eec021000 rw-p 00000000 00:00 0 
7f4eec021000-7f4ef0000000 ---p 00000000 00:00 0 
7f4ef0000000-7f4ef0021000 rw-p 00000000 00:00 0 
7f4ef0021000-7f4ef4000000 ---p 00000000 00:00 0 
7f4ef7dcd000-7f4ef8000000 rw-p 00000000 00:00 0 
7f4ef8000000-7f4ef8021000 rw-p 00000000 00:00 0 
7f4ef8021000-7f4efc000000 ---p 00000000 00:00 0 
7f4efc17f000-7f4efc3b9000 rw-p 00000000 00:00 0 
7f4efc3b9000-7f4efc3ba000 r-xp 00000000 08:07 11541603                   /home/mateusz/git/Lab1_RMI/src/view/dll.so
7f4efc3ba000-7f4efc5b9000 ---p 00001000 08:07 11541603                   /home/mateusz/git/Lab1_RMI/src/view/dll.so
7f4efc5b9000-7f4efc5ba000 r--p 00000000 08:07 11541603                   /home/mateusz/git/Lab1_RMI/src/view/dll.so
7f4efc5ba000-7f4efc5bb000 rw-p 00001000 08:07 11541603                   /home/mateusz/git/Lab1_RMI/src/view/dll.so
7f4efc5bb000-7f4efc5bc000 ---p 00000000 00:00 0 
7f4efc5bc000-7f4efc6bc000 rw-p 00000000 00:00 0                          [stack:6535]
7f4efc6bc000-7f4efc6bf000 ---p 00000000 00:00 0 
7f4efc6bf000-7f4efc7bd000 rw-p 00000000 00:00 0                          [stack:6534]
7f4efc7bd000-7f4efc7c0000 ---p 00000000 00:00 0 
7f4efc7c0000-7f4efc8be000 rw-p 00000000 00:00 0                          [stack:6533]
7f4efc8be000-7f4efc8c1000 ---p 00000000 00:00 0 
7f4efc8c1000-7f4efc9bf000 rw-p 00000000 00:00 0                          [stack:6532]
7f4efc9bf000-7f4efc9c2000 ---p 00000000 00:00 0 
7f4efc9c2000-7f4efcac0000 rw-p 00000000 00:00 0                          [stack:6531]
7f4efcac0000-7f4efceba000 r--p 00000000 08:07 11016475                   /usr/lib/locale/locale-archive
7f4efceba000-7f4efcebd000 ---p 00000000 00:00 0 
7f4efcebd000-7f4efcfbb000 rw-p 00000000 00:00 0                          [stack:6530]
7f4efcfbb000-7f4efcfbe000 ---p 00000000 00:00 0 
7f4efcfbe000-7f4efd0bc000 rw-p 00000000 00:00 0                          [stack:6529]
7f4efd0bc000-7f4efd0bd000 ---p 00000000 00:00 0 
7f4efd0bd000-7f4efe1ba000 rw-p 00000000 00:00 0                          [stack:6528]
7f4efe1ba000-7f4efe36b000 r--s 01d25000 08:07 11144524                   /usr/lib/jvm/java-7-openjdk-amd64/jre/lib/rt.jar
7f4efe36b000-7f4f0076c000 rw-p 00000000 00:00 0 
7f4f0076c000-7f4f0076d000 ---p 00000000 00:00 0 
7f4f0076d000-7f4f0086d000 rw-p 00000000 00:00 0                          [stack:6527]
7f4f0086d000-7f4f0086e000 ---p 00000000 00:00 0 
7f4f0086e000-7f4f0096e000 rw-p 00000000 00:00 0                          [stack:6526]
7f4f0096e000-7f4f0096f000 ---p 00000000 00:00 0 
7f4f0096f000-7f4f00a6f000 rw-p 00000000 00:00 0                          [stack:6525]
7f4f00a6f000-7f4f00a70000 ---p 00000000 00:00 0 
7f4f00a70000-7f4f00b7b000 rw-p 00000000 00:00 0                          [stack:6524]
7f4f00b7b000-7f4f00bc3000 rw-p 00000000 00:00 0 
7f4f00bc3000-7f4f00bce000 rw-p 00000000 00:00 0 
7f4f00bce000-7f4f00c16000 rw-p 00000000 00:00 0 
7f4f00c16000-7f4f00c2a000 rw-p 00000000 00:00 0 
7f4f00c2a000-7f4f00d56000 rw-p 00000000 00:00 0 
7f4f00d56000-7f4f00d60000 rw-p 00000000 00:00 0 
7f4f00d60000-7f4f00df6000 rw-p 00000000 00:00 0 
7f4f00df6000-7f4f00df7000 rw-p 00000000 00:00 0 
7f4f00df7000-7f4f01067000 rwxp 00000000 00:00 0 
7f4f01067000-7f4f03df7000 rw-p 00000000 00:00 0 
7f4f03df7000-7f4f03dff000 r-xp 00000000 08:07 11143820                   /usr/lib/jvm/java-7-openjdk-amd64/jre/lib/amd64/libzip.so
7f4f03dff000-7f4f03ffe000 ---p 00008000 08:07 11143820                   /usr/lib/jvm/java-7-openjdk-amd64/jre/lib/amd64/libzip.so
7f4f03ffe000-7f4f03fff000 r--p 00007000 08:07 11143820                   /usr/lib/jvm/java-7-openjdk-amd64/jre/lib/amd64/libzip.so
7f4f03fff000-7f4f04000000 rw-p 00008000 08:07 11143820                   /usr/lib/jvm/java-7-openjdk-amd64/jre/lib/amd64/libzip.so
7f4f04000000-7f4f04109000 rw-p 00000000 00:00 0 
7f4f04109000-7f4f08000000 ---p 00000000 00:00 0 
7f4f0801b000-7f4f08057000 rw-p 00000000 00:00 0 
7f4f08057000-7f4f08183000 rw-p 00000000 00:00 0 
7f4f08183000-7f4f0818e000 r-xp 00000000 08:07 3674506                    /lib/x86_64-linux-gnu/libnss_files-2.19.so
7f4f0818e000-7f4f0838d000 ---p 0000b000 08:07 3674506                    /lib/x86_64-linux-gnu/libnss_files-2.19.so
7f4f0838d000-7f4f0838e000 r--p 0000a000 08:07 3674506                    /lib/x86_64-linux-gnu/libnss_files-2.19.so
7f4f0838e000-7f4f0838f000 rw-p 0000b000 08:07 3674506                    /lib/x86_64-linux-gnu/libnss_files-2.19.so
7f4f0838f000-7f4f0839a000 r-xp 00000000 08:07 3674507                    /lib/x86_64-linux-gnu/libnss_nis-2.19.so
7f4f0839a000-7f4f08599000 ---p 0000b000 08:07 3674507                    /lib/x86_64-linux-gnu/libnss_nis-2.19.so
7f4f08599000-7f4f0859a000 r--p 0000a000 08:07 3674507                    /lib/x86_64-linux-gnu/libnss_nis-2.19.so
7f4f0859a000-7f4f0859b000 rw-p 0000b000 08:07 3674507                    /lib/x86_64-linux-gnu/libnss_nis-2.19.so
7f4f0859b000-7f4f085b2000 r-xp 00000000 08:07 3674493                    /lib/x86_64-linux-gnu/libnsl-2.19.so
7f4f085b2000-7f4f087b1000 ---p 00017000 08:07 3674493                    /lib/x86_64-linux-gnu/libnsl-2.19.so
7f4f087b1000-7f4f087b2000 r--p 00016000 08:07 3674493                    /lib/x86_64-linux-gnu/libnsl-2.19.so
7f4f087b2000-7f4f087b3000 rw-p 00017000 08:07 3674493                    /lib/x86_64-linux-gnu/libnsl-2.19.so
7f4f087b3000-7f4f087b5000 rw-p 00000000 00:00 0 
7f4f087b5000-7f4f087be000 r-xp 00000000 08:07 3674490                    /lib/x86_64-linux-gnu/libnss_compat-2.19.so
7f4f087be000-7f4f089bd000 ---p 00009000 08:07 3674490                    /lib/x86_64-linux-gnu/libnss_compat-2.19.so
7f4f089bd000-7f4f089be000 r--p 00008000 08:07 3674490                    /lib/x86_64-linux-gnu/libnss_compat-2.19.so
7f4f089be000-7f4f089bf000 rw-p 00009000 08:07 3674490                    /lib/x86_64-linux-gnu/libnss_compat-2.19.so
7f4f089bf000-7f4f089ea000 r-xp 00000000 08:07 11144124                   /usr/lib/jvm/java-7-openjdk-amd64/jre/lib/amd64/libjava.so
7f4f089ea000-7f4f08be9000 ---p 0002b000 08:07 11144124                   /usr/lib/jvm/java-7-openjdk-amd64/jre/lib/amd64/libjava.so
7f4f08be9000-7f4f08bea000 r--p 0002a000 08:07 11144124                   /usr/lib/jvm/java-7-openjdk-amd64/jre/lib/amd64/libjava.so
7f4f08bea000-7f4f08bec000 rw-p 0002b000 08:07 11144124                   /usr/lib/jvm/java-7-openjdk-amd64/jre/lib/amd64/libjava.so
7f4f08bec000-7f4f08bfc000 r-xp 00000000 08:07 11144473                   /usr/lib/jvm/java-7-openjdk-amd64/jre/lib/amd64/libverify.so
7f4f08bfc000-7f4f08dfb000 ---p 00010000 08:07 11144473                   /usr/lib/jvm/java-7-openjdk-amd64/jre/lib/amd64/libverify.so
7f4f08dfb000-7f4f08dfd000 r--p 0000f000 08:07 11144473                   /usr/lib/jvm/java-7-openjdk-amd64/jre/lib/amd64/libverify.so
7f4f08dfd000-7f4f08dfe000 rw-p 00011000 08:07 11144473                   /usr/lib/jvm/java-7-openjdk-amd64/jre/lib/amd64/libverify.so
7f4f08dfe000-7f4f08e05000 r-xp 00000000 08:07 3674495                    /lib/x86_64-linux-gnu/librt-2.19.so
7f4f08e05000-7f4f09004000 ---p 00007000 08:07 3674495                    /lib/x86_64-linux-gnu/librt-2.19.so
7f4f09004000-7f4f09005000 r--p 00006000 08:07 3674495                    /lib/x86_64-linux-gnu/librt-2.19.so
7f4f09005000-7f4f09006000 rw-p 00007000 08:07 3674495                    /lib/x86_64-linux-gnu/librt-2.19.so
7f4f09006000-7f4f0901c000 r-xp 00000000 08:07 3671105                    /lib/x86_64-linux-gnu/libgcc_s.so.1
7f4f0901c000-7f4f0921b000 ---p 00016000 08:07 3671105                    /lib/x86_64-linux-gnu/libgcc_s.so.1
7f4f0921b000-7f4f0921c000 rw-p 00015000 08:07 3671105                    /lib/x86_64-linux-gnu/libgcc_s.so.1
7f4f0921c000-7f4f09321000 r-xp 00000000 08:07 3674502                    /lib/x86_64-linux-gnu/libm-2.19.so
7f4f09321000-7f4f09520000 ---p 00105000 08:07 3674502                    /lib/x86_64-linux-gnu/libm-2.19.so
7f4f09520000-7f4f09521000 r--p 00104000 08:07 3674502                    /lib/x86_64-linux-gnu/libm-2.19.so
7f4f09521000-7f4f09522000 rw-p 00105000 08:07 3674502                    /lib/x86_64-linux-gnu/libm-2.19.so
7f4f09522000-7f4f09608000 r-xp 00000000 08:07 11018812                   /usr/lib/x86_64-linux-gnu/libstdc++.so.6.0.19
7f4f09608000-7f4f09807000 ---p 000e6000 08:07 11018812                   /usr/lib/x86_64-linux-gnu/libstdc++.so.6.0.19
7f4f09807000-7f4f0980f000 r--p 000e5000 08:07 11018812                   /usr/lib/x86_64-linux-gnu/libstdc++.so.6.0.19
7f4f0980f000-7f4f09811000 rw-p 000ed000 08:07 11018812                   /usr/lib/x86_64-linux-gnu/libstdc++.so.6.0.19
7f4f09811000-7f4f09826000 rw-p 00000000 00:00 0 
7f4f09826000-7f4f0a33c000 r-xp 00000000 08:07 11144483                   /usr/lib/jvm/java-7-openjdk-amd64/jre/lib/amd64/server/libjvm.so
7f4f0a33c000-7f4f0a53b000 ---p 00b16000 08:07 11144483                   /usr/lib/jvm/java-7-openjdk-amd64/jre/lib/amd64/server/libjvm.so
7f4f0a53b000-7f4f0a5d5000 r--p 00b15000 08:07 11144483                   /usr/lib/jvm/java-7-openjdk-amd64/jre/lib/amd64/server/libjvm.so
7f4f0a5d5000-7f4f0a5f8000 rw-p 00baf000 08:07 11144483                   /usr/lib/jvm/java-7-openjdk-amd64/jre/lib/amd64/server/libjvm.so
7f4f0a5f8000-7f4f0a626000 rw-p 00000000 00:00 0 
7f4f0a626000-7f4f0a63e000 r-xp 00000000 08:07 3674376                    /lib/x86_64-linux-gnu/libz.so.1.2.8
7f4f0a63e000-7f4f0a83d000 ---p 00018000 08:07 3674376                    /lib/x86_64-linux-gnu/libz.so.1.2.8
7f4f0a83d000-7f4f0a83e000 r--p 00017000 08:07 3674376                    /lib/x86_64-linux-gnu/libz.so.1.2.8
7f4f0a83e000-7f4f0a83f000 rw-p 00018000 08:07 3674376                    /lib/x86_64-linux-gnu/libz.so.1.2.8
7f4f0a83f000-7f4f0a858000 r-xp 00000000 08:07 3674512                    /lib/x86_64-linux-gnu/libpthread-2.19.so
7f4f0a858000-7f4f0aa57000 ---p 00019000 08:07 3674512                    /lib/x86_64-linux-gnu/libpthread-2.19.so
7f4f0aa57000-7f4f0aa58000 r--p 00018000 08:07 3674512                    /lib/x86_64-linux-gnu/libpthread-2.19.so
7f4f0aa58000-7f4f0aa59000 rw-p 00019000 08:07 3674512                    /lib/x86_64-linux-gnu/libpthread-2.19.so
7f4f0aa59000-7f4f0aa5d000 rw-p 00000000 00:00 0 
7f4f0aa5d000-7f4f0aa60000 r-xp 00000000 08:07 3674511                    /lib/x86_64-linux-gnu/libdl-2.19.so
7f4f0aa60000-7f4f0ac5f000 ---p 00003000 08:07 3674511                    /lib/x86_64-linux-gnu/libdl-2.19.so
7f4f0ac5f000-7f4f0ac60000 r--p 00002000 08:07 3674511                    /lib/x86_64-linux-gnu/libdl-2.19.so
7f4f0ac60000-7f4f0ac61000 rw-p 00003000 08:07 3674511                    /lib/x86_64-linux-gnu/libdl-2.19.so
7f4f0ac61000-7f4f0ae1c000 r-xp 00000000 08:07 3674499                    /lib/x86_64-linux-gnu/libc-2.19.so
7f4f0ae1c000-7f4f0b01c000 ---p 001bb000 08:07 3674499                    /lib/x86_64-linux-gnu/libc-2.19.so
7f4f0b01c000-7f4f0b020000 r--p 001bb000 08:07 3674499                    /lib/x86_64-linux-gnu/libc-2.19.so
7f4f0b020000-7f4f0b022000 rw-p 001bf000 08:07 3674499                    /lib/x86_64-linux-gnu/libc-2.19.so
7f4f0b022000-7f4f0b027000 rw-p 00000000 00:00 0 
7f4f0b027000-7f4f0b034000 r-xp 00000000 08:07 11144120                   /usr/lib/jvm/java-7-openjdk-amd64/jre/lib/amd64/jli/libjli.so
7f4f0b034000-7f4f0b233000 ---p 0000d000 08:07 11144120                   /usr/lib/jvm/java-7-openjdk-amd64/jre/lib/amd64/jli/libjli.so
7f4f0b233000-7f4f0b234000 r--p 0000c000 08:07 11144120                   /usr/lib/jvm/java-7-openjdk-amd64/jre/lib/amd64/jli/libjli.so
7f4f0b234000-7f4f0b235000 rw-p 0000d000 08:07 11144120                   /usr/lib/jvm/java-7-openjdk-amd64/jre/lib/amd64/jli/libjli.so
7f4f0b235000-7f4f0b258000 r-xp 00000000 08:07 3674500                    /lib/x86_64-linux-gnu/ld-2.19.so
7f4f0b258000-7f4f0b27a000 rw-p 00000000 00:00 0 
7f4f0b27a000-7f4f0b330000 rw-p 00000000 00:00 0 
7f4f0b330000-7f4f0b333000 ---p 00000000 00:00 0 
7f4f0b333000-7f4f0b437000 rw-p 00000000 00:00 0                          [stack:6523]
7f4f0b437000-7f4f0b43b000 r--s 00034000 08:07 11144522                   /usr/lib/jvm/java-7-openjdk-amd64/jre/lib/ext/sunjce_provider.jar
7f4f0b43b000-7f4f0b43f000 r--s 0003c000 08:07 11144520                   /usr/lib/jvm/java-7-openjdk-amd64/jre/lib/ext/sunpkcs11.jar
7f4f0b43f000-7f4f0b441000 r--s 00012000 08:07 11144519                   /usr/lib/jvm/java-7-openjdk-amd64/jre/lib/ext/zipfs.jar
7f4f0b441000-7f4f0b445000 r--s 00085000 08:07 11144521                   /usr/lib/jvm/java-7-openjdk-amd64/jre/lib/ext/localedata.jar
7f4f0b445000-7f4f0b448000 r--s 0000f000 08:07 11144518                   /usr/lib/jvm/java-7-openjdk-amd64/jre/lib/ext/icedtea-sound.jar
7f4f0b448000-7f4f0b44a000 r--s 00006000 08:07 11539886                   /usr/share/java/java-atk-wrapper.jar
7f4f0b44a000-7f4f0b44b000 r--s 00002000 08:07 11144523                   /usr/lib/jvm/java-7-openjdk-amd64/jre/lib/ext/dnsns.jar
7f4f0b44b000-7f4f0b453000 rw-s 00000000 08:07 10357099                   /tmp/hsperfdata_mateusz/6517
7f4f0b453000-7f4f0b454000 rw-p 00000000 00:00 0 
7f4f0b454000-7f4f0b455000 r--p 00000000 00:00 0 
7f4f0b455000-7f4f0b457000 rw-p 00000000 00:00 0 
7f4f0b457000-7f4f0b458000 r--p 00022000 08:07 3674500                    /lib/x86_64-linux-gnu/ld-2.19.so
7f4f0b458000-7f4f0b459000 rw-p 00023000 08:07 3674500                    /lib/x86_64-linux-gnu/ld-2.19.so
7f4f0b459000-7f4f0b45a000 rw-p 00000000 00:00 0 
7fff1ba72000-7fff1ba93000 rw-p 00000000 00:00 0                          [stack]
7fff1bae2000-7fff1bae4000 r-xp 00000000 00:00 0                          [vdso]
ffffffffff600000-ffffffffff601000 r-xp 00000000 00:00 0                  [vsyscall]

VM Arguments:
jvm_args: -Dfile.encoding=UTF-8 
java_command: view.Cpu
Launcher Type: SUN_STANDARD

Environment Variables:
PATH=/usr/local/sbin:/usr/local/bin:/usr/sbin:/usr/bin:/sbin:/bin:/usr/games:/usr/local/games
USERNAME=mateusz
SHELL=/bin/bash
DISPLAY=:0

Signal Handlers:
SIGSEGV: [libjvm.so+0x9495e0], sa_mask[0]=0x7ffbfeff, sa_flags=0x10000004
SIGBUS: [libjvm.so+0x9495e0], sa_mask[0]=0x7ffbfeff, sa_flags=0x10000004
SIGFPE: [libjvm.so+0x7c3410], sa_mask[0]=0x7ffbfeff, sa_flags=0x10000004
SIGPIPE: [libjvm.so+0x7c3410], sa_mask[0]=0x7ffbfeff, sa_flags=0x10000004
SIGXFSZ: [libjvm.so+0x7c3410], sa_mask[0]=0x7ffbfeff, sa_flags=0x10000004
SIGILL: [libjvm.so+0x7c3410], sa_mask[0]=0x7ffbfeff, sa_flags=0x10000004
SIGUSR1: SIG_DFL, sa_mask[0]=0x00000000, sa_flags=0x00000000
SIGUSR2: [libjvm.so+0x7c32b0], sa_mask[0]=0x00000004, sa_flags=0x10000004
SIGHUP: [libjvm.so+0x7c3490], sa_mask[0]=0x7ffbfeff, sa_flags=0x10000004
SIGINT: [libjvm.so+0x7c3490], sa_mask[0]=0x7ffbfeff, sa_flags=0x10000004
SIGTERM: [libjvm.so+0x7c3490], sa_mask[0]=0x7ffbfeff, sa_flags=0x10000004
SIGQUIT: [libjvm.so+0x7c3490], sa_mask[0]=0x7ffbfeff, sa_flags=0x10000004
SIGTRAP: SIG_DFL, sa_mask[0]=0x00000000, sa_flags=0x00000000


---------------  S Y S T E M  ---------------

OS:LinuxMint 17 (qiana)
uname:Linux 3.13.0-24-generic #47-Ubuntu SMP Fri May 2 23:30:00 UTC 2014 x86_64
libc:glibc 2.19 NPTL 2.19 
rlimit: STACK 8192k, CORE 0k, NPROC 30289, NOFILE 4096, AS infinity
load average:0,59 0,45 0,37

/proc/meminfo:
MemTotal:        3931284 kB
MemFree:          267420 kB
Buffers:          210156 kB
Cached:          1355196 kB
SwapCached:           20 kB
Active:          2403352 kB
Inactive:        1028952 kB
Active(anon):    1770112 kB
Inactive(anon):   248592 kB
Active(file):     633240 kB
Inactive(file):   780360 kB
Unevictable:           0 kB
Mlocked:               0 kB
SwapTotal:       3906556 kB
SwapFree:        3906512 kB
Dirty:                60 kB
Writeback:             0 kB
AnonPages:       1866904 kB
Mapped:           230236 kB
Shmem:            151756 kB
Slab:             145216 kB
SReclaimable:     118380 kB
SUnreclaim:        26836 kB
KernelStack:        3912 kB
PageTables:        24112 kB
NFS_Unstable:          0 kB
Bounce:                0 kB
WritebackTmp:          0 kB
CommitLimit:     5872196 kB
Committed_AS:    4061788 kB
VmallocTotal:   34359738367 kB
VmallocUsed:      348576 kB
VmallocChunk:   34359384028 kB
HardwareCorrupted:     0 kB
AnonHugePages:    987136 kB
HugePages_Total:       0
HugePages_Free:        0
HugePages_Rsvd:        0
HugePages_Surp:        0
Hugepagesize:       2048 kB
DirectMap4k:       65460 kB
DirectMap2M:     4012032 kB


CPU:total 4 (2 cores per cpu, 2 threads per core) family 6 model 58 stepping 9, cmov, cx8, fxsr, mmx, sse, sse2, sse3, ssse3, sse4.1, sse4.2, popcnt, avx, aes, erms, ht, tsc, tscinvbit, tscinv

/proc/cpuinfo:
processor	: 0
vendor_id	: GenuineIntel
cpu family	: 6
model		: 58
model name	: Intel(R) Core(TM) i5-3230M CPU @ 2.60GHz
stepping	: 9
microcode	: 0x12
cpu MHz		: 2601.000
cache size	: 3072 KB
physical id	: 0
siblings	: 4
core id		: 0
cpu cores	: 2
apicid		: 0
initial apicid	: 0
fpu		: yes
fpu_exception	: yes
cpuid level	: 13
wp		: yes
flags		: fpu vme de pse tsc msr pae mce cx8 apic sep mtrr pge mca cmov pat pse36 clflush dts acpi mmx fxsr sse sse2 ss ht tm pbe syscall nx rdtscp lm constant_tsc arch_perfmon pebs bts rep_good nopl xtopology nonstop_tsc aperfmperf eagerfpu pni pclmulqdq dtes64 monitor ds_cpl vmx est tm2 ssse3 cx16 xtpr pdcm pcid sse4_1 sse4_2 x2apic popcnt tsc_deadline_timer aes xsave avx f16c rdrand lahf_lm ida arat epb xsaveopt pln pts dtherm tpr_shadow vnmi flexpriority ept vpid fsgsbase smep erms
bogomips	: 5188.20
clflush size	: 64
cache_alignment	: 64
address sizes	: 36 bits physical, 48 bits virtual
power management:

processor	: 1
vendor_id	: GenuineIntel
cpu family	: 6
model		: 58
model name	: Intel(R) Core(TM) i5-3230M CPU @ 2.60GHz
stepping	: 9
microcode	: 0x12
cpu MHz		: 2300.000
cache size	: 3072 KB
physical id	: 0
siblings	: 4
core id		: 1
cpu cores	: 2
apicid		: 2
initial apicid	: 2
fpu		: yes
fpu_exception	: yes
cpuid level	: 13
wp		: yes
flags		: fpu vme de pse tsc msr pae mce cx8 apic sep mtrr pge mca cmov pat pse36 clflush dts acpi mmx fxsr sse sse2 ss ht tm pbe syscall nx rdtscp lm constant_tsc arch_perfmon pebs bts rep_good nopl xtopology nonstop_tsc aperfmperf eagerfpu pni pclmulqdq dtes64 monitor ds_cpl vmx est tm2 ssse3 cx16 xtpr pdcm pcid sse4_1 sse4_2 x2apic popcnt tsc_deadline_timer aes xsave avx f16c rdrand lahf_lm ida arat epb xsaveopt pln pts dtherm tpr_shadow vnmi flexpriority ept vpid fsgsbase smep erms
bogomips	: 5188.20
clflush size	: 64
cache_alignment	: 64
address sizes	: 36 bits physical, 48 bits virtual
power management:

processor	: 2
vendor_id	: GenuineIntel
cpu family	: 6
model		: 58
model name	: Intel(R) Core(TM) i5-3230M CPU @ 2.60GHz
stepping	: 9
microcode	: 0x12
cpu MHz		: 1200.000
cache size	: 3072 KB
physical id	: 0
siblings	: 4
core id		: 0
cpu cores	: 2
apicid		: 1
initial apicid	: 1
fpu		: yes
fpu_exception	: yes
cpuid level	: 13
wp		: yes
flags		: fpu vme de pse tsc msr pae mce cx8 apic sep mtrr pge mca cmov pat pse36 clflush dts acpi mmx fxsr sse sse2 ss ht tm pbe syscall nx rdtscp lm constant_tsc arch_perfmon pebs bts rep_good nopl xtopology nonstop_tsc aperfmperf eagerfpu pni pclmulqdq dtes64 monitor ds_cpl vmx est tm2 ssse3 cx16 xtpr pdcm pcid sse4_1 sse4_2 x2apic popcnt tsc_deadline_timer aes xsave avx f16c rdrand lahf_lm ida arat epb xsaveopt pln pts dtherm tpr_shadow vnmi flexpriority ept vpid fsgsbase smep erms
bogomips	: 5188.20
clflush size	: 64
cache_alignment	: 64
address sizes	: 36 bits physical, 48 bits virtual
power management:

processor	: 3
vendor_id	: GenuineIntel
cpu family	: 6
model		: 58
model name	: Intel(R) Core(TM) i5-3230M CPU @ 2.60GHz
stepping	: 9
microcode	: 0x12
cpu MHz		: 2400.000
cache size	: 3072 KB
physical id	: 0
siblings	: 4
core id		: 1
cpu cores	: 2
apicid		: 3
initial apicid	: 3
fpu		: yes
fpu_exception	: yes
cpuid level	: 13
wp		: yes
flags		: fpu vme de pse tsc msr pae mce cx8 apic sep mtrr pge mca cmov pat pse36 clflush dts acpi mmx fxsr sse sse2 ss ht tm pbe syscall nx rdtscp lm constant_tsc arch_perfmon pebs bts rep_good nopl xtopology nonstop_tsc aperfmperf eagerfpu pni pclmulqdq dtes64 monitor ds_cpl vmx est tm2 ssse3 cx16 xtpr pdcm pcid sse4_1 sse4_2 x2apic popcnt tsc_deadline_timer aes xsave avx f16c rdrand lahf_lm ida arat epb xsaveopt pln pts dtherm tpr_shadow vnmi flexpriority ept vpid fsgsbase smep erms
bogomips	: 5188.20
clflush size	: 64
cache_alignment	: 64
address sizes	: 36 bits physical, 48 bits virtual
power management:



Memory: 4k page, physical 3931284k(267172k free), swap 3906556k(3906512k free)

vm_info: OpenJDK 64-Bit Server VM (24.65-b04) for linux-amd64 JRE (1.7.0_65-b32), built on Oct 22 2014 04:37:44 by "buildd" with gcc 4.8.2

time: Thu Nov 13 00:58:17 2014
elapsed time: 0 seconds

