#
# A fatal error has been detected by the Java Runtime Environment:
#
#  SIGSEGV (0xb) at pc=0x00007f947840ac71, pid=7550, tid=140275672463104
#
# JRE version: OpenJDK Runtime Environment (7.0_65-b32) (build 1.7.0_65-b32)
# Java VM: OpenJDK 64-Bit Server VM (24.65-b04 mixed mode linux-amd64 compressed oops)
# Derivative: IcedTea 2.5.3
# Distribution: Ubuntu 14.04 LTS, package 7u71-2.5.3-0ubuntu0.14.04.1
# Problematic frame:
# V  [libjvm.so+0x609c71]  JNI_ArgumentPusherVaArg::JNI_ArgumentPusherVaArg(_jmethodID*, __va_list_tag*)+0x11
#
# Failed to write core dump. Core dumps have been disabled. To enable core dumping, try "ulimit -c unlimited" before starting Java again
#
# If you would like to submit a bug report, please include
# instructions on how to reproduce the bug and visit:
#   http://icedtea.classpath.org/bugzilla
#

---------------  T H R E A D  ---------------

Current thread (0x00007f947000a000):  JavaThread "main" [_thread_in_vm, id=7556, stack(0x00007f947990b000,0x00007f9479a0c000)]

siginfo:si_signo=SIGSEGV: si_errno=0, si_code=1 (SEGV_MAPERR), si_addr=0x0000000000000000

Registers:
RAX=0x00007f9479a0a7f0, RBX=0x00007f9479a0a7b0, RCX=0x0000000000000013, RDX=0x00007f9479a0a778
RSP=0x00007f9479a0a730, RBP=0x00007f9479a0a750, RSI=0x0000000000000000, RDI=0x00007f9479a0a7b0
R8 =0x00007f9478404230, R9 =0x746f7073746f682f, R10=0x00007f94795f9fe0, R11=0x0000000000000000
R12=0x00007f9479a0a778, R13=0x00007f947000a1d8, R14=0x0000000000000000, R15=0x00007f9479a0a7b0
RIP=0x00007f947840ac71, EFLAGS=0x0000000000010206, CSGSFS=0x0000000000000033, ERR=0x0000000000000004
  TRAPNO=0x000000000000000e

Top of Stack: (sp=0x00007f9479a0a730)
0x00007f9479a0a730:   00007f9470076da0 00007f947000a1d8
0x00007f9479a0a740:   00007f947000a000 00007f9470076e30
0x00007f9479a0a750:   00007f9479a0a8d0 00007f947840439e
0x00007f9479a0a760:   00007f940000000e 00007f9478bdc543
0x00007f9479a0a770:   00000000ec09bbe8 0000003000000018
0x00007f9479a0a780:   00007f9479a0a8e0 00007f9479a0a7f0
0x00007f9479a0a790:   00007f947000a000 00007f947000aab8
0x00007f9479a0a7a0:   0020003100000db9 00007f94787946d8
0x00007f9479a0a7b0:   00007f9479a0a798 0000000800000002
0x00007f9479a0a7c0:   0000000000000001 00007f9479a0b700
0x00007f9479a0a7d0:   00007f9479a0a800 00007f9478305044
0x00007f9479a0a7e0:   00007f947000a000 00007f947000a000
0x00007f9479a0a7f0:   00007f9475ad4dc0 00007f94787946d8
0x00007f9479a0a800:   00007f9479a0a850 00007f9470076da8
0x00007f9479a0a810:   00007f9478404230 746f7073746f682f
0x00007f9479a0a820:   00007f9470101220 00007f947000a000
0x00007f9479a0a830:   000000000000000f 00007f9479a0a880
0x00007f9479a0a840:   00007f947000a000 00007f947000a000
0x00007f9479a0a850:   00007f9479a0a8d0 00007f94784025c0
0x00007f9479a0a860:   00007f947000a000 0000000000000000
0x00007f9479a0a870:   00007f947000a000 00007f947000a000
0x00007f9479a0a880:   00007f9479003531 00007f94783fab56
0x00007f9479a0a890:   00007f947000a000 49df6aad93062100
0x00007f9479a0a8a0:   00007f946c9f9d5b 00000000b9cac728
0x00007f9479a0a8b0:   0000000000000000 00000000b9cac728
0x00007f9479a0a8c0:   00007f9479a0a998 00007f947000a000
0x00007f9479a0a8d0:   00007f9479a0a920 00007f946c9f9cc4
0x00007f9479a0a8e0:   00007f9479a0a998 00007f947000a1d8
0x00007f9479a0a8f0:   00000000b9cac728 0000000f00000000
0x00007f9479a0a900:   00007f9470101220 0000000000000078
0x00007f9479a0a910:   00007f9470100fe0 0000000000000006
0x00007f9479a0a920:   00007f9479a0a978 00007f946d012d98 

Instructions: (pc=0x00007f947840ac71)
0x00007f947840ac51:   89 42 10 48 8b 43 20 48 83 c4 08 5b 5d c3 90 55
0x00007f947840ac61:   48 89 e5 41 54 49 89 d4 53 48 89 fb 48 83 ec 10
0x00007f947840ac71:   48 8b 06 48 8b 40 10 0f b7 50 3a 48 8b 70 20 0f
0x00007f947840ac81:   b7 c2 48 8d 4c c6 40 48 8b 39 48 89 7d e8 48 8b 

Register to memory mapping:

RAX=0x00007f9479a0a7f0 is pointing into the stack for thread: 0x00007f947000a000
RBX=0x00007f9479a0a7b0 is pointing into the stack for thread: 0x00007f947000a000
RCX=0x0000000000000013 is an unknown value
RDX=0x00007f9479a0a778 is pointing into the stack for thread: 0x00007f947000a000
RSP=0x00007f9479a0a730 is pointing into the stack for thread: 0x00007f947000a000
RBP=0x00007f9479a0a750 is pointing into the stack for thread: 0x00007f947000a000
RSI=0x0000000000000000 is an unknown value
RDI=0x00007f9479a0a7b0 is pointing into the stack for thread: 0x00007f947000a000
R8 =0x00007f9478404230: <offset 0x603230> in /usr/lib/jvm/java-7-openjdk-amd64/jre/lib/amd64/server/libjvm.so at 0x00007f9477e01000
R9 =0x746f7073746f682f is an unknown value
R10=0x00007f94795f9fe0: <offset 0x3bdfe0> in /lib/x86_64-linux-gnu/libc.so.6 at 0x00007f947923c000
R11=0x0000000000000000 is an unknown value
R12=0x00007f9479a0a778 is pointing into the stack for thread: 0x00007f947000a000
R13=0x00007f947000a1d8 is an unknown value
R14=0x0000000000000000 is an unknown value
R15=0x00007f9479a0a7b0 is pointing into the stack for thread: 0x00007f947000a000


Stack: [0x00007f947990b000,0x00007f9479a0c000],  sp=0x00007f9479a0a730,  free space=1021k
Native frames: (J=compiled Java code, j=interpreted, Vv=VM code, C=native code)
V  [libjvm.so+0x609c71]  JNI_ArgumentPusherVaArg::JNI_ArgumentPusherVaArg(_jmethodID*, __va_list_tag*)+0x11
V  [libjvm.so+0x60339e]  jni_NewObject+0x16e
C  [dll.so+0xcc4]  Java_view_Cpu_getFileS+0x12c
j  view.Cpu.getFileS()[Ljava/lang/String;+0
j  view.Cpu.main([Ljava/lang/String;)V+76
v  ~StubRoutines::call_stub
V  [libjvm.so+0x5e8049]  JavaCalls::call_helper(JavaValue*, methodHandle*, JavaCallArguments*, Thread*)+0x339
V  [libjvm.so+0x5e7ae8]  JavaCalls::call(JavaValue*, methodHandle, JavaCallArguments*, Thread*)+0x28
V  [libjvm.so+0x5f6c1b]  jni_invoke_static(JNIEnv_*, JavaValue*, _jobject*, JNICallType, _jmethodID*, JNI_ArgumentPusher*, Thread*) [clone .isra.124] [clone .constprop.156]+0x28b
V  [libjvm.so+0x607e88]  jni_CallStaticVoidMethod+0x118
C  [libjli.so+0x31f9]

Java frames: (J=compiled Java code, j=interpreted, Vv=VM code)
j  view.Cpu.getFileS()[Ljava/lang/String;+0
j  view.Cpu.main([Ljava/lang/String;)V+76
v  ~StubRoutines::call_stub

---------------  P R O C E S S  ---------------

Java Threads: ( => current thread )
  0x00007f94700b0000 JavaThread "Service Thread" daemon [_thread_blocked, id=7567, stack(0x00007f946ccfd000,0x00007f946cdfe000)]
  0x00007f94700ae000 JavaThread "C2 CompilerThread1" daemon [_thread_blocked, id=7566, stack(0x00007f946cdfe000,0x00007f946ceff000)]
  0x00007f94700ab000 JavaThread "C2 CompilerThread0" daemon [_thread_blocked, id=7565, stack(0x00007f946ceff000,0x00007f946d000000)]
  0x00007f94700a9000 JavaThread "Signal Dispatcher" daemon [_thread_blocked, id=7564, stack(0x00007f94740b2000,0x00007f94741b3000)]
  0x00007f947007b800 JavaThread "Finalizer" daemon [_thread_blocked, id=7563, stack(0x00007f94745ad000,0x00007f94746ae000)]
  0x00007f9470079800 JavaThread "Reference Handler" daemon [_thread_blocked, id=7562, stack(0x00007f94746ae000,0x00007f94747af000)]
=>0x00007f947000a000 JavaThread "main" [_thread_in_vm, id=7556, stack(0x00007f947990b000,0x00007f9479a0c000)]

Other Threads:
  0x00007f9470075800 VMThread [stack: 0x00007f94747af000,0x00007f94748b0000] [id=7561]
  0x00007f94700bb000 WatcherThread [stack: 0x00007f946cbfc000,0x00007f946ccfd000] [id=7568]

VM state:not at safepoint (normal execution)

VM Mutex/Monitor currently owned by a thread: None

Heap
 PSYoungGen      total 17920K, used 921K [0x00000000ec000000, 0x00000000ed400000, 0x0000000100000000)
  eden space 15360K, 6% used [0x00000000ec000000,0x00000000ec0e6768,0x00000000ecf00000)
  from space 2560K, 0% used [0x00000000ed180000,0x00000000ed180000,0x00000000ed400000)
  to   space 2560K, 0% used [0x00000000ecf00000,0x00000000ecf00000,0x00000000ed180000)
 ParOldGen       total 40960K, used 0K [0x00000000c4000000, 0x00000000c6800000, 0x00000000ec000000)
  object space 40960K, 0% used [0x00000000c4000000,0x00000000c4000000,0x00000000c6800000)
 PSPermGen       total 21504K, used 2784K [0x00000000b9a00000, 0x00000000baf00000, 0x00000000c4000000)
  object space 21504K, 12% used [0x00000000b9a00000,0x00000000b9cb83c0,0x00000000baf00000)

Card table byte_map: [0x00007f9476321000,0x00007f9476555000] byte_map_base: 0x00007f9475d54000

Polling page: 0x00007f9479a2f000

Code Cache  [0x00007f946d000000, 0x00007f946d270000, 0x00007f9470000000)
 total_blobs=167 nmethods=0 adapters=136 free_code_cache=48773Kb largest_free_block=49944064

Compilation events (0 events):
No events

GC Heap History (0 events):
No events

Deoptimization events (0 events):
No events

Internal exceptions (6 events):
Event: 0,029 Thread 0x00007f947000a000 Threw 0x00000000ec00efb8 at /build/buildd/openjdk-7-7u71-2.5.3/build/openjdk/hotspot/src/share/vm/prims/jni.cpp:3995
Event: 0,073 Thread 0x00007f947000a000 Threw 0x00000000ec047bf0 at /build/buildd/openjdk-7-7u71-2.5.3/build/openjdk/hotspot/src/share/vm/prims/jni.cpp:721
Event: 0,073 Thread 0x00007f947000a000 Threw 0x00000000ec047d70 at /build/buildd/openjdk-7-7u71-2.5.3/build/openjdk/hotspot/src/share/vm/prims/jvm.cpp:1284
Event: 0,073 Thread 0x00007f947000a000 Threw 0x00000000ec047e98 at /build/buildd/openjdk-7-7u71-2.5.3/build/openjdk/hotspot/src/share/vm/prims/jvm.cpp:1284
Event: 0,073 Thread 0x00007f947000a000 Threw 0x00000000ec048f20 at /build/buildd/openjdk-7-7u71-2.5.3/build/openjdk/hotspot/src/share/vm/prims/jvm.cpp:1284
Event: 0,082 Thread 0x00007f947000a000 Threw 0x00000000ec09c180 at /build/buildd/openjdk-7-7u71-2.5.3/build/openjdk/hotspot/src/share/vm/prims/jni.cpp:3513

Events (10 events):
Event: 0,078 loading class 0x00007f94700c2200
Event: 0,078 loading class 0x00007f94700c2260
Event: 0,078 loading class 0x00007f94700c2260 done
Event: 0,078 loading class 0x00007f94700c2200 done
Event: 0,078 loading class 0x00007f94700c2230
Event: 0,078 loading class 0x00007f94700c2230 done
Event: 0,082 loading class 0x00007f9475ad4dc0
Event: 0,082 loading class 0x00007f9475ad4fc0
Event: 0,082 loading class 0x00007f9475ad4fc0 done
Event: 0,082 loading class 0x00007f9475ad4dc0 done


Dynamic libraries:
00400000-00401000 r-xp 00000000 08:07 11144553                           /usr/lib/jvm/java-7-openjdk-amd64/jre/bin/java
00600000-00601000 r--p 00000000 08:07 11144553                           /usr/lib/jvm/java-7-openjdk-amd64/jre/bin/java
00601000-00602000 rw-p 00001000 08:07 11144553                           /usr/lib/jvm/java-7-openjdk-amd64/jre/bin/java
021f3000-02214000 rw-p 00000000 00:00 0                                  [heap]
b9a00000-baf00000 rw-p 00000000 00:00 0 
baf00000-c4000000 rw-p 00000000 00:00 0 
c4000000-c6800000 rw-p 00000000 00:00 0 
c6800000-ec000000 rw-p 00000000 00:00 0 
ec000000-ed400000 rw-p 00000000 00:00 0 
ed400000-100000000 rw-p 00000000 00:00 0 
7f9438000000-7f9438021000 rw-p 00000000 00:00 0 
7f9438021000-7f943c000000 ---p 00000000 00:00 0 
7f943c000000-7f943c021000 rw-p 00000000 00:00 0 
7f943c021000-7f9440000000 ---p 00000000 00:00 0 
7f9440000000-7f9440021000 rw-p 00000000 00:00 0 
7f9440021000-7f9444000000 ---p 00000000 00:00 0 
7f9444000000-7f9444021000 rw-p 00000000 00:00 0 
7f9444021000-7f9448000000 ---p 00000000 00:00 0 
7f9448000000-7f9448021000 rw-p 00000000 00:00 0 
7f9448021000-7f944c000000 ---p 00000000 00:00 0 
7f944c000000-7f944c021000 rw-p 00000000 00:00 0 
7f944c021000-7f9450000000 ---p 00000000 00:00 0 
7f9450000000-7f9450021000 rw-p 00000000 00:00 0 
7f9450021000-7f9454000000 ---p 00000000 00:00 0 
7f9454000000-7f9454021000 rw-p 00000000 00:00 0 
7f9454021000-7f9458000000 ---p 00000000 00:00 0 
7f9458000000-7f9458021000 rw-p 00000000 00:00 0 
7f9458021000-7f945c000000 ---p 00000000 00:00 0 
7f945c000000-7f945c021000 rw-p 00000000 00:00 0 
7f945c021000-7f9460000000 ---p 00000000 00:00 0 
7f9460000000-7f9460021000 rw-p 00000000 00:00 0 
7f9460021000-7f9464000000 ---p 00000000 00:00 0 
7f9465cd0000-7f9468000000 rw-p 00000000 00:00 0 
7f9468000000-7f9468021000 rw-p 00000000 00:00 0 
7f9468021000-7f946c000000 ---p 00000000 00:00 0 
7f946c7bf000-7f946c9f9000 rw-p 00000000 00:00 0 
7f946c9f9000-7f946c9fa000 r-xp 00000000 08:07 11541603                   /home/mateusz/git/Lab1_RMI/src/view/dll.so
7f946c9fa000-7f946cbfa000 ---p 00001000 08:07 11541603                   /home/mateusz/git/Lab1_RMI/src/view/dll.so
7f946cbfa000-7f946cbfb000 r--p 00001000 08:07 11541603                   /home/mateusz/git/Lab1_RMI/src/view/dll.so
7f946cbfb000-7f946cbfc000 rw-p 00002000 08:07 11541603                   /home/mateusz/git/Lab1_RMI/src/view/dll.so
7f946cbfc000-7f946cbfd000 ---p 00000000 00:00 0 
7f946cbfd000-7f946ccfd000 rw-p 00000000 00:00 0                          [stack:7568]
7f946ccfd000-7f946cd00000 ---p 00000000 00:00 0 
7f946cd00000-7f946cdfe000 rw-p 00000000 00:00 0                          [stack:7567]
7f946cdfe000-7f946ce01000 ---p 00000000 00:00 0 
7f946ce01000-7f946ceff000 rw-p 00000000 00:00 0                          [stack:7566]
7f946ceff000-7f946cf02000 ---p 00000000 00:00 0 
7f946cf02000-7f946d000000 rw-p 00000000 00:00 0                          [stack:7565]
7f946d000000-7f946d270000 rwxp 00000000 00:00 0 
7f946d270000-7f947010b000 rw-p 00000000 00:00 0 
7f947010b000-7f9474000000 ---p 00000000 00:00 0 
7f94740af000-7f94740b2000 rw-p 00000000 00:00 0 
7f94740b2000-7f94740b5000 ---p 00000000 00:00 0 
7f94740b5000-7f94741b3000 rw-p 00000000 00:00 0                          [stack:7564]
7f94741b3000-7f94745ad000 r--p 00000000 08:07 11016475                   /usr/lib/locale/locale-archive
7f94745ad000-7f94745b0000 ---p 00000000 00:00 0 
7f94745b0000-7f94746ae000 rw-p 00000000 00:00 0                          [stack:7563]
7f94746ae000-7f94746b1000 ---p 00000000 00:00 0 
7f94746b1000-7f94747af000 rw-p 00000000 00:00 0                          [stack:7562]
7f94747af000-7f94747b0000 ---p 00000000 00:00 0 
7f94747b0000-7f94758ad000 rw-p 00000000 00:00 0                          [stack:7561]
7f94758ad000-7f9475a5e000 r--s 01d25000 08:07 11144524                   /usr/lib/jvm/java-7-openjdk-amd64/jre/lib/rt.jar
7f9475a5e000-7f9475d8a000 rw-p 00000000 00:00 0 
7f9475d8a000-7f9475d8b000 ---p 00000000 00:00 0 
7f9475d8b000-7f9475e8b000 rw-p 00000000 00:00 0                          [stack:7560]
7f9475e8b000-7f9475e8c000 ---p 00000000 00:00 0 
7f9475e8c000-7f9475f8c000 rw-p 00000000 00:00 0                          [stack:7559]
7f9475f8c000-7f9475f8d000 ---p 00000000 00:00 0 
7f9475f8d000-7f947608d000 rw-p 00000000 00:00 0                          [stack:7558]
7f947608d000-7f947608e000 ---p 00000000 00:00 0 
7f947608e000-7f9476199000 rw-p 00000000 00:00 0                          [stack:7557]
7f9476199000-7f94761e1000 rw-p 00000000 00:00 0 
7f94761e1000-7f94761f5000 rw-p 00000000 00:00 0 
7f94761f5000-7f9476321000 rw-p 00000000 00:00 0 
7f9476321000-7f947632c000 rw-p 00000000 00:00 0 
7f947632c000-7f9476374000 rw-p 00000000 00:00 0 
7f9476374000-7f9476388000 rw-p 00000000 00:00 0 
7f9476388000-7f94764b4000 rw-p 00000000 00:00 0 
7f94764b4000-7f94764be000 rw-p 00000000 00:00 0 
7f94764be000-7f9476554000 rw-p 00000000 00:00 0 
7f9476554000-7f9476555000 rw-p 00000000 00:00 0 
7f9476555000-7f947655d000 r-xp 00000000 08:07 11143820                   /usr/lib/jvm/java-7-openjdk-amd64/jre/lib/amd64/libzip.so
7f947655d000-7f947675c000 ---p 00008000 08:07 11143820                   /usr/lib/jvm/java-7-openjdk-amd64/jre/lib/amd64/libzip.so
7f947675c000-7f947675d000 r--p 00007000 08:07 11143820                   /usr/lib/jvm/java-7-openjdk-amd64/jre/lib/amd64/libzip.so
7f947675d000-7f947675e000 rw-p 00008000 08:07 11143820                   /usr/lib/jvm/java-7-openjdk-amd64/jre/lib/amd64/libzip.so
7f947675e000-7f9476769000 r-xp 00000000 08:07 3674506                    /lib/x86_64-linux-gnu/libnss_files-2.19.so
7f9476769000-7f9476968000 ---p 0000b000 08:07 3674506                    /lib/x86_64-linux-gnu/libnss_files-2.19.so
7f9476968000-7f9476969000 r--p 0000a000 08:07 3674506                    /lib/x86_64-linux-gnu/libnss_files-2.19.so
7f9476969000-7f947696a000 rw-p 0000b000 08:07 3674506                    /lib/x86_64-linux-gnu/libnss_files-2.19.so
7f947696a000-7f9476975000 r-xp 00000000 08:07 3674507                    /lib/x86_64-linux-gnu/libnss_nis-2.19.so
7f9476975000-7f9476b74000 ---p 0000b000 08:07 3674507                    /lib/x86_64-linux-gnu/libnss_nis-2.19.so
7f9476b74000-7f9476b75000 r--p 0000a000 08:07 3674507                    /lib/x86_64-linux-gnu/libnss_nis-2.19.so
7f9476b75000-7f9476b76000 rw-p 0000b000 08:07 3674507                    /lib/x86_64-linux-gnu/libnss_nis-2.19.so
7f9476b76000-7f9476b8d000 r-xp 00000000 08:07 3674493                    /lib/x86_64-linux-gnu/libnsl-2.19.so
7f9476b8d000-7f9476d8c000 ---p 00017000 08:07 3674493                    /lib/x86_64-linux-gnu/libnsl-2.19.so
7f9476d8c000-7f9476d8d000 r--p 00016000 08:07 3674493                    /lib/x86_64-linux-gnu/libnsl-2.19.so
7f9476d8d000-7f9476d8e000 rw-p 00017000 08:07 3674493                    /lib/x86_64-linux-gnu/libnsl-2.19.so
7f9476d8e000-7f9476d90000 rw-p 00000000 00:00 0 
7f9476d90000-7f9476d99000 r-xp 00000000 08:07 3674490                    /lib/x86_64-linux-gnu/libnss_compat-2.19.so
7f9476d99000-7f9476f98000 ---p 00009000 08:07 3674490                    /lib/x86_64-linux-gnu/libnss_compat-2.19.so
7f9476f98000-7f9476f99000 r--p 00008000 08:07 3674490                    /lib/x86_64-linux-gnu/libnss_compat-2.19.so
7f9476f99000-7f9476f9a000 rw-p 00009000 08:07 3674490                    /lib/x86_64-linux-gnu/libnss_compat-2.19.so
7f9476f9a000-7f9476fc5000 r-xp 00000000 08:07 11144124                   /usr/lib/jvm/java-7-openjdk-amd64/jre/lib/amd64/libjava.so
7f9476fc5000-7f94771c4000 ---p 0002b000 08:07 11144124                   /usr/lib/jvm/java-7-openjdk-amd64/jre/lib/amd64/libjava.so
7f94771c4000-7f94771c5000 r--p 0002a000 08:07 11144124                   /usr/lib/jvm/java-7-openjdk-amd64/jre/lib/amd64/libjava.so
7f94771c5000-7f94771c7000 rw-p 0002b000 08:07 11144124                   /usr/lib/jvm/java-7-openjdk-amd64/jre/lib/amd64/libjava.so
7f94771c7000-7f94771d7000 r-xp 00000000 08:07 11144473                   /usr/lib/jvm/java-7-openjdk-amd64/jre/lib/amd64/libverify.so
7f94771d7000-7f94773d6000 ---p 00010000 08:07 11144473                   /usr/lib/jvm/java-7-openjdk-amd64/jre/lib/amd64/libverify.so
7f94773d6000-7f94773d8000 r--p 0000f000 08:07 11144473                   /usr/lib/jvm/java-7-openjdk-amd64/jre/lib/amd64/libverify.so
7f94773d8000-7f94773d9000 rw-p 00011000 08:07 11144473                   /usr/lib/jvm/java-7-openjdk-amd64/jre/lib/amd64/libverify.so
7f94773d9000-7f94773e0000 r-xp 00000000 08:07 3674495                    /lib/x86_64-linux-gnu/librt-2.19.so
7f94773e0000-7f94775df000 ---p 00007000 08:07 3674495                    /lib/x86_64-linux-gnu/librt-2.19.so
7f94775df000-7f94775e0000 r--p 00006000 08:07 3674495                    /lib/x86_64-linux-gnu/librt-2.19.so
7f94775e0000-7f94775e1000 rw-p 00007000 08:07 3674495                    /lib/x86_64-linux-gnu/librt-2.19.so
7f94775e1000-7f94775f7000 r-xp 00000000 08:07 3671105                    /lib/x86_64-linux-gnu/libgcc_s.so.1
7f94775f7000-7f94777f6000 ---p 00016000 08:07 3671105                    /lib/x86_64-linux-gnu/libgcc_s.so.1
7f94777f6000-7f94777f7000 rw-p 00015000 08:07 3671105                    /lib/x86_64-linux-gnu/libgcc_s.so.1
7f94777f7000-7f94778fc000 r-xp 00000000 08:07 3674502                    /lib/x86_64-linux-gnu/libm-2.19.so
7f94778fc000-7f9477afb000 ---p 00105000 08:07 3674502                    /lib/x86_64-linux-gnu/libm-2.19.so
7f9477afb000-7f9477afc000 r--p 00104000 08:07 3674502                    /lib/x86_64-linux-gnu/libm-2.19.so
7f9477afc000-7f9477afd000 rw-p 00105000 08:07 3674502                    /lib/x86_64-linux-gnu/libm-2.19.so
7f9477afd000-7f9477be3000 r-xp 00000000 08:07 11018812                   /usr/lib/x86_64-linux-gnu/libstdc++.so.6.0.19
7f9477be3000-7f9477de2000 ---p 000e6000 08:07 11018812                   /usr/lib/x86_64-linux-gnu/libstdc++.so.6.0.19
7f9477de2000-7f9477dea000 r--p 000e5000 08:07 11018812                   /usr/lib/x86_64-linux-gnu/libstdc++.so.6.0.19
7f9477dea000-7f9477dec000 rw-p 000ed000 08:07 11018812                   /usr/lib/x86_64-linux-gnu/libstdc++.so.6.0.19
7f9477dec000-7f9477e01000 rw-p 00000000 00:00 0 
7f9477e01000-7f9478917000 r-xp 00000000 08:07 11144483                   /usr/lib/jvm/java-7-openjdk-amd64/jre/lib/amd64/server/libjvm.so
7f9478917000-7f9478b16000 ---p 00b16000 08:07 11144483                   /usr/lib/jvm/java-7-openjdk-amd64/jre/lib/amd64/server/libjvm.so
7f9478b16000-7f9478bb0000 r--p 00b15000 08:07 11144483                   /usr/lib/jvm/java-7-openjdk-amd64/jre/lib/amd64/server/libjvm.so
7f9478bb0000-7f9478bd3000 rw-p 00baf000 08:07 11144483                   /usr/lib/jvm/java-7-openjdk-amd64/jre/lib/amd64/server/libjvm.so
7f9478bd3000-7f9478c01000 rw-p 00000000 00:00 0 
7f9478c01000-7f9478c19000 r-xp 00000000 08:07 3674376                    /lib/x86_64-linux-gnu/libz.so.1.2.8
7f9478c19000-7f9478e18000 ---p 00018000 08:07 3674376                    /lib/x86_64-linux-gnu/libz.so.1.2.8
7f9478e18000-7f9478e19000 r--p 00017000 08:07 3674376                    /lib/x86_64-linux-gnu/libz.so.1.2.8
7f9478e19000-7f9478e1a000 rw-p 00018000 08:07 3674376                    /lib/x86_64-linux-gnu/libz.so.1.2.8
7f9478e1a000-7f9478e33000 r-xp 00000000 08:07 3674512                    /lib/x86_64-linux-gnu/libpthread-2.19.so
7f9478e33000-7f9479032000 ---p 00019000 08:07 3674512                    /lib/x86_64-linux-gnu/libpthread-2.19.so
7f9479032000-7f9479033000 r--p 00018000 08:07 3674512                    /lib/x86_64-linux-gnu/libpthread-2.19.so
7f9479033000-7f9479034000 rw-p 00019000 08:07 3674512                    /lib/x86_64-linux-gnu/libpthread-2.19.so
7f9479034000-7f9479038000 rw-p 00000000 00:00 0 
7f9479038000-7f947903b000 r-xp 00000000 08:07 3674511                    /lib/x86_64-linux-gnu/libdl-2.19.so
7f947903b000-7f947923a000 ---p 00003000 08:07 3674511                    /lib/x86_64-linux-gnu/libdl-2.19.so
7f947923a000-7f947923b000 r--p 00002000 08:07 3674511                    /lib/x86_64-linux-gnu/libdl-2.19.so
7f947923b000-7f947923c000 rw-p 00003000 08:07 3674511                    /lib/x86_64-linux-gnu/libdl-2.19.so
7f947923c000-7f94793f7000 r-xp 00000000 08:07 3674499                    /lib/x86_64-linux-gnu/libc-2.19.so
7f94793f7000-7f94795f7000 ---p 001bb000 08:07 3674499                    /lib/x86_64-linux-gnu/libc-2.19.so
7f94795f7000-7f94795fb000 r--p 001bb000 08:07 3674499                    /lib/x86_64-linux-gnu/libc-2.19.so
7f94795fb000-7f94795fd000 rw-p 001bf000 08:07 3674499                    /lib/x86_64-linux-gnu/libc-2.19.so
7f94795fd000-7f9479602000 rw-p 00000000 00:00 0 
7f9479602000-7f947960f000 r-xp 00000000 08:07 11144120                   /usr/lib/jvm/java-7-openjdk-amd64/jre/lib/amd64/jli/libjli.so
7f947960f000-7f947980e000 ---p 0000d000 08:07 11144120                   /usr/lib/jvm/java-7-openjdk-amd64/jre/lib/amd64/jli/libjli.so
7f947980e000-7f947980f000 r--p 0000c000 08:07 11144120                   /usr/lib/jvm/java-7-openjdk-amd64/jre/lib/amd64/jli/libjli.so
7f947980f000-7f9479810000 rw-p 0000d000 08:07 11144120                   /usr/lib/jvm/java-7-openjdk-amd64/jre/lib/amd64/jli/libjli.so
7f9479810000-7f9479833000 r-xp 00000000 08:07 3674500                    /lib/x86_64-linux-gnu/ld-2.19.so
7f9479833000-7f9479855000 rw-p 00000000 00:00 0 
7f9479855000-7f947990b000 rw-p 00000000 00:00 0 
7f947990b000-7f947990e000 ---p 00000000 00:00 0 
7f947990e000-7f9479a12000 rw-p 00000000 00:00 0                          [stack:7556]
7f9479a12000-7f9479a16000 r--s 00034000 08:07 11144522                   /usr/lib/jvm/java-7-openjdk-amd64/jre/lib/ext/sunjce_provider.jar
7f9479a16000-7f9479a1a000 r--s 0003c000 08:07 11144520                   /usr/lib/jvm/java-7-openjdk-amd64/jre/lib/ext/sunpkcs11.jar
7f9479a1a000-7f9479a1c000 r--s 00012000 08:07 11144519                   /usr/lib/jvm/java-7-openjdk-amd64/jre/lib/ext/zipfs.jar
7f9479a1c000-7f9479a20000 r--s 00085000 08:07 11144521                   /usr/lib/jvm/java-7-openjdk-amd64/jre/lib/ext/localedata.jar
7f9479a20000-7f9479a23000 r--s 0000f000 08:07 11144518                   /usr/lib/jvm/java-7-openjdk-amd64/jre/lib/ext/icedtea-sound.jar
7f9479a23000-7f9479a25000 r--s 00006000 08:07 11539886                   /usr/share/java/java-atk-wrapper.jar
7f9479a25000-7f9479a26000 r--s 00002000 08:07 11144523                   /usr/lib/jvm/java-7-openjdk-amd64/jre/lib/ext/dnsns.jar
7f9479a26000-7f9479a2e000 rw-s 00000000 08:07 10357099                   /tmp/hsperfdata_mateusz/7550
7f9479a2e000-7f9479a2f000 rw-p 00000000 00:00 0 
7f9479a2f000-7f9479a30000 r--p 00000000 00:00 0 
7f9479a30000-7f9479a32000 rw-p 00000000 00:00 0 
7f9479a32000-7f9479a33000 r--p 00022000 08:07 3674500                    /lib/x86_64-linux-gnu/ld-2.19.so
7f9479a33000-7f9479a34000 rw-p 00023000 08:07 3674500                    /lib/x86_64-linux-gnu/ld-2.19.so
7f9479a34000-7f9479a35000 rw-p 00000000 00:00 0 
7fff1cbbb000-7fff1cbdc000 rw-p 00000000 00:00 0                          [stack]
7fff1cbfe000-7fff1cc00000 r-xp 00000000 00:00 0                          [vdso]
ffffffffff600000-ffffffffff601000 r-xp 00000000 00:00 0                  [vsyscall]

VM Arguments:
jvm_args: -Dfile.encoding=UTF-8 
java_command: view.Cpu
Launcher Type: SUN_STANDARD

Environment Variables:
PATH=/usr/local/sbin:/usr/local/bin:/usr/sbin:/usr/bin:/sbin:/bin:/usr/games:/usr/local/games
USERNAME=mateusz
SHELL=/bin/bash
DISPLAY=:0

Signal Handlers:
SIGSEGV: [libjvm.so+0x9495e0], sa_mask[0]=0x7ffbfeff, sa_flags=0x10000004
SIGBUS: [libjvm.so+0x9495e0], sa_mask[0]=0x7ffbfeff, sa_flags=0x10000004
SIGFPE: [libjvm.so+0x7c3410], sa_mask[0]=0x7ffbfeff, sa_flags=0x10000004
SIGPIPE: [libjvm.so+0x7c3410], sa_mask[0]=0x7ffbfeff, sa_flags=0x10000004
SIGXFSZ: [libjvm.so+0x7c3410], sa_mask[0]=0x7ffbfeff, sa_flags=0x10000004
SIGILL: [libjvm.so+0x7c3410], sa_mask[0]=0x7ffbfeff, sa_flags=0x10000004
SIGUSR1: SIG_DFL, sa_mask[0]=0x00000000, sa_flags=0x00000000
SIGUSR2: [libjvm.so+0x7c32b0], sa_mask[0]=0x00000004, sa_flags=0x10000004
SIGHUP: [libjvm.so+0x7c3490], sa_mask[0]=0x7ffbfeff, sa_flags=0x10000004
SIGINT: [libjvm.so+0x7c3490], sa_mask[0]=0x7ffbfeff, sa_flags=0x10000004
SIGTERM: [libjvm.so+0x7c3490], sa_mask[0]=0x7ffbfeff, sa_flags=0x10000004
SIGQUIT: [libjvm.so+0x7c3490], sa_mask[0]=0x7ffbfeff, sa_flags=0x10000004
SIGTRAP: SIG_DFL, sa_mask[0]=0x00000000, sa_flags=0x00000000


---------------  S Y S T E M  ---------------

OS:LinuxMint 17 (qiana)
uname:Linux 3.13.0-24-generic #47-Ubuntu SMP Fri May 2 23:30:00 UTC 2014 x86_64
libc:glibc 2.19 NPTL 2.19 
rlimit: STACK 8192k, CORE 0k, NPROC 30289, NOFILE 4096, AS infinity
load average:0,20 0,19 0,21

/proc/meminfo:
MemTotal:        3931284 kB
MemFree:          261296 kB
Buffers:          213384 kB
Cached:          1359572 kB
SwapCached:           68 kB
Active:          2402132 kB
Inactive:        1034964 kB
Active(anon):    1767404 kB
Inactive(anon):   252604 kB
Active(file):     634728 kB
Inactive(file):   782360 kB
Unevictable:           0 kB
Mlocked:               0 kB
SwapTotal:       3906556 kB
SwapFree:        3906444 kB
Dirty:               212 kB
Writeback:             0 kB
AnonPages:       1864092 kB
Mapped:           232220 kB
Shmem:            155872 kB
Slab:             145316 kB
SReclaimable:     118556 kB
SUnreclaim:        26760 kB
KernelStack:        3856 kB
PageTables:        24384 kB
NFS_Unstable:          0 kB
Bounce:                0 kB
WritebackTmp:          0 kB
CommitLimit:     5872196 kB
Committed_AS:    4071176 kB
VmallocTotal:   34359738367 kB
VmallocUsed:      348576 kB
VmallocChunk:   34359384028 kB
HardwareCorrupted:     0 kB
AnonHugePages:    980992 kB
HugePages_Total:       0
HugePages_Free:        0
HugePages_Rsvd:        0
HugePages_Surp:        0
Hugepagesize:       2048 kB
DirectMap4k:       65460 kB
DirectMap2M:     4012032 kB


CPU:total 4 (2 cores per cpu, 2 threads per core) family 6 model 58 stepping 9, cmov, cx8, fxsr, mmx, sse, sse2, sse3, ssse3, sse4.1, sse4.2, popcnt, avx, aes, erms, ht, tsc, tscinvbit, tscinv

/proc/cpuinfo:
processor	: 0
vendor_id	: GenuineIntel
cpu family	: 6
model		: 58
model name	: Intel(R) Core(TM) i5-3230M CPU @ 2.60GHz
stepping	: 9
microcode	: 0x12
cpu MHz		: 1200.000
cache size	: 3072 KB
physical id	: 0
siblings	: 4
core id		: 0
cpu cores	: 2
apicid		: 0
initial apicid	: 0
fpu		: yes
fpu_exception	: yes
cpuid level	: 13
wp		: yes
flags		: fpu vme de pse tsc msr pae mce cx8 apic sep mtrr pge mca cmov pat pse36 clflush dts acpi mmx fxsr sse sse2 ss ht tm pbe syscall nx rdtscp lm constant_tsc arch_perfmon pebs bts rep_good nopl xtopology nonstop_tsc aperfmperf eagerfpu pni pclmulqdq dtes64 monitor ds_cpl vmx est tm2 ssse3 cx16 xtpr pdcm pcid sse4_1 sse4_2 x2apic popcnt tsc_deadline_timer aes xsave avx f16c rdrand lahf_lm ida arat epb xsaveopt pln pts dtherm tpr_shadow vnmi flexpriority ept vpid fsgsbase smep erms
bogomips	: 5188.20
clflush size	: 64
cache_alignment	: 64
address sizes	: 36 bits physical, 48 bits virtual
power management:

processor	: 1
vendor_id	: GenuineIntel
cpu family	: 6
model		: 58
model name	: Intel(R) Core(TM) i5-3230M CPU @ 2.60GHz
stepping	: 9
microcode	: 0x12
cpu MHz		: 1900.000
cache size	: 3072 KB
physical id	: 0
siblings	: 4
core id		: 1
cpu cores	: 2
apicid		: 2
initial apicid	: 2
fpu		: yes
fpu_exception	: yes
cpuid level	: 13
wp		: yes
flags		: fpu vme de pse tsc msr pae mce cx8 apic sep mtrr pge mca cmov pat pse36 clflush dts acpi mmx fxsr sse sse2 ss ht tm pbe syscall nx rdtscp lm constant_tsc arch_perfmon pebs bts rep_good nopl xtopology nonstop_tsc aperfmperf eagerfpu pni pclmulqdq dtes64 monitor ds_cpl vmx est tm2 ssse3 cx16 xtpr pdcm pcid sse4_1 sse4_2 x2apic popcnt tsc_deadline_timer aes xsave avx f16c rdrand lahf_lm ida arat epb xsaveopt pln pts dtherm tpr_shadow vnmi flexpriority ept vpid fsgsbase smep erms
bogomips	: 5188.20
clflush size	: 64
cache_alignment	: 64
address sizes	: 36 bits physical, 48 bits virtual
power management:

processor	: 2
vendor_id	: GenuineIntel
cpu family	: 6
model		: 58
model name	: Intel(R) Core(TM) i5-3230M CPU @ 2.60GHz
stepping	: 9
microcode	: 0x12
cpu MHz		: 1200.000
cache size	: 3072 KB
physical id	: 0
siblings	: 4
core id		: 0
cpu cores	: 2
apicid		: 1
initial apicid	: 1
fpu		: yes
fpu_exception	: yes
cpuid level	: 13
wp		: yes
flags		: fpu vme de pse tsc msr pae mce cx8 apic sep mtrr pge mca cmov pat pse36 clflush dts acpi mmx fxsr sse sse2 ss ht tm pbe syscall nx rdtscp lm constant_tsc arch_perfmon pebs bts rep_good nopl xtopology nonstop_tsc aperfmperf eagerfpu pni pclmulqdq dtes64 monitor ds_cpl vmx est tm2 ssse3 cx16 xtpr pdcm pcid sse4_1 sse4_2 x2apic popcnt tsc_deadline_timer aes xsave avx f16c rdrand lahf_lm ida arat epb xsaveopt pln pts dtherm tpr_shadow vnmi flexpriority ept vpid fsgsbase smep erms
bogomips	: 5188.20
clflush size	: 64
cache_alignment	: 64
address sizes	: 36 bits physical, 48 bits virtual
power management:

processor	: 3
vendor_id	: GenuineIntel
cpu family	: 6
model		: 58
model name	: Intel(R) Core(TM) i5-3230M CPU @ 2.60GHz
stepping	: 9
microcode	: 0x12
cpu MHz		: 1200.000
cache size	: 3072 KB
physical id	: 0
siblings	: 4
core id		: 1
cpu cores	: 2
apicid		: 3
initial apicid	: 3
fpu		: yes
fpu_exception	: yes
cpuid level	: 13
wp		: yes
flags		: fpu vme de pse tsc msr pae mce cx8 apic sep mtrr pge mca cmov pat pse36 clflush dts acpi mmx fxsr sse sse2 ss ht tm pbe syscall nx rdtscp lm constant_tsc arch_perfmon pebs bts rep_good nopl xtopology nonstop_tsc aperfmperf eagerfpu pni pclmulqdq dtes64 monitor ds_cpl vmx est tm2 ssse3 cx16 xtpr pdcm pcid sse4_1 sse4_2 x2apic popcnt tsc_deadline_timer aes xsave avx f16c rdrand lahf_lm ida arat epb xsaveopt pln pts dtherm tpr_shadow vnmi flexpriority ept vpid fsgsbase smep erms
bogomips	: 5188.20
clflush size	: 64
cache_alignment	: 64
address sizes	: 36 bits physical, 48 bits virtual
power management:



Memory: 4k page, physical 3931284k(261296k free), swap 3906556k(3906444k free)

vm_info: OpenJDK 64-Bit Server VM (24.65-b04) for linux-amd64 JRE (1.7.0_65-b32), built on Oct 22 2014 04:37:44 by "buildd" with gcc 4.8.2

time: Thu Nov 13 01:36:58 2014
elapsed time: 0 seconds

