#
# A fatal error has been detected by the Java Runtime Environment:
#
#  SIGSEGV (0xb) at pc=0x00007f960a2c4a0c, pid=6482, tid=140282400229120
#
# JRE version: OpenJDK Runtime Environment (7.0_65-b32) (build 1.7.0_65-b32)
# Java VM: OpenJDK 64-Bit Server VM (24.65-b04 mixed mode linux-amd64 compressed oops)
# Derivative: IcedTea 2.5.3
# Distribution: Ubuntu 14.04 LTS, package 7u71-2.5.3-0ubuntu0.14.04.1
# Problematic frame:
# C  [libc.so.6+0x6fa0c]  getdelim+0x2c
#
# Failed to write core dump. Core dumps have been disabled. To enable core dumping, try "ulimit -c unlimited" before starting Java again
#
# If you would like to submit a bug report, please include
# instructions on how to reproduce the bug and visit:
#   http://icedtea.classpath.org/bugzilla
# The crash happened outside the Java Virtual Machine in native code.
# See problematic frame for where to report the bug.
#

---------------  T H R E A D  ---------------

Current thread (0x00007f960400a000):  JavaThread "main" [_thread_in_native, id=6489, stack(0x00007f960a924000,0x00007f960aa25000)]

siginfo:si_signo=SIGSEGV: si_errno=0, si_code=1 (SEGV_MAPERR), si_addr=0x0000000000000000

Registers:
RAX=0x00007f960aa23900, RBX=0x00000000b9cac6d0, RCX=0x0000000000000000, RDX=0x000000000000000a
RSP=0x00007f960aa23870, RBP=0x00007f960aa23920, RSI=0x00007f960aa23908, RDI=0x00007f960aa23900
R8 =0x00007f960aa24700, R9 =0x0000000000000000, R10=0x0000000000000008, R11=0x0000000000000000
R12=0x00007f960aa23900, R13=0x00000000b9cac6d0, R14=0x00007f960aa23998, R15=0x00007f960400a000
RIP=0x00007f960a2c4a0c, EFLAGS=0x0000000000010202, CSGSFS=0x0000000000000033, ERR=0x0000000000000004
  TRAPNO=0x000000000000000e

Top of Stack: (sp=0x00007f960aa23870)
0x00007f960aa23870:   00007f95df701b9c 00007f95df701b60
0x00007f960aa23880:   00007f960aa23908 0000000a0aa23998
0x00007f960aa23890:   00007f960400a000 00000000b9cac6d0
0x00007f960aa238a0:   00007f960aa23920 0000000000000000
0x00007f960aa238b0:   00000000b9cac6d0 00007f960aa23998
0x00007f960aa238c0:   00007f960400a000 00007f95df701b2c
0x00007f960aa238d0:   00007f960aa23998 00007f960400a1d8
0x00007f960aa238e0:   00007f960400a000 00007f96003abcc3
0x00007f960aa238f0:   00000000b9cac6d0 0000000000000000
0x00007f960aa23900:   0000000000000000 0000000000000000
0x00007f960aa23910:   0000000000000000 00007f96003a0c2d
0x00007f960aa23920:   00007f960aa23978 00007f96003a0d98
0x00007f960aa23930:   00000000fffffffe 00007f960aa23938
0x00007f960aa23940:   00000000b9cac6d0 00007f960aa23998
0x00007f960aa23950:   00000000b9cacac0 0000000000000000
0x00007f960aa23960:   00000000b9cac6d0 0000000000000000
0x00007f960aa23970:   00007f960aa23998 00007f960aa239f0
0x00007f960aa23980:   00007f96003941d4 0000000000000000
0x00007f960aa23990:   00007f960039ccd6 00000000ec09a8c0
0x00007f960aa239a0:   00000000ec09b4e0 00000000ec01bc60
0x00007f960aa239b0:   00007f960aa239b0 00000000b9cac7d3
0x00007f960aa239c0:   00007f960aa23a08 00000000b9cacac0
0x00007f960aa239d0:   0000000000000000 00000000b9cac808
0x00007f960aa239e0:   00007f960aa23998 00007f960aa23a08
0x00007f960aa239f0:   00007f960aa23a70 00007f960038e4e7
0x00007f960aa23a00:   00000000ec09a8c0 00000000ec09a140
0x00007f960aa23a10:   00007f9600001fa0 00007f960aa23ab0
0x00007f960aa23a20:   00007f960aa23cf0 00007f960aa23c30
0x00007f960aa23a30:   00007f960400a000 00007f960400aab0
0x00007f960aa23a40:   00007f960aa23af0 00007f960aa23cf8
0x00007f960aa23a50:   00007f960000000a 00000000b9cac808
0x00007f960aa23a60:   00007f960039e360 00007f960aa23c38 

Instructions: (pc=0x00007f960a2c4a0c)
0x00007f960a2c49ec:   53 48 83 ec 28 48 85 ff 48 89 74 24 10 89 54 24
0x00007f960a2c49fc:   1c 0f 84 4c 02 00 00 48 85 f6 0f 84 43 02 00 00
0x00007f960a2c4a0c:   8b 11 48 89 cb 89 d0 41 89 d7 25 00 80 00 00 75
0x00007f960a2c4a1c:   57 4c 8b 81 88 00 00 00 64 4c 8b 0c 25 10 00 00 

Register to memory mapping:

RAX=0x00007f960aa23900 is pointing into the stack for thread: 0x00007f960400a000
RBX=0x00000000b9cac6d0 is an oop
{method} 
 - klass: {other class}
RCX=0x0000000000000000 is an unknown value
RDX=0x000000000000000a is an unknown value
RSP=0x00007f960aa23870 is pointing into the stack for thread: 0x00007f960400a000
RBP=0x00007f960aa23920 is pointing into the stack for thread: 0x00007f960400a000
RSI=0x00007f960aa23908 is pointing into the stack for thread: 0x00007f960400a000
RDI=0x00007f960aa23900 is pointing into the stack for thread: 0x00007f960400a000
R8 =0x00007f960aa24700 is pointing into the stack for thread: 0x00007f960400a000
R9 =0x0000000000000000 is an unknown value
R10=0x0000000000000008 is an unknown value
R11=0x0000000000000000 is an unknown value
R12=0x00007f960aa23900 is pointing into the stack for thread: 0x00007f960400a000
R13=0x00000000b9cac6d0 is an oop
{method} 
 - klass: {other class}
R14=0x00007f960aa23998 is pointing into the stack for thread: 0x00007f960400a000
R15=0x00007f960400a000 is a thread


Stack: [0x00007f960a924000,0x00007f960aa25000],  sp=0x00007f960aa23870,  free space=1022k
Native frames: (J=compiled Java code, j=interpreted, Vv=VM code, C=native code)
C  [libc.so.6+0x6fa0c]  getdelim+0x2c
j  view.Cpu.getBattery()I+0
j  view.Cpu.main([Ljava/lang/String;)V+51
v  ~StubRoutines::call_stub
V  [libjvm.so+0x5e8049]  JavaCalls::call_helper(JavaValue*, methodHandle*, JavaCallArguments*, Thread*)+0x339
V  [libjvm.so+0x5e7ae8]  JavaCalls::call(JavaValue*, methodHandle, JavaCallArguments*, Thread*)+0x28
V  [libjvm.so+0x5f6c1b]  jni_invoke_static(JNIEnv_*, JavaValue*, _jobject*, JNICallType, _jmethodID*, JNI_ArgumentPusher*, Thread*) [clone .isra.124] [clone .constprop.156]+0x28b
V  [libjvm.so+0x607e88]  jni_CallStaticVoidMethod+0x118
C  [libjli.so+0x31f9]

Java frames: (J=compiled Java code, j=interpreted, Vv=VM code)
j  view.Cpu.getBattery()I+0
j  view.Cpu.main([Ljava/lang/String;)V+51
v  ~StubRoutines::call_stub

---------------  P R O C E S S  ---------------

Java Threads: ( => current thread )
  0x00007f96040b0000 JavaThread "Service Thread" daemon [_thread_blocked, id=6500, stack(0x00007f95dfa04000,0x00007f95dfb05000)]
  0x00007f96040ae000 JavaThread "C2 CompilerThread1" daemon [_thread_blocked, id=6499, stack(0x00007f95dfb05000,0x00007f95dfc06000)]
  0x00007f96040ab000 JavaThread "C2 CompilerThread0" daemon [_thread_blocked, id=6498, stack(0x00007f95fc090000,0x00007f95fc191000)]
  0x00007f96040a9000 JavaThread "Signal Dispatcher" daemon [_thread_blocked, id=6497, stack(0x00007f95fc191000,0x00007f95fc292000)]
  0x00007f960407b800 JavaThread "Finalizer" daemon [_thread_blocked, id=6496, stack(0x00007f95fc292000,0x00007f95fc393000)]
  0x00007f9604079800 JavaThread "Reference Handler" daemon [_thread_blocked, id=6495, stack(0x00007f95fc393000,0x00007f95fc494000)]
=>0x00007f960400a000 JavaThread "main" [_thread_in_native, id=6489, stack(0x00007f960a924000,0x00007f960aa25000)]

Other Threads:
  0x00007f9604075800 VMThread [stack: 0x00007f95fc494000,0x00007f95fc595000] [id=6494]
  0x00007f96040bb000 WatcherThread [stack: 0x00007f95df903000,0x00007f95dfa04000] [id=6501]

VM state:not at safepoint (normal execution)

VM Mutex/Monitor currently owned by a thread: None

Heap
 PSYoungGen      total 17920K, used 921K [0x00000000ec000000, 0x00000000ed400000, 0x0000000100000000)
  eden space 15360K, 6% used [0x00000000ec000000,0x00000000ec0e6780,0x00000000ecf00000)
  from space 2560K, 0% used [0x00000000ed180000,0x00000000ed180000,0x00000000ed400000)
  to   space 2560K, 0% used [0x00000000ecf00000,0x00000000ecf00000,0x00000000ed180000)
 ParOldGen       total 40960K, used 0K [0x00000000c4000000, 0x00000000c6800000, 0x00000000ec000000)
  object space 40960K, 0% used [0x00000000c4000000,0x00000000c4000000,0x00000000c6800000)
 PSPermGen       total 21504K, used 2780K [0x00000000b9a00000, 0x00000000baf00000, 0x00000000c4000000)
  object space 21504K, 12% used [0x00000000b9a00000,0x00000000b9cb7360,0x00000000baf00000)

Card table byte_map: [0x00007f960015a000,0x00007f960038e000] byte_map_base: 0x00007f95ffb8d000

Polling page: 0x00007f960aa48000

Code Cache  [0x00007f960038e000, 0x00007f96005fe000, 0x00007f960338e000)
 total_blobs=167 nmethods=0 adapters=136 free_code_cache=48773Kb largest_free_block=49944064

Compilation events (0 events):
No events

GC Heap History (0 events):
No events

Deoptimization events (0 events):
No events

Internal exceptions (5 events):
Event: 0,030 Thread 0x00007f960400a000 Threw 0x00000000ec00f010 at /build/buildd/openjdk-7-7u71-2.5.3/build/openjdk/hotspot/src/share/vm/prims/jni.cpp:3995
Event: 0,068 Thread 0x00007f960400a000 Threw 0x00000000ec047c48 at /build/buildd/openjdk-7-7u71-2.5.3/build/openjdk/hotspot/src/share/vm/prims/jni.cpp:721
Event: 0,068 Thread 0x00007f960400a000 Threw 0x00000000ec047dc8 at /build/buildd/openjdk-7-7u71-2.5.3/build/openjdk/hotspot/src/share/vm/prims/jvm.cpp:1284
Event: 0,068 Thread 0x00007f960400a000 Threw 0x00000000ec047ef0 at /build/buildd/openjdk-7-7u71-2.5.3/build/openjdk/hotspot/src/share/vm/prims/jvm.cpp:1284
Event: 0,068 Thread 0x00007f960400a000 Threw 0x00000000ec048f78 at /build/buildd/openjdk-7-7u71-2.5.3/build/openjdk/hotspot/src/share/vm/prims/jvm.cpp:1284

Events (10 events):
Event: 0,073 loading class 0x00007f96040b5b60
Event: 0,073 loading class 0x00007f96040b5b60 done
Event: 0,073 loading class 0x00007f95fd7d9bc0
Event: 0,073 loading class 0x00007f95fd7d9bc0 done
Event: 0,073 loading class 0x00007f96040b5f60
Event: 0,073 loading class 0x00007f96040b5fc0
Event: 0,073 loading class 0x00007f96040b5fc0 done
Event: 0,073 loading class 0x00007f96040b5f60 done
Event: 0,073 loading class 0x00007f96040b5f90
Event: 0,073 loading class 0x00007f96040b5f90 done


Dynamic libraries:
00400000-00401000 r-xp 00000000 08:07 11144553                           /usr/lib/jvm/java-7-openjdk-amd64/jre/bin/java
00600000-00601000 r--p 00000000 08:07 11144553                           /usr/lib/jvm/java-7-openjdk-amd64/jre/bin/java
00601000-00602000 rw-p 00001000 08:07 11144553                           /usr/lib/jvm/java-7-openjdk-amd64/jre/bin/java
01927000-01948000 rw-p 00000000 00:00 0                                  [heap]
b9a00000-baf00000 rw-p 00000000 00:00 0 
baf00000-c4000000 rw-p 00000000 00:00 0 
c4000000-c6800000 rw-p 00000000 00:00 0 
c6800000-ec000000 rw-p 00000000 00:00 0 
ec000000-ed400000 rw-p 00000000 00:00 0 
ed400000-100000000 rw-p 00000000 00:00 0 
7f95c8000000-7f95c8021000 rw-p 00000000 00:00 0 
7f95c8021000-7f95cc000000 ---p 00000000 00:00 0 
7f95cc000000-7f95cc021000 rw-p 00000000 00:00 0 
7f95cc021000-7f95d0000000 ---p 00000000 00:00 0 
7f95d0000000-7f95d0021000 rw-p 00000000 00:00 0 
7f95d0021000-7f95d4000000 ---p 00000000 00:00 0 
7f95d4000000-7f95d4021000 rw-p 00000000 00:00 0 
7f95d4021000-7f95d8000000 ---p 00000000 00:00 0 
7f95d8000000-7f95d8021000 rw-p 00000000 00:00 0 
7f95d8021000-7f95dc000000 ---p 00000000 00:00 0 
7f95df4c7000-7f95df701000 rw-p 00000000 00:00 0 
7f95df701000-7f95df702000 r-xp 00000000 08:07 11541603                   /home/mateusz/git/Lab1_RMI/src/view/dll.so
7f95df702000-7f95df901000 ---p 00001000 08:07 11541603                   /home/mateusz/git/Lab1_RMI/src/view/dll.so
7f95df901000-7f95df902000 r--p 00000000 08:07 11541603                   /home/mateusz/git/Lab1_RMI/src/view/dll.so
7f95df902000-7f95df903000 rw-p 00001000 08:07 11541603                   /home/mateusz/git/Lab1_RMI/src/view/dll.so
7f95df903000-7f95df904000 ---p 00000000 00:00 0 
7f95df904000-7f95dfa04000 rw-p 00000000 00:00 0                          [stack:6501]
7f95dfa04000-7f95dfa07000 ---p 00000000 00:00 0 
7f95dfa07000-7f95dfb05000 rw-p 00000000 00:00 0                          [stack:6500]
7f95dfb05000-7f95dfb08000 ---p 00000000 00:00 0 
7f95dfb08000-7f95dfc06000 rw-p 00000000 00:00 0                          [stack:6499]
7f95dfc06000-7f95e0000000 r--p 00000000 08:07 11016475                   /usr/lib/locale/locale-archive
7f95e0000000-7f95e0021000 rw-p 00000000 00:00 0 
7f95e0021000-7f95e4000000 ---p 00000000 00:00 0 
7f95e4000000-7f95e4021000 rw-p 00000000 00:00 0 
7f95e4021000-7f95e8000000 ---p 00000000 00:00 0 
7f95e8000000-7f95e8021000 rw-p 00000000 00:00 0 
7f95e8021000-7f95ec000000 ---p 00000000 00:00 0 
7f95ec000000-7f95ec021000 rw-p 00000000 00:00 0 
7f95ec021000-7f95f0000000 ---p 00000000 00:00 0 
7f95f0000000-7f95f0021000 rw-p 00000000 00:00 0 
7f95f0021000-7f95f4000000 ---p 00000000 00:00 0 
7f95f4000000-7f95f4021000 rw-p 00000000 00:00 0 
7f95f4021000-7f95f8000000 ---p 00000000 00:00 0 
7f95f8000000-7f95f8021000 rw-p 00000000 00:00 0 
7f95f8021000-7f95fc000000 ---p 00000000 00:00 0 
7f95fc090000-7f95fc093000 ---p 00000000 00:00 0 
7f95fc093000-7f95fc191000 rw-p 00000000 00:00 0                          [stack:6498]
7f95fc191000-7f95fc194000 ---p 00000000 00:00 0 
7f95fc194000-7f95fc292000 rw-p 00000000 00:00 0                          [stack:6497]
7f95fc292000-7f95fc295000 ---p 00000000 00:00 0 
7f95fc295000-7f95fc393000 rw-p 00000000 00:00 0                          [stack:6496]
7f95fc393000-7f95fc396000 ---p 00000000 00:00 0 
7f95fc396000-7f95fc494000 rw-p 00000000 00:00 0                          [stack:6495]
7f95fc494000-7f95fc495000 ---p 00000000 00:00 0 
7f95fc495000-7f95fd571000 rw-p 00000000 00:00 0                          [stack:6494]
7f95fd571000-7f95fd722000 r--s 01d25000 08:07 11144524                   /usr/lib/jvm/java-7-openjdk-amd64/jre/lib/rt.jar
7f95fd722000-7f95ffd56000 rw-p 00000000 00:00 0 
7f95ffd56000-7f95ffd57000 ---p 00000000 00:00 0 
7f95ffd57000-7f95ffe57000 rw-p 00000000 00:00 0                          [stack:6493]
7f95ffe57000-7f95ffe58000 ---p 00000000 00:00 0 
7f95ffe58000-7f95fff58000 rw-p 00000000 00:00 0                          [stack:6492]
7f95fff58000-7f95fff59000 ---p 00000000 00:00 0 
7f95fff59000-7f9600059000 rw-p 00000000 00:00 0                          [stack:6491]
7f9600059000-7f960005a000 ---p 00000000 00:00 0 
7f960005a000-7f9600165000 rw-p 00000000 00:00 0                          [stack:6490]
7f9600165000-7f96001ad000 rw-p 00000000 00:00 0 
7f96001ad000-7f96001c1000 rw-p 00000000 00:00 0 
7f96001c1000-7f96002ed000 rw-p 00000000 00:00 0 
7f96002ed000-7f96002f7000 rw-p 00000000 00:00 0 
7f96002f7000-7f960038d000 rw-p 00000000 00:00 0 
7f960038d000-7f960038e000 rw-p 00000000 00:00 0 
7f960038e000-7f96005fe000 rwxp 00000000 00:00 0 
7f96005fe000-7f960338e000 rw-p 00000000 00:00 0 
7f960338e000-7f9603396000 r-xp 00000000 08:07 11143820                   /usr/lib/jvm/java-7-openjdk-amd64/jre/lib/amd64/libzip.so
7f9603396000-7f9603595000 ---p 00008000 08:07 11143820                   /usr/lib/jvm/java-7-openjdk-amd64/jre/lib/amd64/libzip.so
7f9603595000-7f9603596000 r--p 00007000 08:07 11143820                   /usr/lib/jvm/java-7-openjdk-amd64/jre/lib/amd64/libzip.so
7f9603596000-7f9603597000 rw-p 00008000 08:07 11143820                   /usr/lib/jvm/java-7-openjdk-amd64/jre/lib/amd64/libzip.so
7f9603597000-7f96035a2000 r-xp 00000000 08:07 3674506                    /lib/x86_64-linux-gnu/libnss_files-2.19.so
7f96035a2000-7f96037a1000 ---p 0000b000 08:07 3674506                    /lib/x86_64-linux-gnu/libnss_files-2.19.so
7f96037a1000-7f96037a2000 r--p 0000a000 08:07 3674506                    /lib/x86_64-linux-gnu/libnss_files-2.19.so
7f96037a2000-7f96037a3000 rw-p 0000b000 08:07 3674506                    /lib/x86_64-linux-gnu/libnss_files-2.19.so
7f96037a3000-7f96037ae000 r-xp 00000000 08:07 3674507                    /lib/x86_64-linux-gnu/libnss_nis-2.19.so
7f96037ae000-7f96039ad000 ---p 0000b000 08:07 3674507                    /lib/x86_64-linux-gnu/libnss_nis-2.19.so
7f96039ad000-7f96039ae000 r--p 0000a000 08:07 3674507                    /lib/x86_64-linux-gnu/libnss_nis-2.19.so
7f96039ae000-7f96039af000 rw-p 0000b000 08:07 3674507                    /lib/x86_64-linux-gnu/libnss_nis-2.19.so
7f96039af000-7f96039c6000 r-xp 00000000 08:07 3674493                    /lib/x86_64-linux-gnu/libnsl-2.19.so
7f96039c6000-7f9603bc5000 ---p 00017000 08:07 3674493                    /lib/x86_64-linux-gnu/libnsl-2.19.so
7f9603bc5000-7f9603bc6000 r--p 00016000 08:07 3674493                    /lib/x86_64-linux-gnu/libnsl-2.19.so
7f9603bc6000-7f9603bc7000 rw-p 00017000 08:07 3674493                    /lib/x86_64-linux-gnu/libnsl-2.19.so
7f9603bc7000-7f9603bc9000 rw-p 00000000 00:00 0 
7f9603bc9000-7f9603bd2000 r-xp 00000000 08:07 3674490                    /lib/x86_64-linux-gnu/libnss_compat-2.19.so
7f9603bd2000-7f9603dd1000 ---p 00009000 08:07 3674490                    /lib/x86_64-linux-gnu/libnss_compat-2.19.so
7f9603dd1000-7f9603dd2000 r--p 00008000 08:07 3674490                    /lib/x86_64-linux-gnu/libnss_compat-2.19.so
7f9603dd2000-7f9603dd3000 rw-p 00009000 08:07 3674490                    /lib/x86_64-linux-gnu/libnss_compat-2.19.so
7f9603dd3000-7f9603dfe000 r-xp 00000000 08:07 11144124                   /usr/lib/jvm/java-7-openjdk-amd64/jre/lib/amd64/libjava.so
7f9603dfe000-7f9603ffd000 ---p 0002b000 08:07 11144124                   /usr/lib/jvm/java-7-openjdk-amd64/jre/lib/amd64/libjava.so
7f9603ffd000-7f9603ffe000 r--p 0002a000 08:07 11144124                   /usr/lib/jvm/java-7-openjdk-amd64/jre/lib/amd64/libjava.so
7f9603ffe000-7f9604000000 rw-p 0002b000 08:07 11144124                   /usr/lib/jvm/java-7-openjdk-amd64/jre/lib/amd64/libjava.so
7f9604000000-7f9604101000 rw-p 00000000 00:00 0 
7f9604101000-7f9608000000 ---p 00000000 00:00 0 
7f9608004000-7f9608058000 rw-p 00000000 00:00 0 
7f9608058000-7f96080a0000 rw-p 00000000 00:00 0 
7f96080a0000-7f96080b4000 rw-p 00000000 00:00 0 
7f96080b4000-7f96081e0000 rw-p 00000000 00:00 0 
7f96081e0000-7f96081f0000 r-xp 00000000 08:07 11144473                   /usr/lib/jvm/java-7-openjdk-amd64/jre/lib/amd64/libverify.so
7f96081f0000-7f96083ef000 ---p 00010000 08:07 11144473                   /usr/lib/jvm/java-7-openjdk-amd64/jre/lib/amd64/libverify.so
7f96083ef000-7f96083f1000 r--p 0000f000 08:07 11144473                   /usr/lib/jvm/java-7-openjdk-amd64/jre/lib/amd64/libverify.so
7f96083f1000-7f96083f2000 rw-p 00011000 08:07 11144473                   /usr/lib/jvm/java-7-openjdk-amd64/jre/lib/amd64/libverify.so
7f96083f2000-7f96083f9000 r-xp 00000000 08:07 3674495                    /lib/x86_64-linux-gnu/librt-2.19.so
7f96083f9000-7f96085f8000 ---p 00007000 08:07 3674495                    /lib/x86_64-linux-gnu/librt-2.19.so
7f96085f8000-7f96085f9000 r--p 00006000 08:07 3674495                    /lib/x86_64-linux-gnu/librt-2.19.so
7f96085f9000-7f96085fa000 rw-p 00007000 08:07 3674495                    /lib/x86_64-linux-gnu/librt-2.19.so
7f96085fa000-7f9608610000 r-xp 00000000 08:07 3671105                    /lib/x86_64-linux-gnu/libgcc_s.so.1
7f9608610000-7f960880f000 ---p 00016000 08:07 3671105                    /lib/x86_64-linux-gnu/libgcc_s.so.1
7f960880f000-7f9608810000 rw-p 00015000 08:07 3671105                    /lib/x86_64-linux-gnu/libgcc_s.so.1
7f9608810000-7f9608915000 r-xp 00000000 08:07 3674502                    /lib/x86_64-linux-gnu/libm-2.19.so
7f9608915000-7f9608b14000 ---p 00105000 08:07 3674502                    /lib/x86_64-linux-gnu/libm-2.19.so
7f9608b14000-7f9608b15000 r--p 00104000 08:07 3674502                    /lib/x86_64-linux-gnu/libm-2.19.so
7f9608b15000-7f9608b16000 rw-p 00105000 08:07 3674502                    /lib/x86_64-linux-gnu/libm-2.19.so
7f9608b16000-7f9608bfc000 r-xp 00000000 08:07 11018812                   /usr/lib/x86_64-linux-gnu/libstdc++.so.6.0.19
7f9608bfc000-7f9608dfb000 ---p 000e6000 08:07 11018812                   /usr/lib/x86_64-linux-gnu/libstdc++.so.6.0.19
7f9608dfb000-7f9608e03000 r--p 000e5000 08:07 11018812                   /usr/lib/x86_64-linux-gnu/libstdc++.so.6.0.19
7f9608e03000-7f9608e05000 rw-p 000ed000 08:07 11018812                   /usr/lib/x86_64-linux-gnu/libstdc++.so.6.0.19
7f9608e05000-7f9608e1a000 rw-p 00000000 00:00 0 
7f9608e1a000-7f9609930000 r-xp 00000000 08:07 11144483                   /usr/lib/jvm/java-7-openjdk-amd64/jre/lib/amd64/server/libjvm.so
7f9609930000-7f9609b2f000 ---p 00b16000 08:07 11144483                   /usr/lib/jvm/java-7-openjdk-amd64/jre/lib/amd64/server/libjvm.so
7f9609b2f000-7f9609bc9000 r--p 00b15000 08:07 11144483                   /usr/lib/jvm/java-7-openjdk-amd64/jre/lib/amd64/server/libjvm.so
7f9609bc9000-7f9609bec000 rw-p 00baf000 08:07 11144483                   /usr/lib/jvm/java-7-openjdk-amd64/jre/lib/amd64/server/libjvm.so
7f9609bec000-7f9609c1a000 rw-p 00000000 00:00 0 
7f9609c1a000-7f9609c32000 r-xp 00000000 08:07 3674376                    /lib/x86_64-linux-gnu/libz.so.1.2.8
7f9609c32000-7f9609e31000 ---p 00018000 08:07 3674376                    /lib/x86_64-linux-gnu/libz.so.1.2.8
7f9609e31000-7f9609e32000 r--p 00017000 08:07 3674376                    /lib/x86_64-linux-gnu/libz.so.1.2.8
7f9609e32000-7f9609e33000 rw-p 00018000 08:07 3674376                    /lib/x86_64-linux-gnu/libz.so.1.2.8
7f9609e33000-7f9609e4c000 r-xp 00000000 08:07 3674512                    /lib/x86_64-linux-gnu/libpthread-2.19.so
7f9609e4c000-7f960a04b000 ---p 00019000 08:07 3674512                    /lib/x86_64-linux-gnu/libpthread-2.19.so
7f960a04b000-7f960a04c000 r--p 00018000 08:07 3674512                    /lib/x86_64-linux-gnu/libpthread-2.19.so
7f960a04c000-7f960a04d000 rw-p 00019000 08:07 3674512                    /lib/x86_64-linux-gnu/libpthread-2.19.so
7f960a04d000-7f960a051000 rw-p 00000000 00:00 0 
7f960a051000-7f960a054000 r-xp 00000000 08:07 3674511                    /lib/x86_64-linux-gnu/libdl-2.19.so
7f960a054000-7f960a253000 ---p 00003000 08:07 3674511                    /lib/x86_64-linux-gnu/libdl-2.19.so
7f960a253000-7f960a254000 r--p 00002000 08:07 3674511                    /lib/x86_64-linux-gnu/libdl-2.19.so
7f960a254000-7f960a255000 rw-p 00003000 08:07 3674511                    /lib/x86_64-linux-gnu/libdl-2.19.so
7f960a255000-7f960a410000 r-xp 00000000 08:07 3674499                    /lib/x86_64-linux-gnu/libc-2.19.so
7f960a410000-7f960a610000 ---p 001bb000 08:07 3674499                    /lib/x86_64-linux-gnu/libc-2.19.so
7f960a610000-7f960a614000 r--p 001bb000 08:07 3674499                    /lib/x86_64-linux-gnu/libc-2.19.so
7f960a614000-7f960a616000 rw-p 001bf000 08:07 3674499                    /lib/x86_64-linux-gnu/libc-2.19.so
7f960a616000-7f960a61b000 rw-p 00000000 00:00 0 
7f960a61b000-7f960a628000 r-xp 00000000 08:07 11144120                   /usr/lib/jvm/java-7-openjdk-amd64/jre/lib/amd64/jli/libjli.so
7f960a628000-7f960a827000 ---p 0000d000 08:07 11144120                   /usr/lib/jvm/java-7-openjdk-amd64/jre/lib/amd64/jli/libjli.so
7f960a827000-7f960a828000 r--p 0000c000 08:07 11144120                   /usr/lib/jvm/java-7-openjdk-amd64/jre/lib/amd64/jli/libjli.so
7f960a828000-7f960a829000 rw-p 0000d000 08:07 11144120                   /usr/lib/jvm/java-7-openjdk-amd64/jre/lib/amd64/jli/libjli.so
7f960a829000-7f960a84c000 r-xp 00000000 08:07 3674500                    /lib/x86_64-linux-gnu/ld-2.19.so
7f960a84c000-7f960a86e000 rw-p 00000000 00:00 0 
7f960a86e000-7f960a924000 rw-p 00000000 00:00 0 
7f960a924000-7f960a927000 ---p 00000000 00:00 0 
7f960a927000-7f960aa2b000 rw-p 00000000 00:00 0                          [stack:6489]
7f960aa2b000-7f960aa2f000 r--s 00034000 08:07 11144522                   /usr/lib/jvm/java-7-openjdk-amd64/jre/lib/ext/sunjce_provider.jar
7f960aa2f000-7f960aa33000 r--s 0003c000 08:07 11144520                   /usr/lib/jvm/java-7-openjdk-amd64/jre/lib/ext/sunpkcs11.jar
7f960aa33000-7f960aa35000 r--s 00012000 08:07 11144519                   /usr/lib/jvm/java-7-openjdk-amd64/jre/lib/ext/zipfs.jar
7f960aa35000-7f960aa39000 r--s 00085000 08:07 11144521                   /usr/lib/jvm/java-7-openjdk-amd64/jre/lib/ext/localedata.jar
7f960aa39000-7f960aa3c000 r--s 0000f000 08:07 11144518                   /usr/lib/jvm/java-7-openjdk-amd64/jre/lib/ext/icedtea-sound.jar
7f960aa3c000-7f960aa3e000 r--s 00006000 08:07 11539886                   /usr/share/java/java-atk-wrapper.jar
7f960aa3e000-7f960aa3f000 r--s 00002000 08:07 11144523                   /usr/lib/jvm/java-7-openjdk-amd64/jre/lib/ext/dnsns.jar
7f960aa3f000-7f960aa47000 rw-s 00000000 08:07 10357099                   /tmp/hsperfdata_mateusz/6482
7f960aa47000-7f960aa48000 rw-p 00000000 00:00 0 
7f960aa48000-7f960aa49000 r--p 00000000 00:00 0 
7f960aa49000-7f960aa4b000 rw-p 00000000 00:00 0 
7f960aa4b000-7f960aa4c000 r--p 00022000 08:07 3674500                    /lib/x86_64-linux-gnu/ld-2.19.so
7f960aa4c000-7f960aa4d000 rw-p 00023000 08:07 3674500                    /lib/x86_64-linux-gnu/ld-2.19.so
7f960aa4d000-7f960aa4e000 rw-p 00000000 00:00 0 
7fffe3222000-7fffe3243000 rw-p 00000000 00:00 0                          [stack]
7fffe3390000-7fffe3392000 r-xp 00000000 00:00 0                          [vdso]
ffffffffff600000-ffffffffff601000 r-xp 00000000 00:00 0                  [vsyscall]

VM Arguments:
jvm_args: -Dfile.encoding=UTF-8 
java_command: view.Cpu
Launcher Type: SUN_STANDARD

Environment Variables:
PATH=/usr/local/sbin:/usr/local/bin:/usr/sbin:/usr/bin:/sbin:/bin:/usr/games:/usr/local/games
USERNAME=mateusz
SHELL=/bin/bash
DISPLAY=:0

Signal Handlers:
SIGSEGV: [libjvm.so+0x9495e0], sa_mask[0]=0x7ffbfeff, sa_flags=0x10000004
SIGBUS: [libjvm.so+0x9495e0], sa_mask[0]=0x7ffbfeff, sa_flags=0x10000004
SIGFPE: [libjvm.so+0x7c3410], sa_mask[0]=0x7ffbfeff, sa_flags=0x10000004
SIGPIPE: [libjvm.so+0x7c3410], sa_mask[0]=0x7ffbfeff, sa_flags=0x10000004
SIGXFSZ: [libjvm.so+0x7c3410], sa_mask[0]=0x7ffbfeff, sa_flags=0x10000004
SIGILL: [libjvm.so+0x7c3410], sa_mask[0]=0x7ffbfeff, sa_flags=0x10000004
SIGUSR1: SIG_DFL, sa_mask[0]=0x00000000, sa_flags=0x00000000
SIGUSR2: [libjvm.so+0x7c32b0], sa_mask[0]=0x00000004, sa_flags=0x10000004
SIGHUP: [libjvm.so+0x7c3490], sa_mask[0]=0x7ffbfeff, sa_flags=0x10000004
SIGINT: [libjvm.so+0x7c3490], sa_mask[0]=0x7ffbfeff, sa_flags=0x10000004
SIGTERM: [libjvm.so+0x7c3490], sa_mask[0]=0x7ffbfeff, sa_flags=0x10000004
SIGQUIT: [libjvm.so+0x7c3490], sa_mask[0]=0x7ffbfeff, sa_flags=0x10000004
SIGTRAP: SIG_DFL, sa_mask[0]=0x00000000, sa_flags=0x00000000


---------------  S Y S T E M  ---------------

OS:LinuxMint 17 (qiana)
uname:Linux 3.13.0-24-generic #47-Ubuntu SMP Fri May 2 23:30:00 UTC 2014 x86_64
libc:glibc 2.19 NPTL 2.19 
rlimit: STACK 8192k, CORE 0k, NPROC 30289, NOFILE 4096, AS infinity
load average:0,54 0,40 0,35

/proc/meminfo:
MemTotal:        3931284 kB
MemFree:          288184 kB
Buffers:          210076 kB
Cached:          1357136 kB
SwapCached:           20 kB
Active:          2382276 kB
Inactive:        1030704 kB
Active(anon):    1749084 kB
Inactive(anon):   250408 kB
Active(file):     633192 kB
Inactive(file):   780296 kB
Unevictable:           0 kB
Mlocked:               0 kB
SwapTotal:       3906556 kB
SwapFree:        3906512 kB
Dirty:               448 kB
Writeback:             0 kB
AnonPages:       1845708 kB
Mapped:           241728 kB
Shmem:            153728 kB
Slab:             145148 kB
SReclaimable:     118356 kB
SUnreclaim:        26792 kB
KernelStack:        3856 kB
PageTables:        24112 kB
NFS_Unstable:          0 kB
Bounce:                0 kB
WritebackTmp:          0 kB
CommitLimit:     5872196 kB
Committed_AS:    4062832 kB
VmallocTotal:   34359738367 kB
VmallocUsed:      348576 kB
VmallocChunk:   34359384028 kB
HardwareCorrupted:     0 kB
AnonHugePages:    974848 kB
HugePages_Total:       0
HugePages_Free:        0
HugePages_Rsvd:        0
HugePages_Surp:        0
Hugepagesize:       2048 kB
DirectMap4k:       65460 kB
DirectMap2M:     4012032 kB


CPU:total 4 (2 cores per cpu, 2 threads per core) family 6 model 58 stepping 9, cmov, cx8, fxsr, mmx, sse, sse2, sse3, ssse3, sse4.1, sse4.2, popcnt, avx, aes, erms, ht, tsc, tscinvbit, tscinv

/proc/cpuinfo:
processor	: 0
vendor_id	: GenuineIntel
cpu family	: 6
model		: 58
model name	: Intel(R) Core(TM) i5-3230M CPU @ 2.60GHz
stepping	: 9
microcode	: 0x12
cpu MHz		: 1200.000
cache size	: 3072 KB
physical id	: 0
siblings	: 4
core id		: 0
cpu cores	: 2
apicid		: 0
initial apicid	: 0
fpu		: yes
fpu_exception	: yes
cpuid level	: 13
wp		: yes
flags		: fpu vme de pse tsc msr pae mce cx8 apic sep mtrr pge mca cmov pat pse36 clflush dts acpi mmx fxsr sse sse2 ss ht tm pbe syscall nx rdtscp lm constant_tsc arch_perfmon pebs bts rep_good nopl xtopology nonstop_tsc aperfmperf eagerfpu pni pclmulqdq dtes64 monitor ds_cpl vmx est tm2 ssse3 cx16 xtpr pdcm pcid sse4_1 sse4_2 x2apic popcnt tsc_deadline_timer aes xsave avx f16c rdrand lahf_lm ida arat epb xsaveopt pln pts dtherm tpr_shadow vnmi flexpriority ept vpid fsgsbase smep erms
bogomips	: 5188.20
clflush size	: 64
cache_alignment	: 64
address sizes	: 36 bits physical, 48 bits virtual
power management:

processor	: 1
vendor_id	: GenuineIntel
cpu family	: 6
model		: 58
model name	: Intel(R) Core(TM) i5-3230M CPU @ 2.60GHz
stepping	: 9
microcode	: 0x12
cpu MHz		: 2000.000
cache size	: 3072 KB
physical id	: 0
siblings	: 4
core id		: 1
cpu cores	: 2
apicid		: 2
initial apicid	: 2
fpu		: yes
fpu_exception	: yes
cpuid level	: 13
wp		: yes
flags		: fpu vme de pse tsc msr pae mce cx8 apic sep mtrr pge mca cmov pat pse36 clflush dts acpi mmx fxsr sse sse2 ss ht tm pbe syscall nx rdtscp lm constant_tsc arch_perfmon pebs bts rep_good nopl xtopology nonstop_tsc aperfmperf eagerfpu pni pclmulqdq dtes64 monitor ds_cpl vmx est tm2 ssse3 cx16 xtpr pdcm pcid sse4_1 sse4_2 x2apic popcnt tsc_deadline_timer aes xsave avx f16c rdrand lahf_lm ida arat epb xsaveopt pln pts dtherm tpr_shadow vnmi flexpriority ept vpid fsgsbase smep erms
bogomips	: 5188.20
clflush size	: 64
cache_alignment	: 64
address sizes	: 36 bits physical, 48 bits virtual
power management:

processor	: 2
vendor_id	: GenuineIntel
cpu family	: 6
model		: 58
model name	: Intel(R) Core(TM) i5-3230M CPU @ 2.60GHz
stepping	: 9
microcode	: 0x12
cpu MHz		: 1200.000
cache size	: 3072 KB
physical id	: 0
siblings	: 4
core id		: 0
cpu cores	: 2
apicid		: 1
initial apicid	: 1
fpu		: yes
fpu_exception	: yes
cpuid level	: 13
wp		: yes
flags		: fpu vme de pse tsc msr pae mce cx8 apic sep mtrr pge mca cmov pat pse36 clflush dts acpi mmx fxsr sse sse2 ss ht tm pbe syscall nx rdtscp lm constant_tsc arch_perfmon pebs bts rep_good nopl xtopology nonstop_tsc aperfmperf eagerfpu pni pclmulqdq dtes64 monitor ds_cpl vmx est tm2 ssse3 cx16 xtpr pdcm pcid sse4_1 sse4_2 x2apic popcnt tsc_deadline_timer aes xsave avx f16c rdrand lahf_lm ida arat epb xsaveopt pln pts dtherm tpr_shadow vnmi flexpriority ept vpid fsgsbase smep erms
bogomips	: 5188.20
clflush size	: 64
cache_alignment	: 64
address sizes	: 36 bits physical, 48 bits virtual
power management:

processor	: 3
vendor_id	: GenuineIntel
cpu family	: 6
model		: 58
model name	: Intel(R) Core(TM) i5-3230M CPU @ 2.60GHz
stepping	: 9
microcode	: 0x12
cpu MHz		: 1200.000
cache size	: 3072 KB
physical id	: 0
siblings	: 4
core id		: 1
cpu cores	: 2
apicid		: 3
initial apicid	: 3
fpu		: yes
fpu_exception	: yes
cpuid level	: 13
wp		: yes
flags		: fpu vme de pse tsc msr pae mce cx8 apic sep mtrr pge mca cmov pat pse36 clflush dts acpi mmx fxsr sse sse2 ss ht tm pbe syscall nx rdtscp lm constant_tsc arch_perfmon pebs bts rep_good nopl xtopology nonstop_tsc aperfmperf eagerfpu pni pclmulqdq dtes64 monitor ds_cpl vmx est tm2 ssse3 cx16 xtpr pdcm pcid sse4_1 sse4_2 x2apic popcnt tsc_deadline_timer aes xsave avx f16c rdrand lahf_lm ida arat epb xsaveopt pln pts dtherm tpr_shadow vnmi flexpriority ept vpid fsgsbase smep erms
bogomips	: 5188.20
clflush size	: 64
cache_alignment	: 64
address sizes	: 36 bits physical, 48 bits virtual
power management:



Memory: 4k page, physical 3931284k(288184k free), swap 3906556k(3906512k free)

vm_info: OpenJDK 64-Bit Server VM (24.65-b04) for linux-amd64 JRE (1.7.0_65-b32), built on Oct 22 2014 04:37:44 by "buildd" with gcc 4.8.2

time: Thu Nov 13 00:57:15 2014
elapsed time: 0 seconds

