#
# A fatal error has been detected by the Java Runtime Environment:
#
#  SIGSEGV (0xb) at pc=0x00007fbd2092aa0c, pid=6191, tid=140450279761664
#
# JRE version: OpenJDK Runtime Environment (7.0_65-b32) (build 1.7.0_65-b32)
# Java VM: OpenJDK 64-Bit Server VM (24.65-b04 mixed mode linux-amd64 compressed oops)
# Derivative: IcedTea 2.5.3
# Distribution: Ubuntu 14.04 LTS, package 7u71-2.5.3-0ubuntu0.14.04.1
# Problematic frame:
# C  [libc.so.6+0x6fa0c]  getdelim+0x2c
#
# Failed to write core dump. Core dumps have been disabled. To enable core dumping, try "ulimit -c unlimited" before starting Java again
#
# If you would like to submit a bug report, please include
# instructions on how to reproduce the bug and visit:
#   http://icedtea.classpath.org/bugzilla
# The crash happened outside the Java Virtual Machine in native code.
# See problematic frame for where to report the bug.
#

---------------  T H R E A D  ---------------

Current thread (0x00007fbd1800a000):  JavaThread "main" [_thread_in_native, id=6197, stack(0x00007fbd20f8a000,0x00007fbd2108b000)]

siginfo:si_signo=SIGSEGV: si_errno=0, si_code=1 (SEGV_MAPERR), si_addr=0x0000000000000000

Registers:
RAX=0x00007fbd21089900, RBX=0x00000000b9cac6d0, RCX=0x0000000000000000, RDX=0x000000000000000a
RSP=0x00007fbd21089870, RBP=0x00007fbd21089920, RSI=0x00007fbd21089908, RDI=0x00007fbd21089900
R8 =0x00007fbd2108a700, R9 =0x0000000000000000, R10=0x0000000000000008, R11=0x0000000000000000
R12=0x00007fbd21089900, R13=0x00000000b9cac6d0, R14=0x00007fbd21089998, R15=0x00007fbd1800a000
RIP=0x00007fbd2092aa0c, EFLAGS=0x0000000000010202, CSGSFS=0x0000000000000033, ERR=0x0000000000000004
  TRAPNO=0x000000000000000e

Top of Stack: (sp=0x00007fbd21089870)
0x00007fbd21089870:   00007fbd140fbad4 00007fbd140fba98
0x00007fbd21089880:   00007fbd21089908 0000000a21089998
0x00007fbd21089890:   00007fbd1800a000 00000000b9cac6d0
0x00007fbd210898a0:   00007fbd21089920 0000000000000000
0x00007fbd210898b0:   00000000b9cac6d0 00007fbd21089998
0x00007fbd210898c0:   00007fbd1800a000 00007fbd140fba6a
0x00007fbd210898d0:   00007fbd21089998 00007fbd1800a1d8
0x00007fbd210898e0:   00007fbd1800a000 00007fbd1501dcc3
0x00007fbd210898f0:   00000000b9cac6d0 0000000000000000
0x00007fbd21089900:   0000000000000000 0000000000000000
0x00007fbd21089910:   0000000000000000 00007fbd15012c2d
0x00007fbd21089920:   00007fbd21089978 00007fbd15012d98
0x00007fbd21089930:   00000000fffffffe 00007fbd21089938
0x00007fbd21089940:   00000000b9cac6d0 00007fbd21089998
0x00007fbd21089950:   00000000b9cacac0 0000000000000000
0x00007fbd21089960:   00000000b9cac6d0 0000000000000000
0x00007fbd21089970:   00007fbd21089998 00007fbd210899f0
0x00007fbd21089980:   00007fbd150061d4 0000000000000000
0x00007fbd21089990:   00007fbd1500ecd6 00000000ec09a998
0x00007fbd210899a0:   00000000ec09b5b8 00000000ec01bd18
0x00007fbd210899b0:   00007fbd210899b0 00000000b9cac7d3
0x00007fbd210899c0:   00007fbd21089a08 00000000b9cacac0
0x00007fbd210899d0:   0000000000000000 00000000b9cac808
0x00007fbd210899e0:   00007fbd21089998 00007fbd21089a08
0x00007fbd210899f0:   00007fbd21089a70 00007fbd150004e7
0x00007fbd21089a00:   00000000ec09a998 00000000ec09a218
0x00007fbd21089a10:   00007fbd00001fa0 00007fbd21089ab0
0x00007fbd21089a20:   00007fbd21089cf0 00007fbd21089c30
0x00007fbd21089a30:   00007fbd1800a000 00007fbd1800aab0
0x00007fbd21089a40:   00007fbd21089af0 00007fbd21089cf8
0x00007fbd21089a50:   00007fbd0000000a 00000000b9cac808
0x00007fbd21089a60:   00007fbd15010360 00007fbd21089c38 

Instructions: (pc=0x00007fbd2092aa0c)
0x00007fbd2092a9ec:   53 48 83 ec 28 48 85 ff 48 89 74 24 10 89 54 24
0x00007fbd2092a9fc:   1c 0f 84 4c 02 00 00 48 85 f6 0f 84 43 02 00 00
0x00007fbd2092aa0c:   8b 11 48 89 cb 89 d0 41 89 d7 25 00 80 00 00 75
0x00007fbd2092aa1c:   57 4c 8b 81 88 00 00 00 64 4c 8b 0c 25 10 00 00 

Register to memory mapping:

RAX=0x00007fbd21089900 is pointing into the stack for thread: 0x00007fbd1800a000
RBX=0x00000000b9cac6d0 is an oop
{method} 
 - klass: {other class}
RCX=0x0000000000000000 is an unknown value
RDX=0x000000000000000a is an unknown value
RSP=0x00007fbd21089870 is pointing into the stack for thread: 0x00007fbd1800a000
RBP=0x00007fbd21089920 is pointing into the stack for thread: 0x00007fbd1800a000
RSI=0x00007fbd21089908 is pointing into the stack for thread: 0x00007fbd1800a000
RDI=0x00007fbd21089900 is pointing into the stack for thread: 0x00007fbd1800a000
R8 =0x00007fbd2108a700 is pointing into the stack for thread: 0x00007fbd1800a000
R9 =0x0000000000000000 is an unknown value
R10=0x0000000000000008 is an unknown value
R11=0x0000000000000000 is an unknown value
R12=0x00007fbd21089900 is pointing into the stack for thread: 0x00007fbd1800a000
R13=0x00000000b9cac6d0 is an oop
{method} 
 - klass: {other class}
R14=0x00007fbd21089998 is pointing into the stack for thread: 0x00007fbd1800a000
R15=0x00007fbd1800a000 is a thread


Stack: [0x00007fbd20f8a000,0x00007fbd2108b000],  sp=0x00007fbd21089870,  free space=1022k
Native frames: (J=compiled Java code, j=interpreted, Vv=VM code, C=native code)
C  [libc.so.6+0x6fa0c]  getdelim+0x2c
j  view.Cpu.getBattery()I+0
j  view.Cpu.main([Ljava/lang/String;)V+51
v  ~StubRoutines::call_stub
V  [libjvm.so+0x5e8049]  JavaCalls::call_helper(JavaValue*, methodHandle*, JavaCallArguments*, Thread*)+0x339
V  [libjvm.so+0x5e7ae8]  JavaCalls::call(JavaValue*, methodHandle, JavaCallArguments*, Thread*)+0x28
V  [libjvm.so+0x5f6c1b]  jni_invoke_static(JNIEnv_*, JavaValue*, _jobject*, JNICallType, _jmethodID*, JNI_ArgumentPusher*, Thread*) [clone .isra.124] [clone .constprop.156]+0x28b
V  [libjvm.so+0x607e88]  jni_CallStaticVoidMethod+0x118
C  [libjli.so+0x31f9]

Java frames: (J=compiled Java code, j=interpreted, Vv=VM code)
j  view.Cpu.getBattery()I+0
j  view.Cpu.main([Ljava/lang/String;)V+51
v  ~StubRoutines::call_stub

---------------  P R O C E S S  ---------------

Java Threads: ( => current thread )
  0x00007fbd180b0800 JavaThread "Service Thread" daemon [_thread_blocked, id=6208, stack(0x00007fbd143fe000,0x00007fbd144ff000)]
  0x00007fbd180ae000 JavaThread "C2 CompilerThread1" daemon [_thread_blocked, id=6207, stack(0x00007fbd144ff000,0x00007fbd14600000)]
  0x00007fbd180ab000 JavaThread "C2 CompilerThread0" daemon [_thread_blocked, id=6206, stack(0x00007fbd14600000,0x00007fbd14701000)]
  0x00007fbd180a9000 JavaThread "Signal Dispatcher" daemon [_thread_blocked, id=6205, stack(0x00007fbd14701000,0x00007fbd14802000)]
  0x00007fbd1807b800 JavaThread "Finalizer" daemon [_thread_blocked, id=6204, stack(0x00007fbd14bfc000,0x00007fbd14cfd000)]
  0x00007fbd18079800 JavaThread "Reference Handler" daemon [_thread_blocked, id=6203, stack(0x00007fbd14cfd000,0x00007fbd14dfe000)]
=>0x00007fbd1800a000 JavaThread "main" [_thread_in_native, id=6197, stack(0x00007fbd20f8a000,0x00007fbd2108b000)]

Other Threads:
  0x00007fbd18075800 VMThread [stack: 0x00007fbd14dfe000,0x00007fbd14eff000] [id=6202]
  0x00007fbd180bb000 WatcherThread [stack: 0x00007fbd142fd000,0x00007fbd143fe000] [id=6209]

VM state:not at safepoint (normal execution)

VM Mutex/Monitor currently owned by a thread: None

Heap
 PSYoungGen      total 17920K, used 921K [0x00000000ec000000, 0x00000000ed400000, 0x0000000100000000)
  eden space 15360K, 6% used [0x00000000ec000000,0x00000000ec0e6780,0x00000000ecf00000)
  from space 2560K, 0% used [0x00000000ed180000,0x00000000ed180000,0x00000000ed400000)
  to   space 2560K, 0% used [0x00000000ecf00000,0x00000000ecf00000,0x00000000ed180000)
 ParOldGen       total 40960K, used 0K [0x00000000c4000000, 0x00000000c6800000, 0x00000000ec000000)
  object space 40960K, 0% used [0x00000000c4000000,0x00000000c4000000,0x00000000c6800000)
 PSPermGen       total 21504K, used 2780K [0x00000000b9a00000, 0x00000000baf00000, 0x00000000c4000000)
  object space 21504K, 12% used [0x00000000b9a00000,0x00000000b9cb7360,0x00000000baf00000)

Card table byte_map: [0x00007fbd1d9a0000,0x00007fbd1dbd4000] byte_map_base: 0x00007fbd1d3d3000

Polling page: 0x00007fbd210ae000

Code Cache  [0x00007fbd15000000, 0x00007fbd15270000, 0x00007fbd18000000)
 total_blobs=167 nmethods=0 adapters=136 free_code_cache=48773Kb largest_free_block=49944064

Compilation events (0 events):
No events

GC Heap History (0 events):
No events

Deoptimization events (0 events):
No events

Internal exceptions (5 events):
Event: 0,039 Thread 0x00007fbd1800a000 Threw 0x00000000ec00f0c8 at /build/buildd/openjdk-7-7u71-2.5.3/build/openjdk/hotspot/src/share/vm/prims/jni.cpp:3995
Event: 0,078 Thread 0x00007fbd1800a000 Threw 0x00000000ec047d00 at /build/buildd/openjdk-7-7u71-2.5.3/build/openjdk/hotspot/src/share/vm/prims/jni.cpp:721
Event: 0,079 Thread 0x00007fbd1800a000 Threw 0x00000000ec047e80 at /build/buildd/openjdk-7-7u71-2.5.3/build/openjdk/hotspot/src/share/vm/prims/jvm.cpp:1284
Event: 0,079 Thread 0x00007fbd1800a000 Threw 0x00000000ec047fa8 at /build/buildd/openjdk-7-7u71-2.5.3/build/openjdk/hotspot/src/share/vm/prims/jvm.cpp:1284
Event: 0,079 Thread 0x00007fbd1800a000 Threw 0x00000000ec049030 at /build/buildd/openjdk-7-7u71-2.5.3/build/openjdk/hotspot/src/share/vm/prims/jvm.cpp:1284

Events (10 events):
Event: 0,083 loading class 0x00007fbd180c1ed0
Event: 0,083 loading class 0x00007fbd180c1ed0 done
Event: 0,083 loading class 0x00007fbd1d194bc0
Event: 0,083 loading class 0x00007fbd1d194bc0 done
Event: 0,083 loading class 0x00007fbd180c22d0
Event: 0,083 loading class 0x00007fbd180c2330
Event: 0,083 loading class 0x00007fbd180c2330 done
Event: 0,083 loading class 0x00007fbd180c22d0 done
Event: 0,083 loading class 0x00007fbd180c2300
Event: 0,083 loading class 0x00007fbd180c2300 done


Dynamic libraries:
00400000-00401000 r-xp 00000000 08:07 11144553                           /usr/lib/jvm/java-7-openjdk-amd64/jre/bin/java
00600000-00601000 r--p 00000000 08:07 11144553                           /usr/lib/jvm/java-7-openjdk-amd64/jre/bin/java
00601000-00602000 rw-p 00001000 08:07 11144553                           /usr/lib/jvm/java-7-openjdk-amd64/jre/bin/java
00785000-007a6000 rw-p 00000000 00:00 0                                  [heap]
b9a00000-baf00000 rw-p 00000000 00:00 0 
baf00000-c4000000 rw-p 00000000 00:00 0 
c4000000-c6800000 rw-p 00000000 00:00 0 
c6800000-ec000000 rw-p 00000000 00:00 0 
ec000000-ed400000 rw-p 00000000 00:00 0 
ed400000-100000000 rw-p 00000000 00:00 0 
7fbce0000000-7fbce0021000 rw-p 00000000 00:00 0 
7fbce0021000-7fbce4000000 ---p 00000000 00:00 0 
7fbce4000000-7fbce4021000 rw-p 00000000 00:00 0 
7fbce4021000-7fbce8000000 ---p 00000000 00:00 0 
7fbce8000000-7fbce8021000 rw-p 00000000 00:00 0 
7fbce8021000-7fbcec000000 ---p 00000000 00:00 0 
7fbcec000000-7fbcec021000 rw-p 00000000 00:00 0 
7fbcec021000-7fbcf0000000 ---p 00000000 00:00 0 
7fbcf0000000-7fbcf0021000 rw-p 00000000 00:00 0 
7fbcf0021000-7fbcf4000000 ---p 00000000 00:00 0 
7fbcf4000000-7fbcf4021000 rw-p 00000000 00:00 0 
7fbcf4021000-7fbcf8000000 ---p 00000000 00:00 0 
7fbcf8000000-7fbcf8021000 rw-p 00000000 00:00 0 
7fbcf8021000-7fbcfc000000 ---p 00000000 00:00 0 
7fbcfc000000-7fbcfc021000 rw-p 00000000 00:00 0 
7fbcfc021000-7fbd00000000 ---p 00000000 00:00 0 
7fbd00000000-7fbd00021000 rw-p 00000000 00:00 0 
7fbd00021000-7fbd04000000 ---p 00000000 00:00 0 
7fbd05b6f000-7fbd08000000 rw-p 00000000 00:00 0 
7fbd08000000-7fbd08021000 rw-p 00000000 00:00 0 
7fbd08021000-7fbd0c000000 ---p 00000000 00:00 0 
7fbd0c000000-7fbd0c021000 rw-p 00000000 00:00 0 
7fbd0c021000-7fbd10000000 ---p 00000000 00:00 0 
7fbd10000000-7fbd10021000 rw-p 00000000 00:00 0 
7fbd10021000-7fbd14000000 ---p 00000000 00:00 0 
7fbd14022000-7fbd140fb000 rw-p 00000000 00:00 0 
7fbd140fb000-7fbd140fc000 r-xp 00000000 08:07 11541603                   /home/mateusz/git/Lab1_RMI/src/view/dll.so
7fbd140fc000-7fbd142fb000 ---p 00001000 08:07 11541603                   /home/mateusz/git/Lab1_RMI/src/view/dll.so
7fbd142fb000-7fbd142fc000 r--p 00000000 08:07 11541603                   /home/mateusz/git/Lab1_RMI/src/view/dll.so
7fbd142fc000-7fbd142fd000 rw-p 00001000 08:07 11541603                   /home/mateusz/git/Lab1_RMI/src/view/dll.so
7fbd142fd000-7fbd142fe000 ---p 00000000 00:00 0 
7fbd142fe000-7fbd143fe000 rw-p 00000000 00:00 0                          [stack:6209]
7fbd143fe000-7fbd14401000 ---p 00000000 00:00 0 
7fbd14401000-7fbd144ff000 rw-p 00000000 00:00 0                          [stack:6208]
7fbd144ff000-7fbd14502000 ---p 00000000 00:00 0 
7fbd14502000-7fbd14600000 rw-p 00000000 00:00 0                          [stack:6207]
7fbd14600000-7fbd14603000 ---p 00000000 00:00 0 
7fbd14603000-7fbd14701000 rw-p 00000000 00:00 0                          [stack:6206]
7fbd14701000-7fbd14704000 ---p 00000000 00:00 0 
7fbd14704000-7fbd14802000 rw-p 00000000 00:00 0                          [stack:6205]
7fbd14802000-7fbd14bfc000 r--p 00000000 08:07 11016475                   /usr/lib/locale/locale-archive
7fbd14bfc000-7fbd14bff000 ---p 00000000 00:00 0 
7fbd14bff000-7fbd14cfd000 rw-p 00000000 00:00 0                          [stack:6204]
7fbd14cfd000-7fbd14d00000 ---p 00000000 00:00 0 
7fbd14d00000-7fbd14dfe000 rw-p 00000000 00:00 0                          [stack:6203]
7fbd14dfe000-7fbd14dff000 ---p 00000000 00:00 0 
7fbd14dff000-7fbd15000000 rw-p 00000000 00:00 0                          [stack:6202]
7fbd15000000-7fbd15270000 rwxp 00000000 00:00 0 
7fbd15270000-7fbd18109000 rw-p 00000000 00:00 0 
7fbd18109000-7fbd1c000000 ---p 00000000 00:00 0 
7fbd1c030000-7fbd1cf2c000 rw-p 00000000 00:00 0 
7fbd1cf2c000-7fbd1d0dd000 r--s 01d25000 08:07 11144524                   /usr/lib/jvm/java-7-openjdk-amd64/jre/lib/rt.jar
7fbd1d0dd000-7fbd1d409000 rw-p 00000000 00:00 0 
7fbd1d409000-7fbd1d40a000 ---p 00000000 00:00 0 
7fbd1d40a000-7fbd1d50a000 rw-p 00000000 00:00 0                          [stack:6201]
7fbd1d50a000-7fbd1d50b000 ---p 00000000 00:00 0 
7fbd1d50b000-7fbd1d60b000 rw-p 00000000 00:00 0                          [stack:6200]
7fbd1d60b000-7fbd1d60c000 ---p 00000000 00:00 0 
7fbd1d60c000-7fbd1d70c000 rw-p 00000000 00:00 0                          [stack:6199]
7fbd1d70c000-7fbd1d70d000 ---p 00000000 00:00 0 
7fbd1d70d000-7fbd1d818000 rw-p 00000000 00:00 0                          [stack:6198]
7fbd1d818000-7fbd1d860000 rw-p 00000000 00:00 0 
7fbd1d860000-7fbd1d874000 rw-p 00000000 00:00 0 
7fbd1d874000-7fbd1d9a0000 rw-p 00000000 00:00 0 
7fbd1d9a0000-7fbd1d9ab000 rw-p 00000000 00:00 0 
7fbd1d9ab000-7fbd1d9f3000 rw-p 00000000 00:00 0 
7fbd1d9f3000-7fbd1da07000 rw-p 00000000 00:00 0 
7fbd1da07000-7fbd1db33000 rw-p 00000000 00:00 0 
7fbd1db33000-7fbd1db3d000 rw-p 00000000 00:00 0 
7fbd1db3d000-7fbd1dbd3000 rw-p 00000000 00:00 0 
7fbd1dbd3000-7fbd1dbd4000 rw-p 00000000 00:00 0 
7fbd1dbd4000-7fbd1dbdc000 r-xp 00000000 08:07 11143820                   /usr/lib/jvm/java-7-openjdk-amd64/jre/lib/amd64/libzip.so
7fbd1dbdc000-7fbd1dddb000 ---p 00008000 08:07 11143820                   /usr/lib/jvm/java-7-openjdk-amd64/jre/lib/amd64/libzip.so
7fbd1dddb000-7fbd1dddc000 r--p 00007000 08:07 11143820                   /usr/lib/jvm/java-7-openjdk-amd64/jre/lib/amd64/libzip.so
7fbd1dddc000-7fbd1dddd000 rw-p 00008000 08:07 11143820                   /usr/lib/jvm/java-7-openjdk-amd64/jre/lib/amd64/libzip.so
7fbd1dddd000-7fbd1dde8000 r-xp 00000000 08:07 3674506                    /lib/x86_64-linux-gnu/libnss_files-2.19.so
7fbd1dde8000-7fbd1dfe7000 ---p 0000b000 08:07 3674506                    /lib/x86_64-linux-gnu/libnss_files-2.19.so
7fbd1dfe7000-7fbd1dfe8000 r--p 0000a000 08:07 3674506                    /lib/x86_64-linux-gnu/libnss_files-2.19.so
7fbd1dfe8000-7fbd1dfe9000 rw-p 0000b000 08:07 3674506                    /lib/x86_64-linux-gnu/libnss_files-2.19.so
7fbd1dfe9000-7fbd1dff4000 r-xp 00000000 08:07 3674507                    /lib/x86_64-linux-gnu/libnss_nis-2.19.so
7fbd1dff4000-7fbd1e1f3000 ---p 0000b000 08:07 3674507                    /lib/x86_64-linux-gnu/libnss_nis-2.19.so
7fbd1e1f3000-7fbd1e1f4000 r--p 0000a000 08:07 3674507                    /lib/x86_64-linux-gnu/libnss_nis-2.19.so
7fbd1e1f4000-7fbd1e1f5000 rw-p 0000b000 08:07 3674507                    /lib/x86_64-linux-gnu/libnss_nis-2.19.so
7fbd1e1f5000-7fbd1e20c000 r-xp 00000000 08:07 3674493                    /lib/x86_64-linux-gnu/libnsl-2.19.so
7fbd1e20c000-7fbd1e40b000 ---p 00017000 08:07 3674493                    /lib/x86_64-linux-gnu/libnsl-2.19.so
7fbd1e40b000-7fbd1e40c000 r--p 00016000 08:07 3674493                    /lib/x86_64-linux-gnu/libnsl-2.19.so
7fbd1e40c000-7fbd1e40d000 rw-p 00017000 08:07 3674493                    /lib/x86_64-linux-gnu/libnsl-2.19.so
7fbd1e40d000-7fbd1e40f000 rw-p 00000000 00:00 0 
7fbd1e40f000-7fbd1e418000 r-xp 00000000 08:07 3674490                    /lib/x86_64-linux-gnu/libnss_compat-2.19.so
7fbd1e418000-7fbd1e617000 ---p 00009000 08:07 3674490                    /lib/x86_64-linux-gnu/libnss_compat-2.19.so
7fbd1e617000-7fbd1e618000 r--p 00008000 08:07 3674490                    /lib/x86_64-linux-gnu/libnss_compat-2.19.so
7fbd1e618000-7fbd1e619000 rw-p 00009000 08:07 3674490                    /lib/x86_64-linux-gnu/libnss_compat-2.19.so
7fbd1e619000-7fbd1e644000 r-xp 00000000 08:07 11144124                   /usr/lib/jvm/java-7-openjdk-amd64/jre/lib/amd64/libjava.so
7fbd1e644000-7fbd1e843000 ---p 0002b000 08:07 11144124                   /usr/lib/jvm/java-7-openjdk-amd64/jre/lib/amd64/libjava.so
7fbd1e843000-7fbd1e844000 r--p 0002a000 08:07 11144124                   /usr/lib/jvm/java-7-openjdk-amd64/jre/lib/amd64/libjava.so
7fbd1e844000-7fbd1e846000 rw-p 0002b000 08:07 11144124                   /usr/lib/jvm/java-7-openjdk-amd64/jre/lib/amd64/libjava.so
7fbd1e846000-7fbd1e856000 r-xp 00000000 08:07 11144473                   /usr/lib/jvm/java-7-openjdk-amd64/jre/lib/amd64/libverify.so
7fbd1e856000-7fbd1ea55000 ---p 00010000 08:07 11144473                   /usr/lib/jvm/java-7-openjdk-amd64/jre/lib/amd64/libverify.so
7fbd1ea55000-7fbd1ea57000 r--p 0000f000 08:07 11144473                   /usr/lib/jvm/java-7-openjdk-amd64/jre/lib/amd64/libverify.so
7fbd1ea57000-7fbd1ea58000 rw-p 00011000 08:07 11144473                   /usr/lib/jvm/java-7-openjdk-amd64/jre/lib/amd64/libverify.so
7fbd1ea58000-7fbd1ea5f000 r-xp 00000000 08:07 3674495                    /lib/x86_64-linux-gnu/librt-2.19.so
7fbd1ea5f000-7fbd1ec5e000 ---p 00007000 08:07 3674495                    /lib/x86_64-linux-gnu/librt-2.19.so
7fbd1ec5e000-7fbd1ec5f000 r--p 00006000 08:07 3674495                    /lib/x86_64-linux-gnu/librt-2.19.so
7fbd1ec5f000-7fbd1ec60000 rw-p 00007000 08:07 3674495                    /lib/x86_64-linux-gnu/librt-2.19.so
7fbd1ec60000-7fbd1ec76000 r-xp 00000000 08:07 3671105                    /lib/x86_64-linux-gnu/libgcc_s.so.1
7fbd1ec76000-7fbd1ee75000 ---p 00016000 08:07 3671105                    /lib/x86_64-linux-gnu/libgcc_s.so.1
7fbd1ee75000-7fbd1ee76000 rw-p 00015000 08:07 3671105                    /lib/x86_64-linux-gnu/libgcc_s.so.1
7fbd1ee76000-7fbd1ef7b000 r-xp 00000000 08:07 3674502                    /lib/x86_64-linux-gnu/libm-2.19.so
7fbd1ef7b000-7fbd1f17a000 ---p 00105000 08:07 3674502                    /lib/x86_64-linux-gnu/libm-2.19.so
7fbd1f17a000-7fbd1f17b000 r--p 00104000 08:07 3674502                    /lib/x86_64-linux-gnu/libm-2.19.so
7fbd1f17b000-7fbd1f17c000 rw-p 00105000 08:07 3674502                    /lib/x86_64-linux-gnu/libm-2.19.so
7fbd1f17c000-7fbd1f262000 r-xp 00000000 08:07 11018812                   /usr/lib/x86_64-linux-gnu/libstdc++.so.6.0.19
7fbd1f262000-7fbd1f461000 ---p 000e6000 08:07 11018812                   /usr/lib/x86_64-linux-gnu/libstdc++.so.6.0.19
7fbd1f461000-7fbd1f469000 r--p 000e5000 08:07 11018812                   /usr/lib/x86_64-linux-gnu/libstdc++.so.6.0.19
7fbd1f469000-7fbd1f46b000 rw-p 000ed000 08:07 11018812                   /usr/lib/x86_64-linux-gnu/libstdc++.so.6.0.19
7fbd1f46b000-7fbd1f480000 rw-p 00000000 00:00 0 
7fbd1f480000-7fbd1ff96000 r-xp 00000000 08:07 11144483                   /usr/lib/jvm/java-7-openjdk-amd64/jre/lib/amd64/server/libjvm.so
7fbd1ff96000-7fbd20195000 ---p 00b16000 08:07 11144483                   /usr/lib/jvm/java-7-openjdk-amd64/jre/lib/amd64/server/libjvm.so
7fbd20195000-7fbd2022f000 r--p 00b15000 08:07 11144483                   /usr/lib/jvm/java-7-openjdk-amd64/jre/lib/amd64/server/libjvm.so
7fbd2022f000-7fbd20252000 rw-p 00baf000 08:07 11144483                   /usr/lib/jvm/java-7-openjdk-amd64/jre/lib/amd64/server/libjvm.so
7fbd20252000-7fbd20280000 rw-p 00000000 00:00 0 
7fbd20280000-7fbd20298000 r-xp 00000000 08:07 3674376                    /lib/x86_64-linux-gnu/libz.so.1.2.8
7fbd20298000-7fbd20497000 ---p 00018000 08:07 3674376                    /lib/x86_64-linux-gnu/libz.so.1.2.8
7fbd20497000-7fbd20498000 r--p 00017000 08:07 3674376                    /lib/x86_64-linux-gnu/libz.so.1.2.8
7fbd20498000-7fbd20499000 rw-p 00018000 08:07 3674376                    /lib/x86_64-linux-gnu/libz.so.1.2.8
7fbd20499000-7fbd204b2000 r-xp 00000000 08:07 3674512                    /lib/x86_64-linux-gnu/libpthread-2.19.so
7fbd204b2000-7fbd206b1000 ---p 00019000 08:07 3674512                    /lib/x86_64-linux-gnu/libpthread-2.19.so
7fbd206b1000-7fbd206b2000 r--p 00018000 08:07 3674512                    /lib/x86_64-linux-gnu/libpthread-2.19.so
7fbd206b2000-7fbd206b3000 rw-p 00019000 08:07 3674512                    /lib/x86_64-linux-gnu/libpthread-2.19.so
7fbd206b3000-7fbd206b7000 rw-p 00000000 00:00 0 
7fbd206b7000-7fbd206ba000 r-xp 00000000 08:07 3674511                    /lib/x86_64-linux-gnu/libdl-2.19.so
7fbd206ba000-7fbd208b9000 ---p 00003000 08:07 3674511                    /lib/x86_64-linux-gnu/libdl-2.19.so
7fbd208b9000-7fbd208ba000 r--p 00002000 08:07 3674511                    /lib/x86_64-linux-gnu/libdl-2.19.so
7fbd208ba000-7fbd208bb000 rw-p 00003000 08:07 3674511                    /lib/x86_64-linux-gnu/libdl-2.19.so
7fbd208bb000-7fbd20a76000 r-xp 00000000 08:07 3674499                    /lib/x86_64-linux-gnu/libc-2.19.so
7fbd20a76000-7fbd20c76000 ---p 001bb000 08:07 3674499                    /lib/x86_64-linux-gnu/libc-2.19.so
7fbd20c76000-7fbd20c7a000 r--p 001bb000 08:07 3674499                    /lib/x86_64-linux-gnu/libc-2.19.so
7fbd20c7a000-7fbd20c7c000 rw-p 001bf000 08:07 3674499                    /lib/x86_64-linux-gnu/libc-2.19.so
7fbd20c7c000-7fbd20c81000 rw-p 00000000 00:00 0 
7fbd20c81000-7fbd20c8e000 r-xp 00000000 08:07 11144120                   /usr/lib/jvm/java-7-openjdk-amd64/jre/lib/amd64/jli/libjli.so
7fbd20c8e000-7fbd20e8d000 ---p 0000d000 08:07 11144120                   /usr/lib/jvm/java-7-openjdk-amd64/jre/lib/amd64/jli/libjli.so
7fbd20e8d000-7fbd20e8e000 r--p 0000c000 08:07 11144120                   /usr/lib/jvm/java-7-openjdk-amd64/jre/lib/amd64/jli/libjli.so
7fbd20e8e000-7fbd20e8f000 rw-p 0000d000 08:07 11144120                   /usr/lib/jvm/java-7-openjdk-amd64/jre/lib/amd64/jli/libjli.so
7fbd20e8f000-7fbd20eb2000 r-xp 00000000 08:07 3674500                    /lib/x86_64-linux-gnu/ld-2.19.so
7fbd20eb2000-7fbd20ed4000 rw-p 00000000 00:00 0 
7fbd20ed4000-7fbd20f8a000 rw-p 00000000 00:00 0 
7fbd20f8a000-7fbd20f8d000 ---p 00000000 00:00 0 
7fbd20f8d000-7fbd21091000 rw-p 00000000 00:00 0                          [stack:6197]
7fbd21091000-7fbd21095000 r--s 00034000 08:07 11144522                   /usr/lib/jvm/java-7-openjdk-amd64/jre/lib/ext/sunjce_provider.jar
7fbd21095000-7fbd21099000 r--s 0003c000 08:07 11144520                   /usr/lib/jvm/java-7-openjdk-amd64/jre/lib/ext/sunpkcs11.jar
7fbd21099000-7fbd2109b000 r--s 00012000 08:07 11144519                   /usr/lib/jvm/java-7-openjdk-amd64/jre/lib/ext/zipfs.jar
7fbd2109b000-7fbd2109f000 r--s 00085000 08:07 11144521                   /usr/lib/jvm/java-7-openjdk-amd64/jre/lib/ext/localedata.jar
7fbd2109f000-7fbd210a2000 r--s 0000f000 08:07 11144518                   /usr/lib/jvm/java-7-openjdk-amd64/jre/lib/ext/icedtea-sound.jar
7fbd210a2000-7fbd210a4000 r--s 00006000 08:07 11539886                   /usr/share/java/java-atk-wrapper.jar
7fbd210a4000-7fbd210a5000 r--s 00002000 08:07 11144523                   /usr/lib/jvm/java-7-openjdk-amd64/jre/lib/ext/dnsns.jar
7fbd210a5000-7fbd210ad000 rw-s 00000000 08:07 10357099                   /tmp/hsperfdata_mateusz/6191
7fbd210ad000-7fbd210ae000 rw-p 00000000 00:00 0 
7fbd210ae000-7fbd210af000 r--p 00000000 00:00 0 
7fbd210af000-7fbd210b1000 rw-p 00000000 00:00 0 
7fbd210b1000-7fbd210b2000 r--p 00022000 08:07 3674500                    /lib/x86_64-linux-gnu/ld-2.19.so
7fbd210b2000-7fbd210b3000 rw-p 00023000 08:07 3674500                    /lib/x86_64-linux-gnu/ld-2.19.so
7fbd210b3000-7fbd210b4000 rw-p 00000000 00:00 0 
7fff97afb000-7fff97b1c000 rw-p 00000000 00:00 0                          [stack]
7fff97bfe000-7fff97c00000 r-xp 00000000 00:00 0                          [vdso]
ffffffffff600000-ffffffffff601000 r-xp 00000000 00:00 0                  [vsyscall]

VM Arguments:
jvm_args: -Dfile.encoding=UTF-8 
java_command: view.Cpu
Launcher Type: SUN_STANDARD

Environment Variables:
PATH=/usr/local/sbin:/usr/local/bin:/usr/sbin:/usr/bin:/sbin:/bin:/usr/games:/usr/local/games
USERNAME=mateusz
SHELL=/bin/bash
DISPLAY=:0

Signal Handlers:
SIGSEGV: [libjvm.so+0x9495e0], sa_mask[0]=0x7ffbfeff, sa_flags=0x10000004
SIGBUS: [libjvm.so+0x9495e0], sa_mask[0]=0x7ffbfeff, sa_flags=0x10000004
SIGFPE: [libjvm.so+0x7c3410], sa_mask[0]=0x7ffbfeff, sa_flags=0x10000004
SIGPIPE: [libjvm.so+0x7c3410], sa_mask[0]=0x7ffbfeff, sa_flags=0x10000004
SIGXFSZ: [libjvm.so+0x7c3410], sa_mask[0]=0x7ffbfeff, sa_flags=0x10000004
SIGILL: [libjvm.so+0x7c3410], sa_mask[0]=0x7ffbfeff, sa_flags=0x10000004
SIGUSR1: SIG_DFL, sa_mask[0]=0x00000000, sa_flags=0x00000000
SIGUSR2: [libjvm.so+0x7c32b0], sa_mask[0]=0x00000004, sa_flags=0x10000004
SIGHUP: [libjvm.so+0x7c3490], sa_mask[0]=0x7ffbfeff, sa_flags=0x10000004
SIGINT: [libjvm.so+0x7c3490], sa_mask[0]=0x7ffbfeff, sa_flags=0x10000004
SIGTERM: [libjvm.so+0x7c3490], sa_mask[0]=0x7ffbfeff, sa_flags=0x10000004
SIGQUIT: [libjvm.so+0x7c3490], sa_mask[0]=0x7ffbfeff, sa_flags=0x10000004
SIGTRAP: SIG_DFL, sa_mask[0]=0x00000000, sa_flags=0x00000000


---------------  S Y S T E M  ---------------

OS:LinuxMint 17 (qiana)
uname:Linux 3.13.0-24-generic #47-Ubuntu SMP Fri May 2 23:30:00 UTC 2014 x86_64
libc:glibc 2.19 NPTL 2.19 
rlimit: STACK 8192k, CORE 0k, NPROC 30289, NOFILE 4096, AS infinity
load average:0,15 0,26 0,30

/proc/meminfo:
MemTotal:        3931284 kB
MemFree:          299452 kB
Buffers:          209228 kB
Cached:          1357432 kB
SwapCached:           20 kB
Active:          2368988 kB
Inactive:        1031396 kB
Active(anon):    1737060 kB
Inactive(anon):   252060 kB
Active(file):     631928 kB
Inactive(file):   779336 kB
Unevictable:           0 kB
Mlocked:               0 kB
SwapTotal:       3906556 kB
SwapFree:        3906512 kB
Dirty:               292 kB
Writeback:             0 kB
AnonPages:       1833728 kB
Mapped:           229444 kB
Shmem:            155400 kB
Slab:             144848 kB
SReclaimable:     118164 kB
SUnreclaim:        26684 kB
KernelStack:        3792 kB
PageTables:        23856 kB
NFS_Unstable:          0 kB
Bounce:                0 kB
WritebackTmp:          0 kB
CommitLimit:     5872196 kB
Committed_AS:    4034400 kB
VmallocTotal:   34359738367 kB
VmallocUsed:      348544 kB
VmallocChunk:   34359384028 kB
HardwareCorrupted:     0 kB
AnonHugePages:    960512 kB
HugePages_Total:       0
HugePages_Free:        0
HugePages_Rsvd:        0
HugePages_Surp:        0
Hugepagesize:       2048 kB
DirectMap4k:       65460 kB
DirectMap2M:     4012032 kB


CPU:total 4 (2 cores per cpu, 2 threads per core) family 6 model 58 stepping 9, cmov, cx8, fxsr, mmx, sse, sse2, sse3, ssse3, sse4.1, sse4.2, popcnt, avx, aes, erms, ht, tsc, tscinvbit, tscinv

/proc/cpuinfo:
processor	: 0
vendor_id	: GenuineIntel
cpu family	: 6
model		: 58
model name	: Intel(R) Core(TM) i5-3230M CPU @ 2.60GHz
stepping	: 9
microcode	: 0x12
cpu MHz		: 2200.000
cache size	: 3072 KB
physical id	: 0
siblings	: 4
core id		: 0
cpu cores	: 2
apicid		: 0
initial apicid	: 0
fpu		: yes
fpu_exception	: yes
cpuid level	: 13
wp		: yes
flags		: fpu vme de pse tsc msr pae mce cx8 apic sep mtrr pge mca cmov pat pse36 clflush dts acpi mmx fxsr sse sse2 ss ht tm pbe syscall nx rdtscp lm constant_tsc arch_perfmon pebs bts rep_good nopl xtopology nonstop_tsc aperfmperf eagerfpu pni pclmulqdq dtes64 monitor ds_cpl vmx est tm2 ssse3 cx16 xtpr pdcm pcid sse4_1 sse4_2 x2apic popcnt tsc_deadline_timer aes xsave avx f16c rdrand lahf_lm ida arat epb xsaveopt pln pts dtherm tpr_shadow vnmi flexpriority ept vpid fsgsbase smep erms
bogomips	: 5188.20
clflush size	: 64
cache_alignment	: 64
address sizes	: 36 bits physical, 48 bits virtual
power management:

processor	: 1
vendor_id	: GenuineIntel
cpu family	: 6
model		: 58
model name	: Intel(R) Core(TM) i5-3230M CPU @ 2.60GHz
stepping	: 9
microcode	: 0x12
cpu MHz		: 1200.000
cache size	: 3072 KB
physical id	: 0
siblings	: 4
core id		: 1
cpu cores	: 2
apicid		: 2
initial apicid	: 2
fpu		: yes
fpu_exception	: yes
cpuid level	: 13
wp		: yes
flags		: fpu vme de pse tsc msr pae mce cx8 apic sep mtrr pge mca cmov pat pse36 clflush dts acpi mmx fxsr sse sse2 ss ht tm pbe syscall nx rdtscp lm constant_tsc arch_perfmon pebs bts rep_good nopl xtopology nonstop_tsc aperfmperf eagerfpu pni pclmulqdq dtes64 monitor ds_cpl vmx est tm2 ssse3 cx16 xtpr pdcm pcid sse4_1 sse4_2 x2apic popcnt tsc_deadline_timer aes xsave avx f16c rdrand lahf_lm ida arat epb xsaveopt pln pts dtherm tpr_shadow vnmi flexpriority ept vpid fsgsbase smep erms
bogomips	: 5188.20
clflush size	: 64
cache_alignment	: 64
address sizes	: 36 bits physical, 48 bits virtual
power management:

processor	: 2
vendor_id	: GenuineIntel
cpu family	: 6
model		: 58
model name	: Intel(R) Core(TM) i5-3230M CPU @ 2.60GHz
stepping	: 9
microcode	: 0x12
cpu MHz		: 1200.000
cache size	: 3072 KB
physical id	: 0
siblings	: 4
core id		: 0
cpu cores	: 2
apicid		: 1
initial apicid	: 1
fpu		: yes
fpu_exception	: yes
cpuid level	: 13
wp		: yes
flags		: fpu vme de pse tsc msr pae mce cx8 apic sep mtrr pge mca cmov pat pse36 clflush dts acpi mmx fxsr sse sse2 ss ht tm pbe syscall nx rdtscp lm constant_tsc arch_perfmon pebs bts rep_good nopl xtopology nonstop_tsc aperfmperf eagerfpu pni pclmulqdq dtes64 monitor ds_cpl vmx est tm2 ssse3 cx16 xtpr pdcm pcid sse4_1 sse4_2 x2apic popcnt tsc_deadline_timer aes xsave avx f16c rdrand lahf_lm ida arat epb xsaveopt pln pts dtherm tpr_shadow vnmi flexpriority ept vpid fsgsbase smep erms
bogomips	: 5188.20
clflush size	: 64
cache_alignment	: 64
address sizes	: 36 bits physical, 48 bits virtual
power management:

processor	: 3
vendor_id	: GenuineIntel
cpu family	: 6
model		: 58
model name	: Intel(R) Core(TM) i5-3230M CPU @ 2.60GHz
stepping	: 9
microcode	: 0x12
cpu MHz		: 1200.000
cache size	: 3072 KB
physical id	: 0
siblings	: 4
core id		: 1
cpu cores	: 2
apicid		: 3
initial apicid	: 3
fpu		: yes
fpu_exception	: yes
cpuid level	: 13
wp		: yes
flags		: fpu vme de pse tsc msr pae mce cx8 apic sep mtrr pge mca cmov pat pse36 clflush dts acpi mmx fxsr sse sse2 ss ht tm pbe syscall nx rdtscp lm constant_tsc arch_perfmon pebs bts rep_good nopl xtopology nonstop_tsc aperfmperf eagerfpu pni pclmulqdq dtes64 monitor ds_cpl vmx est tm2 ssse3 cx16 xtpr pdcm pcid sse4_1 sse4_2 x2apic popcnt tsc_deadline_timer aes xsave avx f16c rdrand lahf_lm ida arat epb xsaveopt pln pts dtherm tpr_shadow vnmi flexpriority ept vpid fsgsbase smep erms
bogomips	: 5188.20
clflush size	: 64
cache_alignment	: 64
address sizes	: 36 bits physical, 48 bits virtual
power management:



Memory: 4k page, physical 3931284k(299452k free), swap 3906556k(3906512k free)

vm_info: OpenJDK 64-Bit Server VM (24.65-b04) for linux-amd64 JRE (1.7.0_65-b32), built on Oct 22 2014 04:37:44 by "buildd" with gcc 4.8.2

time: Thu Nov 13 00:47:04 2014
elapsed time: 0 seconds

