#
# A fatal error has been detected by the Java Runtime Environment:
#
#  SIGSEGV (0xb) at pc=0x00007f424eeeda0c, pid=6089, tid=139922776577792
#
# JRE version: OpenJDK Runtime Environment (7.0_65-b32) (build 1.7.0_65-b32)
# Java VM: OpenJDK 64-Bit Server VM (24.65-b04 mixed mode linux-amd64 compressed oops)
# Derivative: IcedTea 2.5.3
# Distribution: Ubuntu 14.04 LTS, package 7u71-2.5.3-0ubuntu0.14.04.1
# Problematic frame:
# C  [libc.so.6+0x6fa0c]  getdelim+0x2c
#
# Failed to write core dump. Core dumps have been disabled. To enable core dumping, try "ulimit -c unlimited" before starting Java again
#
# If you would like to submit a bug report, please include
# instructions on how to reproduce the bug and visit:
#   http://icedtea.classpath.org/bugzilla
# The crash happened outside the Java Virtual Machine in native code.
# See problematic frame for where to report the bug.
#

---------------  T H R E A D  ---------------

Current thread (0x00007f424800a000):  JavaThread "main" [_thread_in_native, id=6092, stack(0x00007f424f54d000,0x00007f424f64e000)]

siginfo:si_signo=SIGSEGV: si_errno=0, si_code=1 (SEGV_MAPERR), si_addr=0x0000000000000000

Registers:
RAX=0x00007f424f64c900, RBX=0x00000000b9cac6d0, RCX=0x0000000000000000, RDX=0x000000000000000a
RSP=0x00007f424f64c870, RBP=0x00007f424f64c920, RSI=0x00007f424f64c908, RDI=0x00007f424f64c900
R8 =0x00007f424f64d700, R9 =0x0000000000000000, R10=0x0000000000000008, R11=0x0000000000000000
R12=0x00007f424f64c900, R13=0x00000000b9cac6d0, R14=0x00007f424f64c998, R15=0x00007f424800a000
RIP=0x00007f424eeeda0c, EFLAGS=0x0000000000010202, CSGSFS=0x0000000000000033, ERR=0x0000000000000004
  TRAPNO=0x000000000000000e

Top of Stack: (sp=0x00007f424f64c870)
0x00007f424f64c870:   00007f42343a0ad4 00007f42343a0a98
0x00007f424f64c880:   00007f424f64c908 0000000a4f64c998
0x00007f424f64c890:   00007f424800a000 00000000b9cac6d0
0x00007f424f64c8a0:   00007f424f64c920 0000000000000000
0x00007f424f64c8b0:   00000000b9cac6d0 00007f424f64c998
0x00007f424f64c8c0:   00007f424800a000 00007f42343a0a6a
0x00007f424f64c8d0:   00007f424f64c998 00007f424800a1d8
0x00007f424f64c8e0:   00007f424800a000 00007f424501dcc3
0x00007f424f64c8f0:   00000000b9cac6d0 0000000000000000
0x00007f424f64c900:   0000000000000000 0000000000000000
0x00007f424f64c910:   0000000000000000 00007f4245012c2d
0x00007f424f64c920:   00007f424f64c978 00007f4245012d98
0x00007f424f64c930:   00000000fffffffe 00007f424f64c938
0x00007f424f64c940:   00000000b9cac6d0 00007f424f64c998
0x00007f424f64c950:   00000000b9cacac0 0000000000000000
0x00007f424f64c960:   00000000b9cac6d0 0000000000000000
0x00007f424f64c970:   00007f424f64c998 00007f424f64c9f0
0x00007f424f64c980:   00007f42450061d4 0000000000000000
0x00007f424f64c990:   00007f424500ecd6 00000000ec09a8c0
0x00007f424f64c9a0:   00000000ec09b4e0 00000000ec01bc60
0x00007f424f64c9b0:   00007f424f64c9b0 00000000b9cac7d3
0x00007f424f64c9c0:   00007f424f64ca08 00000000b9cacac0
0x00007f424f64c9d0:   0000000000000000 00000000b9cac808
0x00007f424f64c9e0:   00007f424f64c998 00007f424f64ca08
0x00007f424f64c9f0:   00007f424f64ca70 00007f42450004e7
0x00007f424f64ca00:   00000000ec09a8c0 00000000ec09a140
0x00007f424f64ca10:   00007f4200001fa0 00007f424f64cab0
0x00007f424f64ca20:   00007f424f64ccf0 00007f424f64cc30
0x00007f424f64ca30:   00007f424800a000 00007f424800aab0
0x00007f424f64ca40:   00007f424f64caf0 00007f424f64ccf8
0x00007f424f64ca50:   00007f420000000a 00000000b9cac808
0x00007f424f64ca60:   00007f4245010360 00007f424f64cc38 

Instructions: (pc=0x00007f424eeeda0c)
0x00007f424eeed9ec:   53 48 83 ec 28 48 85 ff 48 89 74 24 10 89 54 24
0x00007f424eeed9fc:   1c 0f 84 4c 02 00 00 48 85 f6 0f 84 43 02 00 00
0x00007f424eeeda0c:   8b 11 48 89 cb 89 d0 41 89 d7 25 00 80 00 00 75
0x00007f424eeeda1c:   57 4c 8b 81 88 00 00 00 64 4c 8b 0c 25 10 00 00 

Register to memory mapping:

RAX=0x00007f424f64c900 is pointing into the stack for thread: 0x00007f424800a000
RBX=0x00000000b9cac6d0 is an oop
{method} 
 - klass: {other class}
RCX=0x0000000000000000 is an unknown value
RDX=0x000000000000000a is an unknown value
RSP=0x00007f424f64c870 is pointing into the stack for thread: 0x00007f424800a000
RBP=0x00007f424f64c920 is pointing into the stack for thread: 0x00007f424800a000
RSI=0x00007f424f64c908 is pointing into the stack for thread: 0x00007f424800a000
RDI=0x00007f424f64c900 is pointing into the stack for thread: 0x00007f424800a000
R8 =0x00007f424f64d700 is pointing into the stack for thread: 0x00007f424800a000
R9 =0x0000000000000000 is an unknown value
R10=0x0000000000000008 is an unknown value
R11=0x0000000000000000 is an unknown value
R12=0x00007f424f64c900 is pointing into the stack for thread: 0x00007f424800a000
R13=0x00000000b9cac6d0 is an oop
{method} 
 - klass: {other class}
R14=0x00007f424f64c998 is pointing into the stack for thread: 0x00007f424800a000
R15=0x00007f424800a000 is a thread


Stack: [0x00007f424f54d000,0x00007f424f64e000],  sp=0x00007f424f64c870,  free space=1022k
Native frames: (J=compiled Java code, j=interpreted, Vv=VM code, C=native code)
C  [libc.so.6+0x6fa0c]  getdelim+0x2c
j  view.Cpu.getBattery()I+0
j  view.Cpu.main([Ljava/lang/String;)V+51
v  ~StubRoutines::call_stub
V  [libjvm.so+0x5e8049]  JavaCalls::call_helper(JavaValue*, methodHandle*, JavaCallArguments*, Thread*)+0x339
V  [libjvm.so+0x5e7ae8]  JavaCalls::call(JavaValue*, methodHandle, JavaCallArguments*, Thread*)+0x28
V  [libjvm.so+0x5f6c1b]  jni_invoke_static(JNIEnv_*, JavaValue*, _jobject*, JNICallType, _jmethodID*, JNI_ArgumentPusher*, Thread*) [clone .isra.124] [clone .constprop.156]+0x28b
V  [libjvm.so+0x607e88]  jni_CallStaticVoidMethod+0x118
C  [libjli.so+0x31f9]

Java frames: (J=compiled Java code, j=interpreted, Vv=VM code)
j  view.Cpu.getBattery()I+0
j  view.Cpu.main([Ljava/lang/String;)V+51
v  ~StubRoutines::call_stub

---------------  P R O C E S S  ---------------

Java Threads: ( => current thread )
  0x00007f42480b0000 JavaThread "Service Thread" daemon [_thread_blocked, id=6106, stack(0x00007f42346a3000,0x00007f42347a4000)]
  0x00007f42480ae000 JavaThread "C2 CompilerThread1" daemon [_thread_blocked, id=6105, stack(0x00007f42347a4000,0x00007f42348a5000)]
  0x00007f42480ab000 JavaThread "C2 CompilerThread0" daemon [_thread_blocked, id=6104, stack(0x00007f42348a5000,0x00007f42349a6000)]
  0x00007f42480a9000 JavaThread "Signal Dispatcher" daemon [_thread_blocked, id=6103, stack(0x00007f42349a6000,0x00007f4234aa7000)]
  0x00007f424807b800 JavaThread "Finalizer" daemon [_thread_blocked, id=6102, stack(0x00007f4234ea1000,0x00007f4234fa2000)]
  0x00007f4248079800 JavaThread "Reference Handler" daemon [_thread_blocked, id=6101, stack(0x00007f4234fa2000,0x00007f42350a3000)]
=>0x00007f424800a000 JavaThread "main" [_thread_in_native, id=6092, stack(0x00007f424f54d000,0x00007f424f64e000)]

Other Threads:
  0x00007f4248075800 VMThread [stack: 0x00007f42350a3000,0x00007f42351a4000] [id=6100]
  0x00007f42480bb000 WatcherThread [stack: 0x00007f42345a2000,0x00007f42346a3000] [id=6107]

VM state:not at safepoint (normal execution)

VM Mutex/Monitor currently owned by a thread: None

Heap
 PSYoungGen      total 17920K, used 921K [0x00000000ec000000, 0x00000000ed400000, 0x0000000100000000)
  eden space 15360K, 6% used [0x00000000ec000000,0x00000000ec0e6780,0x00000000ecf00000)
  from space 2560K, 0% used [0x00000000ed180000,0x00000000ed180000,0x00000000ed400000)
  to   space 2560K, 0% used [0x00000000ecf00000,0x00000000ecf00000,0x00000000ed180000)
 ParOldGen       total 40960K, used 0K [0x00000000c4000000, 0x00000000c6800000, 0x00000000ec000000)
  object space 40960K, 0% used [0x00000000c4000000,0x00000000c4000000,0x00000000c6800000)
 PSPermGen       total 21504K, used 2780K [0x00000000b9a00000, 0x00000000baf00000, 0x00000000c4000000)
  object space 21504K, 12% used [0x00000000b9a00000,0x00000000b9cb7360,0x00000000baf00000)

Card table byte_map: [0x00007f4244dcc000,0x00007f4245000000] byte_map_base: 0x00007f42447ff000

Polling page: 0x00007f424f671000

Code Cache  [0x00007f4245000000, 0x00007f4245270000, 0x00007f4248000000)
 total_blobs=167 nmethods=0 adapters=136 free_code_cache=48773Kb largest_free_block=49944064

Compilation events (0 events):
No events

GC Heap History (0 events):
No events

Deoptimization events (0 events):
No events

Internal exceptions (5 events):
Event: 0,040 Thread 0x00007f424800a000 Threw 0x00000000ec00f010 at /build/buildd/openjdk-7-7u71-2.5.3/build/openjdk/hotspot/src/share/vm/prims/jni.cpp:3995
Event: 0,079 Thread 0x00007f424800a000 Threw 0x00000000ec047c48 at /build/buildd/openjdk-7-7u71-2.5.3/build/openjdk/hotspot/src/share/vm/prims/jni.cpp:721
Event: 0,079 Thread 0x00007f424800a000 Threw 0x00000000ec047dc8 at /build/buildd/openjdk-7-7u71-2.5.3/build/openjdk/hotspot/src/share/vm/prims/jvm.cpp:1284
Event: 0,079 Thread 0x00007f424800a000 Threw 0x00000000ec047ef0 at /build/buildd/openjdk-7-7u71-2.5.3/build/openjdk/hotspot/src/share/vm/prims/jvm.cpp:1284
Event: 0,079 Thread 0x00007f424800a000 Threw 0x00000000ec048f78 at /build/buildd/openjdk-7-7u71-2.5.3/build/openjdk/hotspot/src/share/vm/prims/jvm.cpp:1284

Events (10 events):
Event: 0,083 loading class 0x00007f42480c1e00
Event: 0,083 loading class 0x00007f42480c1e00 done
Event: 0,083 loading class 0x00007f4244753bc0
Event: 0,084 loading class 0x00007f4244753bc0 done
Event: 0,084 loading class 0x00007f42480c2200
Event: 0,084 loading class 0x00007f42480c2260
Event: 0,084 loading class 0x00007f42480c2260 done
Event: 0,084 loading class 0x00007f42480c2200 done
Event: 0,084 loading class 0x00007f42480c2230
Event: 0,084 loading class 0x00007f42480c2230 done


Dynamic libraries:
00400000-00401000 r-xp 00000000 08:07 11144553                           /usr/lib/jvm/java-7-openjdk-amd64/jre/bin/java
00600000-00601000 r--p 00000000 08:07 11144553                           /usr/lib/jvm/java-7-openjdk-amd64/jre/bin/java
00601000-00602000 rw-p 00001000 08:07 11144553                           /usr/lib/jvm/java-7-openjdk-amd64/jre/bin/java
01372000-01393000 rw-p 00000000 00:00 0                                  [heap]
b9a00000-baf00000 rw-p 00000000 00:00 0 
baf00000-c4000000 rw-p 00000000 00:00 0 
c4000000-c6800000 rw-p 00000000 00:00 0 
c6800000-ec000000 rw-p 00000000 00:00 0 
ec000000-ed400000 rw-p 00000000 00:00 0 
ed400000-100000000 rw-p 00000000 00:00 0 
7f420c000000-7f420c021000 rw-p 00000000 00:00 0 
7f420c021000-7f4210000000 ---p 00000000 00:00 0 
7f4214000000-7f4214021000 rw-p 00000000 00:00 0 
7f4214021000-7f4218000000 ---p 00000000 00:00 0 
7f4218000000-7f4218021000 rw-p 00000000 00:00 0 
7f4218021000-7f421c000000 ---p 00000000 00:00 0 
7f421c000000-7f421c021000 rw-p 00000000 00:00 0 
7f421c021000-7f4220000000 ---p 00000000 00:00 0 
7f4220000000-7f4220021000 rw-p 00000000 00:00 0 
7f4220021000-7f4224000000 ---p 00000000 00:00 0 
7f4224000000-7f4224021000 rw-p 00000000 00:00 0 
7f4224021000-7f4228000000 ---p 00000000 00:00 0 
7f4228000000-7f4228021000 rw-p 00000000 00:00 0 
7f4228021000-7f422c000000 ---p 00000000 00:00 0 
7f422c000000-7f422c021000 rw-p 00000000 00:00 0 
7f422c021000-7f4230000000 ---p 00000000 00:00 0 
7f4230000000-7f4230021000 rw-p 00000000 00:00 0 
7f4230021000-7f4234000000 ---p 00000000 00:00 0 
7f4234166000-7f42343a0000 rw-p 00000000 00:00 0 
7f42343a0000-7f42343a1000 r-xp 00000000 08:07 11541603                   /home/mateusz/git/Lab1_RMI/src/view/dll.so
7f42343a1000-7f42345a0000 ---p 00001000 08:07 11541603                   /home/mateusz/git/Lab1_RMI/src/view/dll.so
7f42345a0000-7f42345a1000 r--p 00000000 08:07 11541603                   /home/mateusz/git/Lab1_RMI/src/view/dll.so
7f42345a1000-7f42345a2000 rw-p 00001000 08:07 11541603                   /home/mateusz/git/Lab1_RMI/src/view/dll.so
7f42345a2000-7f42345a3000 ---p 00000000 00:00 0 
7f42345a3000-7f42346a3000 rw-p 00000000 00:00 0                          [stack:6107]
7f42346a3000-7f42346a6000 ---p 00000000 00:00 0 
7f42346a6000-7f42347a4000 rw-p 00000000 00:00 0                          [stack:6106]
7f42347a4000-7f42347a7000 ---p 00000000 00:00 0 
7f42347a7000-7f42348a5000 rw-p 00000000 00:00 0                          [stack:6105]
7f42348a5000-7f42348a8000 ---p 00000000 00:00 0 
7f42348a8000-7f42349a6000 rw-p 00000000 00:00 0                          [stack:6104]
7f42349a6000-7f42349a9000 ---p 00000000 00:00 0 
7f42349a9000-7f4234aa7000 rw-p 00000000 00:00 0                          [stack:6103]
7f4234aa7000-7f4234ea1000 r--p 00000000 08:07 11016475                   /usr/lib/locale/locale-archive
7f4234ea1000-7f4234ea4000 ---p 00000000 00:00 0 
7f4234ea4000-7f4234fa2000 rw-p 00000000 00:00 0                          [stack:6102]
7f4234fa2000-7f4234fa5000 ---p 00000000 00:00 0 
7f4234fa5000-7f42350a3000 rw-p 00000000 00:00 0                          [stack:6101]
7f42350a3000-7f42350a4000 ---p 00000000 00:00 0 
7f42350a4000-7f4238000000 rw-p 00000000 00:00 0                          [stack:6100]
7f4238000000-7f4238021000 rw-p 00000000 00:00 0 
7f4238021000-7f423c000000 ---p 00000000 00:00 0 
7f423c000000-7f423c021000 rw-p 00000000 00:00 0 
7f423c021000-7f4240000000 ---p 00000000 00:00 0 
7f4240000000-7f4240021000 rw-p 00000000 00:00 0 
7f4240021000-7f4244000000 ---p 00000000 00:00 0 
7f424401a000-7f42444eb000 rw-p 00000000 00:00 0 
7f42444eb000-7f424469c000 r--s 01d25000 08:07 11144524                   /usr/lib/jvm/java-7-openjdk-amd64/jre/lib/rt.jar
7f424469c000-7f42449c8000 rw-p 00000000 00:00 0 
7f42449c8000-7f42449c9000 ---p 00000000 00:00 0 
7f42449c9000-7f4244ac9000 rw-p 00000000 00:00 0                          [stack:6099]
7f4244ac9000-7f4244aca000 ---p 00000000 00:00 0 
7f4244aca000-7f4244bca000 rw-p 00000000 00:00 0                          [stack:6098]
7f4244bca000-7f4244bcb000 ---p 00000000 00:00 0 
7f4244bcb000-7f4244ccb000 rw-p 00000000 00:00 0                          [stack:6097]
7f4244ccb000-7f4244ccc000 ---p 00000000 00:00 0 
7f4244ccc000-7f4244dd7000 rw-p 00000000 00:00 0                          [stack:6096]
7f4244dd7000-7f4244e1f000 rw-p 00000000 00:00 0 
7f4244e1f000-7f4244e33000 rw-p 00000000 00:00 0 
7f4244e33000-7f4244f5f000 rw-p 00000000 00:00 0 
7f4244f5f000-7f4244f69000 rw-p 00000000 00:00 0 
7f4244f69000-7f4244fff000 rw-p 00000000 00:00 0 
7f4244fff000-7f4245000000 rw-p 00000000 00:00 0 
7f4245000000-7f4245270000 rwxp 00000000 00:00 0 
7f4245270000-7f4248109000 rw-p 00000000 00:00 0 
7f4248109000-7f424c000000 ---p 00000000 00:00 0 
7f424c004000-7f424c00f000 rw-p 00000000 00:00 0 
7f424c00f000-7f424c057000 rw-p 00000000 00:00 0 
7f424c057000-7f424c06b000 rw-p 00000000 00:00 0 
7f424c06b000-7f424c197000 rw-p 00000000 00:00 0 
7f424c197000-7f424c19f000 r-xp 00000000 08:07 11143820                   /usr/lib/jvm/java-7-openjdk-amd64/jre/lib/amd64/libzip.so
7f424c19f000-7f424c39e000 ---p 00008000 08:07 11143820                   /usr/lib/jvm/java-7-openjdk-amd64/jre/lib/amd64/libzip.so
7f424c39e000-7f424c39f000 r--p 00007000 08:07 11143820                   /usr/lib/jvm/java-7-openjdk-amd64/jre/lib/amd64/libzip.so
7f424c39f000-7f424c3a0000 rw-p 00008000 08:07 11143820                   /usr/lib/jvm/java-7-openjdk-amd64/jre/lib/amd64/libzip.so
7f424c3a0000-7f424c3ab000 r-xp 00000000 08:07 3674506                    /lib/x86_64-linux-gnu/libnss_files-2.19.so
7f424c3ab000-7f424c5aa000 ---p 0000b000 08:07 3674506                    /lib/x86_64-linux-gnu/libnss_files-2.19.so
7f424c5aa000-7f424c5ab000 r--p 0000a000 08:07 3674506                    /lib/x86_64-linux-gnu/libnss_files-2.19.so
7f424c5ab000-7f424c5ac000 rw-p 0000b000 08:07 3674506                    /lib/x86_64-linux-gnu/libnss_files-2.19.so
7f424c5ac000-7f424c5b7000 r-xp 00000000 08:07 3674507                    /lib/x86_64-linux-gnu/libnss_nis-2.19.so
7f424c5b7000-7f424c7b6000 ---p 0000b000 08:07 3674507                    /lib/x86_64-linux-gnu/libnss_nis-2.19.so
7f424c7b6000-7f424c7b7000 r--p 0000a000 08:07 3674507                    /lib/x86_64-linux-gnu/libnss_nis-2.19.so
7f424c7b7000-7f424c7b8000 rw-p 0000b000 08:07 3674507                    /lib/x86_64-linux-gnu/libnss_nis-2.19.so
7f424c7b8000-7f424c7cf000 r-xp 00000000 08:07 3674493                    /lib/x86_64-linux-gnu/libnsl-2.19.so
7f424c7cf000-7f424c9ce000 ---p 00017000 08:07 3674493                    /lib/x86_64-linux-gnu/libnsl-2.19.so
7f424c9ce000-7f424c9cf000 r--p 00016000 08:07 3674493                    /lib/x86_64-linux-gnu/libnsl-2.19.so
7f424c9cf000-7f424c9d0000 rw-p 00017000 08:07 3674493                    /lib/x86_64-linux-gnu/libnsl-2.19.so
7f424c9d0000-7f424c9d2000 rw-p 00000000 00:00 0 
7f424c9d2000-7f424c9db000 r-xp 00000000 08:07 3674490                    /lib/x86_64-linux-gnu/libnss_compat-2.19.so
7f424c9db000-7f424cbda000 ---p 00009000 08:07 3674490                    /lib/x86_64-linux-gnu/libnss_compat-2.19.so
7f424cbda000-7f424cbdb000 r--p 00008000 08:07 3674490                    /lib/x86_64-linux-gnu/libnss_compat-2.19.so
7f424cbdb000-7f424cbdc000 rw-p 00009000 08:07 3674490                    /lib/x86_64-linux-gnu/libnss_compat-2.19.so
7f424cbdc000-7f424cc07000 r-xp 00000000 08:07 11144124                   /usr/lib/jvm/java-7-openjdk-amd64/jre/lib/amd64/libjava.so
7f424cc07000-7f424ce06000 ---p 0002b000 08:07 11144124                   /usr/lib/jvm/java-7-openjdk-amd64/jre/lib/amd64/libjava.so
7f424ce06000-7f424ce07000 r--p 0002a000 08:07 11144124                   /usr/lib/jvm/java-7-openjdk-amd64/jre/lib/amd64/libjava.so
7f424ce07000-7f424ce09000 rw-p 0002b000 08:07 11144124                   /usr/lib/jvm/java-7-openjdk-amd64/jre/lib/amd64/libjava.so
7f424ce09000-7f424ce19000 r-xp 00000000 08:07 11144473                   /usr/lib/jvm/java-7-openjdk-amd64/jre/lib/amd64/libverify.so
7f424ce19000-7f424d018000 ---p 00010000 08:07 11144473                   /usr/lib/jvm/java-7-openjdk-amd64/jre/lib/amd64/libverify.so
7f424d018000-7f424d01a000 r--p 0000f000 08:07 11144473                   /usr/lib/jvm/java-7-openjdk-amd64/jre/lib/amd64/libverify.so
7f424d01a000-7f424d01b000 rw-p 00011000 08:07 11144473                   /usr/lib/jvm/java-7-openjdk-amd64/jre/lib/amd64/libverify.so
7f424d01b000-7f424d022000 r-xp 00000000 08:07 3674495                    /lib/x86_64-linux-gnu/librt-2.19.so
7f424d022000-7f424d221000 ---p 00007000 08:07 3674495                    /lib/x86_64-linux-gnu/librt-2.19.so
7f424d221000-7f424d222000 r--p 00006000 08:07 3674495                    /lib/x86_64-linux-gnu/librt-2.19.so
7f424d222000-7f424d223000 rw-p 00007000 08:07 3674495                    /lib/x86_64-linux-gnu/librt-2.19.so
7f424d223000-7f424d239000 r-xp 00000000 08:07 3671105                    /lib/x86_64-linux-gnu/libgcc_s.so.1
7f424d239000-7f424d438000 ---p 00016000 08:07 3671105                    /lib/x86_64-linux-gnu/libgcc_s.so.1
7f424d438000-7f424d439000 rw-p 00015000 08:07 3671105                    /lib/x86_64-linux-gnu/libgcc_s.so.1
7f424d439000-7f424d53e000 r-xp 00000000 08:07 3674502                    /lib/x86_64-linux-gnu/libm-2.19.so
7f424d53e000-7f424d73d000 ---p 00105000 08:07 3674502                    /lib/x86_64-linux-gnu/libm-2.19.so
7f424d73d000-7f424d73e000 r--p 00104000 08:07 3674502                    /lib/x86_64-linux-gnu/libm-2.19.so
7f424d73e000-7f424d73f000 rw-p 00105000 08:07 3674502                    /lib/x86_64-linux-gnu/libm-2.19.so
7f424d73f000-7f424d825000 r-xp 00000000 08:07 11018812                   /usr/lib/x86_64-linux-gnu/libstdc++.so.6.0.19
7f424d825000-7f424da24000 ---p 000e6000 08:07 11018812                   /usr/lib/x86_64-linux-gnu/libstdc++.so.6.0.19
7f424da24000-7f424da2c000 r--p 000e5000 08:07 11018812                   /usr/lib/x86_64-linux-gnu/libstdc++.so.6.0.19
7f424da2c000-7f424da2e000 rw-p 000ed000 08:07 11018812                   /usr/lib/x86_64-linux-gnu/libstdc++.so.6.0.19
7f424da2e000-7f424da43000 rw-p 00000000 00:00 0 
7f424da43000-7f424e559000 r-xp 00000000 08:07 11144483                   /usr/lib/jvm/java-7-openjdk-amd64/jre/lib/amd64/server/libjvm.so
7f424e559000-7f424e758000 ---p 00b16000 08:07 11144483                   /usr/lib/jvm/java-7-openjdk-amd64/jre/lib/amd64/server/libjvm.so
7f424e758000-7f424e7f2000 r--p 00b15000 08:07 11144483                   /usr/lib/jvm/java-7-openjdk-amd64/jre/lib/amd64/server/libjvm.so
7f424e7f2000-7f424e815000 rw-p 00baf000 08:07 11144483                   /usr/lib/jvm/java-7-openjdk-amd64/jre/lib/amd64/server/libjvm.so
7f424e815000-7f424e843000 rw-p 00000000 00:00 0 
7f424e843000-7f424e85b000 r-xp 00000000 08:07 3674376                    /lib/x86_64-linux-gnu/libz.so.1.2.8
7f424e85b000-7f424ea5a000 ---p 00018000 08:07 3674376                    /lib/x86_64-linux-gnu/libz.so.1.2.8
7f424ea5a000-7f424ea5b000 r--p 00017000 08:07 3674376                    /lib/x86_64-linux-gnu/libz.so.1.2.8
7f424ea5b000-7f424ea5c000 rw-p 00018000 08:07 3674376                    /lib/x86_64-linux-gnu/libz.so.1.2.8
7f424ea5c000-7f424ea75000 r-xp 00000000 08:07 3674512                    /lib/x86_64-linux-gnu/libpthread-2.19.so
7f424ea75000-7f424ec74000 ---p 00019000 08:07 3674512                    /lib/x86_64-linux-gnu/libpthread-2.19.so
7f424ec74000-7f424ec75000 r--p 00018000 08:07 3674512                    /lib/x86_64-linux-gnu/libpthread-2.19.so
7f424ec75000-7f424ec76000 rw-p 00019000 08:07 3674512                    /lib/x86_64-linux-gnu/libpthread-2.19.so
7f424ec76000-7f424ec7a000 rw-p 00000000 00:00 0 
7f424ec7a000-7f424ec7d000 r-xp 00000000 08:07 3674511                    /lib/x86_64-linux-gnu/libdl-2.19.so
7f424ec7d000-7f424ee7c000 ---p 00003000 08:07 3674511                    /lib/x86_64-linux-gnu/libdl-2.19.so
7f424ee7c000-7f424ee7d000 r--p 00002000 08:07 3674511                    /lib/x86_64-linux-gnu/libdl-2.19.so
7f424ee7d000-7f424ee7e000 rw-p 00003000 08:07 3674511                    /lib/x86_64-linux-gnu/libdl-2.19.so
7f424ee7e000-7f424f039000 r-xp 00000000 08:07 3674499                    /lib/x86_64-linux-gnu/libc-2.19.so
7f424f039000-7f424f239000 ---p 001bb000 08:07 3674499                    /lib/x86_64-linux-gnu/libc-2.19.so
7f424f239000-7f424f23d000 r--p 001bb000 08:07 3674499                    /lib/x86_64-linux-gnu/libc-2.19.so
7f424f23d000-7f424f23f000 rw-p 001bf000 08:07 3674499                    /lib/x86_64-linux-gnu/libc-2.19.so
7f424f23f000-7f424f244000 rw-p 00000000 00:00 0 
7f424f244000-7f424f251000 r-xp 00000000 08:07 11144120                   /usr/lib/jvm/java-7-openjdk-amd64/jre/lib/amd64/jli/libjli.so
7f424f251000-7f424f450000 ---p 0000d000 08:07 11144120                   /usr/lib/jvm/java-7-openjdk-amd64/jre/lib/amd64/jli/libjli.so
7f424f450000-7f424f451000 r--p 0000c000 08:07 11144120                   /usr/lib/jvm/java-7-openjdk-amd64/jre/lib/amd64/jli/libjli.so
7f424f451000-7f424f452000 rw-p 0000d000 08:07 11144120                   /usr/lib/jvm/java-7-openjdk-amd64/jre/lib/amd64/jli/libjli.so
7f424f452000-7f424f475000 r-xp 00000000 08:07 3674500                    /lib/x86_64-linux-gnu/ld-2.19.so
7f424f475000-7f424f497000 rw-p 00000000 00:00 0 
7f424f497000-7f424f54d000 rw-p 00000000 00:00 0 
7f424f54d000-7f424f550000 ---p 00000000 00:00 0 
7f424f550000-7f424f654000 rw-p 00000000 00:00 0                          [stack:6092]
7f424f654000-7f424f658000 r--s 00034000 08:07 11144522                   /usr/lib/jvm/java-7-openjdk-amd64/jre/lib/ext/sunjce_provider.jar
7f424f658000-7f424f65c000 r--s 0003c000 08:07 11144520                   /usr/lib/jvm/java-7-openjdk-amd64/jre/lib/ext/sunpkcs11.jar
7f424f65c000-7f424f65e000 r--s 00012000 08:07 11144519                   /usr/lib/jvm/java-7-openjdk-amd64/jre/lib/ext/zipfs.jar
7f424f65e000-7f424f662000 r--s 00085000 08:07 11144521                   /usr/lib/jvm/java-7-openjdk-amd64/jre/lib/ext/localedata.jar
7f424f662000-7f424f665000 r--s 0000f000 08:07 11144518                   /usr/lib/jvm/java-7-openjdk-amd64/jre/lib/ext/icedtea-sound.jar
7f424f665000-7f424f667000 r--s 00006000 08:07 11539886                   /usr/share/java/java-atk-wrapper.jar
7f424f667000-7f424f668000 r--s 00002000 08:07 11144523                   /usr/lib/jvm/java-7-openjdk-amd64/jre/lib/ext/dnsns.jar
7f424f668000-7f424f670000 rw-s 00000000 08:07 10357099                   /tmp/hsperfdata_mateusz/6089
7f424f670000-7f424f671000 rw-p 00000000 00:00 0 
7f424f671000-7f424f672000 r--p 00000000 00:00 0 
7f424f672000-7f424f674000 rw-p 00000000 00:00 0 
7f424f674000-7f424f675000 r--p 00022000 08:07 3674500                    /lib/x86_64-linux-gnu/ld-2.19.so
7f424f675000-7f424f676000 rw-p 00023000 08:07 3674500                    /lib/x86_64-linux-gnu/ld-2.19.so
7f424f676000-7f424f677000 rw-p 00000000 00:00 0 
7fffd5aea000-7fffd5b0b000 rw-p 00000000 00:00 0                          [stack]
7fffd5b8e000-7fffd5b90000 r-xp 00000000 00:00 0                          [vdso]
ffffffffff600000-ffffffffff601000 r-xp 00000000 00:00 0                  [vsyscall]

VM Arguments:
jvm_args: -Dfile.encoding=UTF-8 
java_command: view.Cpu
Launcher Type: SUN_STANDARD

Environment Variables:
PATH=/usr/local/sbin:/usr/local/bin:/usr/sbin:/usr/bin:/sbin:/bin:/usr/games:/usr/local/games
USERNAME=mateusz
SHELL=/bin/bash
DISPLAY=:0

Signal Handlers:
SIGSEGV: [libjvm.so+0x9495e0], sa_mask[0]=0x7ffbfeff, sa_flags=0x10000004
SIGBUS: [libjvm.so+0x9495e0], sa_mask[0]=0x7ffbfeff, sa_flags=0x10000004
SIGFPE: [libjvm.so+0x7c3410], sa_mask[0]=0x7ffbfeff, sa_flags=0x10000004
SIGPIPE: [libjvm.so+0x7c3410], sa_mask[0]=0x7ffbfeff, sa_flags=0x10000004
SIGXFSZ: [libjvm.so+0x7c3410], sa_mask[0]=0x7ffbfeff, sa_flags=0x10000004
SIGILL: [libjvm.so+0x7c3410], sa_mask[0]=0x7ffbfeff, sa_flags=0x10000004
SIGUSR1: SIG_DFL, sa_mask[0]=0x00000000, sa_flags=0x00000000
SIGUSR2: [libjvm.so+0x7c32b0], sa_mask[0]=0x00000004, sa_flags=0x10000004
SIGHUP: [libjvm.so+0x7c3490], sa_mask[0]=0x7ffbfeff, sa_flags=0x10000004
SIGINT: [libjvm.so+0x7c3490], sa_mask[0]=0x7ffbfeff, sa_flags=0x10000004
SIGTERM: [libjvm.so+0x7c3490], sa_mask[0]=0x7ffbfeff, sa_flags=0x10000004
SIGQUIT: [libjvm.so+0x7c3490], sa_mask[0]=0x7ffbfeff, sa_flags=0x10000004
SIGTRAP: SIG_DFL, sa_mask[0]=0x00000000, sa_flags=0x00000000


---------------  S Y S T E M  ---------------

OS:LinuxMint 17 (qiana)
uname:Linux 3.13.0-24-generic #47-Ubuntu SMP Fri May 2 23:30:00 UTC 2014 x86_64
libc:glibc 2.19 NPTL 2.19 
rlimit: STACK 8192k, CORE 0k, NPROC 30289, NOFILE 4096, AS infinity
load average:0,38 0,32 0,32

/proc/meminfo:
MemTotal:        3931284 kB
MemFree:          312140 kB
Buffers:          208236 kB
Cached:          1357984 kB
SwapCached:            0 kB
Active:          2366692 kB
Inactive:        1021032 kB
Active(anon):    1730624 kB
Inactive(anon):   241060 kB
Active(file):     636068 kB
Inactive(file):   779972 kB
Unevictable:           0 kB
Mlocked:               0 kB
SwapTotal:       3906556 kB
SwapFree:        3906532 kB
Dirty:              1168 kB
Writeback:             0 kB
AnonPages:       1821544 kB
Mapped:           229380 kB
Shmem:            150184 kB
Slab:             144656 kB
SReclaimable:     117972 kB
SUnreclaim:        26684 kB
KernelStack:        3800 kB
PageTables:        23812 kB
NFS_Unstable:          0 kB
Bounce:                0 kB
WritebackTmp:          0 kB
CommitLimit:     5872196 kB
Committed_AS:    4022244 kB
VmallocTotal:   34359738367 kB
VmallocUsed:      348544 kB
VmallocChunk:   34359384028 kB
HardwareCorrupted:     0 kB
AnonHugePages:    958464 kB
HugePages_Total:       0
HugePages_Free:        0
HugePages_Rsvd:        0
HugePages_Surp:        0
Hugepagesize:       2048 kB
DirectMap4k:       65460 kB
DirectMap2M:     4012032 kB


CPU:total 4 (2 cores per cpu, 2 threads per core) family 6 model 58 stepping 9, cmov, cx8, fxsr, mmx, sse, sse2, sse3, ssse3, sse4.1, sse4.2, popcnt, avx, aes, erms, ht, tsc, tscinvbit, tscinv

/proc/cpuinfo:
processor	: 0
vendor_id	: GenuineIntel
cpu family	: 6
model		: 58
model name	: Intel(R) Core(TM) i5-3230M CPU @ 2.60GHz
stepping	: 9
microcode	: 0x12
cpu MHz		: 1400.000
cache size	: 3072 KB
physical id	: 0
siblings	: 4
core id		: 0
cpu cores	: 2
apicid		: 0
initial apicid	: 0
fpu		: yes
fpu_exception	: yes
cpuid level	: 13
wp		: yes
flags		: fpu vme de pse tsc msr pae mce cx8 apic sep mtrr pge mca cmov pat pse36 clflush dts acpi mmx fxsr sse sse2 ss ht tm pbe syscall nx rdtscp lm constant_tsc arch_perfmon pebs bts rep_good nopl xtopology nonstop_tsc aperfmperf eagerfpu pni pclmulqdq dtes64 monitor ds_cpl vmx est tm2 ssse3 cx16 xtpr pdcm pcid sse4_1 sse4_2 x2apic popcnt tsc_deadline_timer aes xsave avx f16c rdrand lahf_lm ida arat epb xsaveopt pln pts dtherm tpr_shadow vnmi flexpriority ept vpid fsgsbase smep erms
bogomips	: 5188.20
clflush size	: 64
cache_alignment	: 64
address sizes	: 36 bits physical, 48 bits virtual
power management:

processor	: 1
vendor_id	: GenuineIntel
cpu family	: 6
model		: 58
model name	: Intel(R) Core(TM) i5-3230M CPU @ 2.60GHz
stepping	: 9
microcode	: 0x12
cpu MHz		: 1200.000
cache size	: 3072 KB
physical id	: 0
siblings	: 4
core id		: 1
cpu cores	: 2
apicid		: 2
initial apicid	: 2
fpu		: yes
fpu_exception	: yes
cpuid level	: 13
wp		: yes
flags		: fpu vme de pse tsc msr pae mce cx8 apic sep mtrr pge mca cmov pat pse36 clflush dts acpi mmx fxsr sse sse2 ss ht tm pbe syscall nx rdtscp lm constant_tsc arch_perfmon pebs bts rep_good nopl xtopology nonstop_tsc aperfmperf eagerfpu pni pclmulqdq dtes64 monitor ds_cpl vmx est tm2 ssse3 cx16 xtpr pdcm pcid sse4_1 sse4_2 x2apic popcnt tsc_deadline_timer aes xsave avx f16c rdrand lahf_lm ida arat epb xsaveopt pln pts dtherm tpr_shadow vnmi flexpriority ept vpid fsgsbase smep erms
bogomips	: 5188.20
clflush size	: 64
cache_alignment	: 64
address sizes	: 36 bits physical, 48 bits virtual
power management:

processor	: 2
vendor_id	: GenuineIntel
cpu family	: 6
model		: 58
model name	: Intel(R) Core(TM) i5-3230M CPU @ 2.60GHz
stepping	: 9
microcode	: 0x12
cpu MHz		: 2601.000
cache size	: 3072 KB
physical id	: 0
siblings	: 4
core id		: 0
cpu cores	: 2
apicid		: 1
initial apicid	: 1
fpu		: yes
fpu_exception	: yes
cpuid level	: 13
wp		: yes
flags		: fpu vme de pse tsc msr pae mce cx8 apic sep mtrr pge mca cmov pat pse36 clflush dts acpi mmx fxsr sse sse2 ss ht tm pbe syscall nx rdtscp lm constant_tsc arch_perfmon pebs bts rep_good nopl xtopology nonstop_tsc aperfmperf eagerfpu pni pclmulqdq dtes64 monitor ds_cpl vmx est tm2 ssse3 cx16 xtpr pdcm pcid sse4_1 sse4_2 x2apic popcnt tsc_deadline_timer aes xsave avx f16c rdrand lahf_lm ida arat epb xsaveopt pln pts dtherm tpr_shadow vnmi flexpriority ept vpid fsgsbase smep erms
bogomips	: 5188.20
clflush size	: 64
cache_alignment	: 64
address sizes	: 36 bits physical, 48 bits virtual
power management:

processor	: 3
vendor_id	: GenuineIntel
cpu family	: 6
model		: 58
model name	: Intel(R) Core(TM) i5-3230M CPU @ 2.60GHz
stepping	: 9
microcode	: 0x12
cpu MHz		: 1200.000
cache size	: 3072 KB
physical id	: 0
siblings	: 4
core id		: 1
cpu cores	: 2
apicid		: 3
initial apicid	: 3
fpu		: yes
fpu_exception	: yes
cpuid level	: 13
wp		: yes
flags		: fpu vme de pse tsc msr pae mce cx8 apic sep mtrr pge mca cmov pat pse36 clflush dts acpi mmx fxsr sse sse2 ss ht tm pbe syscall nx rdtscp lm constant_tsc arch_perfmon pebs bts rep_good nopl xtopology nonstop_tsc aperfmperf eagerfpu pni pclmulqdq dtes64 monitor ds_cpl vmx est tm2 ssse3 cx16 xtpr pdcm pcid sse4_1 sse4_2 x2apic popcnt tsc_deadline_timer aes xsave avx f16c rdrand lahf_lm ida arat epb xsaveopt pln pts dtherm tpr_shadow vnmi flexpriority ept vpid fsgsbase smep erms
bogomips	: 5188.20
clflush size	: 64
cache_alignment	: 64
address sizes	: 36 bits physical, 48 bits virtual
power management:



Memory: 4k page, physical 3931284k(312140k free), swap 3906556k(3906532k free)

vm_info: OpenJDK 64-Bit Server VM (24.65-b04) for linux-amd64 JRE (1.7.0_65-b32), built on Oct 22 2014 04:37:44 by "buildd" with gcc 4.8.2

time: Thu Nov 13 00:36:52 2014
elapsed time: 0 seconds

