#
# A fatal error has been detected by the Java Runtime Environment:
#
#  SIGSEGV (0xb) at pc=0x00007f443eb42c71, pid=7441, tid=139931109570304
#
# JRE version: OpenJDK Runtime Environment (7.0_65-b32) (build 1.7.0_65-b32)
# Java VM: OpenJDK 64-Bit Server VM (24.65-b04 mixed mode linux-amd64 compressed oops)
# Derivative: IcedTea 2.5.3
# Distribution: Ubuntu 14.04 LTS, package 7u71-2.5.3-0ubuntu0.14.04.1
# Problematic frame:
# V  [libjvm.so+0x609c71]  JNI_ArgumentPusherVaArg::JNI_ArgumentPusherVaArg(_jmethodID*, __va_list_tag*)+0x11
#
# Failed to write core dump. Core dumps have been disabled. To enable core dumping, try "ulimit -c unlimited" before starting Java again
#
# If you would like to submit a bug report, please include
# instructions on how to reproduce the bug and visit:
#   http://icedtea.classpath.org/bugzilla
#

---------------  T H R E A D  ---------------

Current thread (0x00007f443800a000):  JavaThread "main" [_thread_in_vm, id=7443, stack(0x00007f4440043000,0x00007f4440144000)]

siginfo:si_signo=SIGSEGV: si_errno=0, si_code=1 (SEGV_MAPERR), si_addr=0x0000000000000000

Registers:
RAX=0x00007f44401427f0, RBX=0x00007f44401427b0, RCX=0x0000000000000013, RDX=0x00007f4440142778
RSP=0x00007f4440142730, RBP=0x00007f4440142750, RSI=0x0000000000000000, RDI=0x00007f44401427b0
R8 =0x00007f443eb3c230, R9 =0x746f7073746f682f, R10=0x00007f443fd31fe0, R11=0x0000000000000000
R12=0x00007f4440142778, R13=0x00007f443800a1d8, R14=0x0000000000000000, R15=0x00007f44401427b0
RIP=0x00007f443eb42c71, EFLAGS=0x0000000000010206, CSGSFS=0x0000000000000033, ERR=0x0000000000000004
  TRAPNO=0x000000000000000e

Top of Stack: (sp=0x00007f4440142730)
0x00007f4440142730:   00007f4438076da0 00007f443800a1d8
0x00007f4440142740:   00007f443800a000 00007f4438076e30
0x00007f4440142750:   00007f44401428d0 00007f443eb3c39e
0x00007f4440142760:   00007f440000000e 00007f443f314543
0x00007f4440142770:   00000000ec09bc38 0000003000000018
0x00007f4440142780:   00007f44401428e0 00007f44401427f0
0x00007f4440142790:   00007f443800a000 00007f443800aab8
0x00007f44401427a0:   0020003100000db9 00007f443eecc6d8
0x00007f44401427b0:   00007f4440142798 0000000800000002
0x00007f44401427c0:   0000000000000001 00007f4440143700
0x00007f44401427d0:   00007f4440142800 00007f443ea3d044
0x00007f44401427e0:   00007f443800a000 00007f443800a000
0x00007f44401427f0:   00007f443c20cdc0 00007f443eecc6d8
0x00007f4440142800:   00007f4440142850 00007f4438076da8
0x00007f4440142810:   00007f443eb3c230 746f7073746f682f
0x00007f4440142820:   00007f4438101220 00007f443800a000
0x00007f4440142830:   000000000000000f 00007f4440142880
0x00007f4440142840:   00007f443800a000 00007f443800a000
0x00007f4440142850:   00007f44401428d0 00007f443eb3a5c0
0x00007f4440142860:   00007f443800a000 0000000000000000
0x00007f4440142870:   00007f443800a000 00007f443800a000
0x00007f4440142880:   00007f4440003531 00007f443eb32b56
0x00007f4440142890:   00007f443800a000 07a5a987618b1f00
0x00007f44401428a0:   00007f442cdcad5b 00000000b9cac728
0x00007f44401428b0:   0000000000000000 00000000b9cac728
0x00007f44401428c0:   00007f4440142998 00007f443800a000
0x00007f44401428d0:   00007f4440142920 00007f442cdcacc4
0x00007f44401428e0:   00007f4440142998 00007f443800a1d8
0x00007f44401428f0:   00000000b9cac728 0000000f00000000
0x00007f4440142900:   00007f4438101220 0000000000000078
0x00007f4440142910:   00007f4438100fe0 0000000000000006
0x00007f4440142920:   00007f4440142978 00007f4435012d98 

Instructions: (pc=0x00007f443eb42c71)
0x00007f443eb42c51:   89 42 10 48 8b 43 20 48 83 c4 08 5b 5d c3 90 55
0x00007f443eb42c61:   48 89 e5 41 54 49 89 d4 53 48 89 fb 48 83 ec 10
0x00007f443eb42c71:   48 8b 06 48 8b 40 10 0f b7 50 3a 48 8b 70 20 0f
0x00007f443eb42c81:   b7 c2 48 8d 4c c6 40 48 8b 39 48 89 7d e8 48 8b 

Register to memory mapping:

RAX=0x00007f44401427f0 is pointing into the stack for thread: 0x00007f443800a000
RBX=0x00007f44401427b0 is pointing into the stack for thread: 0x00007f443800a000
RCX=0x0000000000000013 is an unknown value
RDX=0x00007f4440142778 is pointing into the stack for thread: 0x00007f443800a000
RSP=0x00007f4440142730 is pointing into the stack for thread: 0x00007f443800a000
RBP=0x00007f4440142750 is pointing into the stack for thread: 0x00007f443800a000
RSI=0x0000000000000000 is an unknown value
RDI=0x00007f44401427b0 is pointing into the stack for thread: 0x00007f443800a000
R8 =0x00007f443eb3c230: <offset 0x603230> in /usr/lib/jvm/java-7-openjdk-amd64/jre/lib/amd64/server/libjvm.so at 0x00007f443e539000
R9 =0x746f7073746f682f is an unknown value
R10=0x00007f443fd31fe0: <offset 0x3bdfe0> in /lib/x86_64-linux-gnu/libc.so.6 at 0x00007f443f974000
R11=0x0000000000000000 is an unknown value
R12=0x00007f4440142778 is pointing into the stack for thread: 0x00007f443800a000
R13=0x00007f443800a1d8 is an unknown value
R14=0x0000000000000000 is an unknown value
R15=0x00007f44401427b0 is pointing into the stack for thread: 0x00007f443800a000


Stack: [0x00007f4440043000,0x00007f4440144000],  sp=0x00007f4440142730,  free space=1021k
Native frames: (J=compiled Java code, j=interpreted, Vv=VM code, C=native code)
V  [libjvm.so+0x609c71]  JNI_ArgumentPusherVaArg::JNI_ArgumentPusherVaArg(_jmethodID*, __va_list_tag*)+0x11
V  [libjvm.so+0x60339e]  jni_NewObject+0x16e
C  [dll.so+0xcc4]  Java_view_Cpu_getFileS+0x12c
j  view.Cpu.getFileS()[Ljava/lang/String;+0
j  view.Cpu.main([Ljava/lang/String;)V+76
v  ~StubRoutines::call_stub
V  [libjvm.so+0x5e8049]  JavaCalls::call_helper(JavaValue*, methodHandle*, JavaCallArguments*, Thread*)+0x339
V  [libjvm.so+0x5e7ae8]  JavaCalls::call(JavaValue*, methodHandle, JavaCallArguments*, Thread*)+0x28
V  [libjvm.so+0x5f6c1b]  jni_invoke_static(JNIEnv_*, JavaValue*, _jobject*, JNICallType, _jmethodID*, JNI_ArgumentPusher*, Thread*) [clone .isra.124] [clone .constprop.156]+0x28b
V  [libjvm.so+0x607e88]  jni_CallStaticVoidMethod+0x118
C  [libjli.so+0x31f9]

Java frames: (J=compiled Java code, j=interpreted, Vv=VM code)
j  view.Cpu.getFileS()[Ljava/lang/String;+0
j  view.Cpu.main([Ljava/lang/String;)V+76
v  ~StubRoutines::call_stub

---------------  P R O C E S S  ---------------

Java Threads: ( => current thread )
  0x00007f44380b0000 JavaThread "Service Thread" daemon [_thread_blocked, id=7458, stack(0x00007f442d0ce000,0x00007f442d1cf000)]
  0x00007f44380ae000 JavaThread "C2 CompilerThread1" daemon [_thread_blocked, id=7457, stack(0x00007f442d1cf000,0x00007f442d2d0000)]
  0x00007f44380ab000 JavaThread "C2 CompilerThread0" daemon [_thread_blocked, id=7456, stack(0x00007f442d2d0000,0x00007f442d3d1000)]
  0x00007f44380a9000 JavaThread "Signal Dispatcher" daemon [_thread_blocked, id=7455, stack(0x00007f442d3d1000,0x00007f442d4d2000)]
  0x00007f443807b800 JavaThread "Finalizer" daemon [_thread_blocked, id=7454, stack(0x00007f442d8cc000,0x00007f442d9cd000)]
  0x00007f4438079800 JavaThread "Reference Handler" daemon [_thread_blocked, id=7453, stack(0x00007f442d9cd000,0x00007f442dace000)]
=>0x00007f443800a000 JavaThread "main" [_thread_in_vm, id=7443, stack(0x00007f4440043000,0x00007f4440144000)]

Other Threads:
  0x00007f4438075800 VMThread [stack: 0x00007f442dace000,0x00007f442dbcf000] [id=7452]
  0x00007f44380bb000 WatcherThread [stack: 0x00007f442cfcd000,0x00007f442d0ce000] [id=7459]

VM state:not at safepoint (normal execution)

VM Mutex/Monitor currently owned by a thread: None

Heap
 PSYoungGen      total 17920K, used 921K [0x00000000ec000000, 0x00000000ed400000, 0x0000000100000000)
  eden space 15360K, 6% used [0x00000000ec000000,0x00000000ec0e6780,0x00000000ecf00000)
  from space 2560K, 0% used [0x00000000ed180000,0x00000000ed180000,0x00000000ed400000)
  to   space 2560K, 0% used [0x00000000ecf00000,0x00000000ecf00000,0x00000000ed180000)
 ParOldGen       total 40960K, used 0K [0x00000000c4000000, 0x00000000c6800000, 0x00000000ec000000)
  object space 40960K, 0% used [0x00000000c4000000,0x00000000c4000000,0x00000000c6800000)
 PSPermGen       total 21504K, used 2784K [0x00000000b9a00000, 0x00000000baf00000, 0x00000000c4000000)
  object space 21504K, 12% used [0x00000000b9a00000,0x00000000b9cb83c0,0x00000000baf00000)

Card table byte_map: [0x00007f443ca59000,0x00007f443cc8d000] byte_map_base: 0x00007f443c48c000

Polling page: 0x00007f4440167000

Code Cache  [0x00007f4435000000, 0x00007f4435270000, 0x00007f4438000000)
 total_blobs=167 nmethods=0 adapters=136 free_code_cache=48773Kb largest_free_block=49944064

Compilation events (0 events):
No events

GC Heap History (0 events):
No events

Deoptimization events (0 events):
No events

Internal exceptions (6 events):
Event: 0,028 Thread 0x00007f443800a000 Threw 0x00000000ec00f010 at /build/buildd/openjdk-7-7u71-2.5.3/build/openjdk/hotspot/src/share/vm/prims/jni.cpp:3995
Event: 0,063 Thread 0x00007f443800a000 Threw 0x00000000ec047c48 at /build/buildd/openjdk-7-7u71-2.5.3/build/openjdk/hotspot/src/share/vm/prims/jni.cpp:721
Event: 0,064 Thread 0x00007f443800a000 Threw 0x00000000ec047dc8 at /build/buildd/openjdk-7-7u71-2.5.3/build/openjdk/hotspot/src/share/vm/prims/jvm.cpp:1284
Event: 0,064 Thread 0x00007f443800a000 Threw 0x00000000ec047ef0 at /build/buildd/openjdk-7-7u71-2.5.3/build/openjdk/hotspot/src/share/vm/prims/jvm.cpp:1284
Event: 0,064 Thread 0x00007f443800a000 Threw 0x00000000ec048f78 at /build/buildd/openjdk-7-7u71-2.5.3/build/openjdk/hotspot/src/share/vm/prims/jvm.cpp:1284
Event: 0,074 Thread 0x00007f443800a000 Threw 0x00000000ec09c1d0 at /build/buildd/openjdk-7-7u71-2.5.3/build/openjdk/hotspot/src/share/vm/prims/jni.cpp:3513

Events (10 events):
Event: 0,068 loading class 0x00007f44380c2200
Event: 0,068 loading class 0x00007f44380c2260
Event: 0,068 loading class 0x00007f44380c2260 done
Event: 0,068 loading class 0x00007f44380c2200 done
Event: 0,068 loading class 0x00007f44380c2230
Event: 0,068 loading class 0x00007f44380c2230 done
Event: 0,074 loading class 0x00007f443c20cdc0
Event: 0,074 loading class 0x00007f443c20cfc0
Event: 0,074 loading class 0x00007f443c20cfc0 done
Event: 0,074 loading class 0x00007f443c20cdc0 done


Dynamic libraries:
00400000-00401000 r-xp 00000000 08:07 11144553                           /usr/lib/jvm/java-7-openjdk-amd64/jre/bin/java
00600000-00601000 r--p 00000000 08:07 11144553                           /usr/lib/jvm/java-7-openjdk-amd64/jre/bin/java
00601000-00602000 rw-p 00001000 08:07 11144553                           /usr/lib/jvm/java-7-openjdk-amd64/jre/bin/java
01cf7000-01d18000 rw-p 00000000 00:00 0                                  [heap]
b9a00000-baf00000 rw-p 00000000 00:00 0 
baf00000-c4000000 rw-p 00000000 00:00 0 
c4000000-c6800000 rw-p 00000000 00:00 0 
c6800000-ec000000 rw-p 00000000 00:00 0 
ec000000-ed400000 rw-p 00000000 00:00 0 
ed400000-100000000 rw-p 00000000 00:00 0 
7f4400000000-7f4400021000 rw-p 00000000 00:00 0 
7f4400021000-7f4404000000 ---p 00000000 00:00 0 
7f4404000000-7f4404021000 rw-p 00000000 00:00 0 
7f4404021000-7f4408000000 ---p 00000000 00:00 0 
7f4408000000-7f4408021000 rw-p 00000000 00:00 0 
7f4408021000-7f440c000000 ---p 00000000 00:00 0 
7f440c000000-7f440c021000 rw-p 00000000 00:00 0 
7f440c021000-7f4410000000 ---p 00000000 00:00 0 
7f4410000000-7f4410021000 rw-p 00000000 00:00 0 
7f4410021000-7f4414000000 ---p 00000000 00:00 0 
7f4414000000-7f4414021000 rw-p 00000000 00:00 0 
7f4414021000-7f4418000000 ---p 00000000 00:00 0 
7f4418000000-7f4418021000 rw-p 00000000 00:00 0 
7f4418021000-7f441c000000 ---p 00000000 00:00 0 
7f441c000000-7f441c021000 rw-p 00000000 00:00 0 
7f441c021000-7f4420000000 ---p 00000000 00:00 0 
7f4420000000-7f4420021000 rw-p 00000000 00:00 0 
7f4420021000-7f4424000000 ---p 00000000 00:00 0 
7f4424000000-7f4424021000 rw-p 00000000 00:00 0 
7f4424021000-7f4428000000 ---p 00000000 00:00 0 
7f4428000000-7f4428021000 rw-p 00000000 00:00 0 
7f4428021000-7f442c000000 ---p 00000000 00:00 0 
7f442cc69000-7f442cdca000 rw-p 00000000 00:00 0 
7f442cdca000-7f442cdcb000 r-xp 00000000 08:07 11541603                   /home/mateusz/git/Lab1_RMI/src/view/dll.so
7f442cdcb000-7f442cfcb000 ---p 00001000 08:07 11541603                   /home/mateusz/git/Lab1_RMI/src/view/dll.so
7f442cfcb000-7f442cfcc000 r--p 00001000 08:07 11541603                   /home/mateusz/git/Lab1_RMI/src/view/dll.so
7f442cfcc000-7f442cfcd000 rw-p 00002000 08:07 11541603                   /home/mateusz/git/Lab1_RMI/src/view/dll.so
7f442cfcd000-7f442cfce000 ---p 00000000 00:00 0 
7f442cfce000-7f442d0ce000 rw-p 00000000 00:00 0                          [stack:7459]
7f442d0ce000-7f442d0d1000 ---p 00000000 00:00 0 
7f442d0d1000-7f442d1cf000 rw-p 00000000 00:00 0                          [stack:7458]
7f442d1cf000-7f442d1d2000 ---p 00000000 00:00 0 
7f442d1d2000-7f442d2d0000 rw-p 00000000 00:00 0                          [stack:7457]
7f442d2d0000-7f442d2d3000 ---p 00000000 00:00 0 
7f442d2d3000-7f442d3d1000 rw-p 00000000 00:00 0                          [stack:7456]
7f442d3d1000-7f442d3d4000 ---p 00000000 00:00 0 
7f442d3d4000-7f442d4d2000 rw-p 00000000 00:00 0                          [stack:7455]
7f442d4d2000-7f442d8cc000 r--p 00000000 08:07 11016475                   /usr/lib/locale/locale-archive
7f442d8cc000-7f442d8cf000 ---p 00000000 00:00 0 
7f442d8cf000-7f442d9cd000 rw-p 00000000 00:00 0                          [stack:7454]
7f442d9cd000-7f442d9d0000 ---p 00000000 00:00 0 
7f442d9d0000-7f442dace000 rw-p 00000000 00:00 0                          [stack:7453]
7f442dace000-7f442dacf000 ---p 00000000 00:00 0 
7f442dacf000-7f4430000000 rw-p 00000000 00:00 0                          [stack:7452]
7f4430000000-7f4430021000 rw-p 00000000 00:00 0 
7f4430021000-7f4434000000 ---p 00000000 00:00 0 
7f4434006000-7f4434e4f000 rw-p 00000000 00:00 0 
7f4434e4f000-7f4435000000 r--s 01d25000 08:07 11144524                   /usr/lib/jvm/java-7-openjdk-amd64/jre/lib/rt.jar
7f4435000000-7f4435270000 rwxp 00000000 00:00 0 
7f4435270000-7f443810b000 rw-p 00000000 00:00 0 
7f443810b000-7f443c000000 ---p 00000000 00:00 0 
7f443c007000-7f443c4c2000 rw-p 00000000 00:00 0 
7f443c4c2000-7f443c4c3000 ---p 00000000 00:00 0 
7f443c4c3000-7f443c5c3000 rw-p 00000000 00:00 0                          [stack:7451]
7f443c5c3000-7f443c5c4000 ---p 00000000 00:00 0 
7f443c5c4000-7f443c6c4000 rw-p 00000000 00:00 0                          [stack:7450]
7f443c6c4000-7f443c6c5000 ---p 00000000 00:00 0 
7f443c6c5000-7f443c7c5000 rw-p 00000000 00:00 0                          [stack:7449]
7f443c7c5000-7f443c7c6000 ---p 00000000 00:00 0 
7f443c7c6000-7f443c8d1000 rw-p 00000000 00:00 0                          [stack:7448]
7f443c8d1000-7f443c919000 rw-p 00000000 00:00 0 
7f443c919000-7f443c92d000 rw-p 00000000 00:00 0 
7f443c92d000-7f443ca59000 rw-p 00000000 00:00 0 
7f443ca59000-7f443ca64000 rw-p 00000000 00:00 0 
7f443ca64000-7f443caac000 rw-p 00000000 00:00 0 
7f443caac000-7f443cac0000 rw-p 00000000 00:00 0 
7f443cac0000-7f443cbec000 rw-p 00000000 00:00 0 
7f443cbec000-7f443cbf6000 rw-p 00000000 00:00 0 
7f443cbf6000-7f443cc8c000 rw-p 00000000 00:00 0 
7f443cc8c000-7f443cc8d000 rw-p 00000000 00:00 0 
7f443cc8d000-7f443cc95000 r-xp 00000000 08:07 11143820                   /usr/lib/jvm/java-7-openjdk-amd64/jre/lib/amd64/libzip.so
7f443cc95000-7f443ce94000 ---p 00008000 08:07 11143820                   /usr/lib/jvm/java-7-openjdk-amd64/jre/lib/amd64/libzip.so
7f443ce94000-7f443ce95000 r--p 00007000 08:07 11143820                   /usr/lib/jvm/java-7-openjdk-amd64/jre/lib/amd64/libzip.so
7f443ce95000-7f443ce96000 rw-p 00008000 08:07 11143820                   /usr/lib/jvm/java-7-openjdk-amd64/jre/lib/amd64/libzip.so
7f443ce96000-7f443cea1000 r-xp 00000000 08:07 3674506                    /lib/x86_64-linux-gnu/libnss_files-2.19.so
7f443cea1000-7f443d0a0000 ---p 0000b000 08:07 3674506                    /lib/x86_64-linux-gnu/libnss_files-2.19.so
7f443d0a0000-7f443d0a1000 r--p 0000a000 08:07 3674506                    /lib/x86_64-linux-gnu/libnss_files-2.19.so
7f443d0a1000-7f443d0a2000 rw-p 0000b000 08:07 3674506                    /lib/x86_64-linux-gnu/libnss_files-2.19.so
7f443d0a2000-7f443d0ad000 r-xp 00000000 08:07 3674507                    /lib/x86_64-linux-gnu/libnss_nis-2.19.so
7f443d0ad000-7f443d2ac000 ---p 0000b000 08:07 3674507                    /lib/x86_64-linux-gnu/libnss_nis-2.19.so
7f443d2ac000-7f443d2ad000 r--p 0000a000 08:07 3674507                    /lib/x86_64-linux-gnu/libnss_nis-2.19.so
7f443d2ad000-7f443d2ae000 rw-p 0000b000 08:07 3674507                    /lib/x86_64-linux-gnu/libnss_nis-2.19.so
7f443d2ae000-7f443d2c5000 r-xp 00000000 08:07 3674493                    /lib/x86_64-linux-gnu/libnsl-2.19.so
7f443d2c5000-7f443d4c4000 ---p 00017000 08:07 3674493                    /lib/x86_64-linux-gnu/libnsl-2.19.so
7f443d4c4000-7f443d4c5000 r--p 00016000 08:07 3674493                    /lib/x86_64-linux-gnu/libnsl-2.19.so
7f443d4c5000-7f443d4c6000 rw-p 00017000 08:07 3674493                    /lib/x86_64-linux-gnu/libnsl-2.19.so
7f443d4c6000-7f443d4c8000 rw-p 00000000 00:00 0 
7f443d4c8000-7f443d4d1000 r-xp 00000000 08:07 3674490                    /lib/x86_64-linux-gnu/libnss_compat-2.19.so
7f443d4d1000-7f443d6d0000 ---p 00009000 08:07 3674490                    /lib/x86_64-linux-gnu/libnss_compat-2.19.so
7f443d6d0000-7f443d6d1000 r--p 00008000 08:07 3674490                    /lib/x86_64-linux-gnu/libnss_compat-2.19.so
7f443d6d1000-7f443d6d2000 rw-p 00009000 08:07 3674490                    /lib/x86_64-linux-gnu/libnss_compat-2.19.so
7f443d6d2000-7f443d6fd000 r-xp 00000000 08:07 11144124                   /usr/lib/jvm/java-7-openjdk-amd64/jre/lib/amd64/libjava.so
7f443d6fd000-7f443d8fc000 ---p 0002b000 08:07 11144124                   /usr/lib/jvm/java-7-openjdk-amd64/jre/lib/amd64/libjava.so
7f443d8fc000-7f443d8fd000 r--p 0002a000 08:07 11144124                   /usr/lib/jvm/java-7-openjdk-amd64/jre/lib/amd64/libjava.so
7f443d8fd000-7f443d8ff000 rw-p 0002b000 08:07 11144124                   /usr/lib/jvm/java-7-openjdk-amd64/jre/lib/amd64/libjava.so
7f443d8ff000-7f443d90f000 r-xp 00000000 08:07 11144473                   /usr/lib/jvm/java-7-openjdk-amd64/jre/lib/amd64/libverify.so
7f443d90f000-7f443db0e000 ---p 00010000 08:07 11144473                   /usr/lib/jvm/java-7-openjdk-amd64/jre/lib/amd64/libverify.so
7f443db0e000-7f443db10000 r--p 0000f000 08:07 11144473                   /usr/lib/jvm/java-7-openjdk-amd64/jre/lib/amd64/libverify.so
7f443db10000-7f443db11000 rw-p 00011000 08:07 11144473                   /usr/lib/jvm/java-7-openjdk-amd64/jre/lib/amd64/libverify.so
7f443db11000-7f443db18000 r-xp 00000000 08:07 3674495                    /lib/x86_64-linux-gnu/librt-2.19.so
7f443db18000-7f443dd17000 ---p 00007000 08:07 3674495                    /lib/x86_64-linux-gnu/librt-2.19.so
7f443dd17000-7f443dd18000 r--p 00006000 08:07 3674495                    /lib/x86_64-linux-gnu/librt-2.19.so
7f443dd18000-7f443dd19000 rw-p 00007000 08:07 3674495                    /lib/x86_64-linux-gnu/librt-2.19.so
7f443dd19000-7f443dd2f000 r-xp 00000000 08:07 3671105                    /lib/x86_64-linux-gnu/libgcc_s.so.1
7f443dd2f000-7f443df2e000 ---p 00016000 08:07 3671105                    /lib/x86_64-linux-gnu/libgcc_s.so.1
7f443df2e000-7f443df2f000 rw-p 00015000 08:07 3671105                    /lib/x86_64-linux-gnu/libgcc_s.so.1
7f443df2f000-7f443e034000 r-xp 00000000 08:07 3674502                    /lib/x86_64-linux-gnu/libm-2.19.so
7f443e034000-7f443e233000 ---p 00105000 08:07 3674502                    /lib/x86_64-linux-gnu/libm-2.19.so
7f443e233000-7f443e234000 r--p 00104000 08:07 3674502                    /lib/x86_64-linux-gnu/libm-2.19.so
7f443e234000-7f443e235000 rw-p 00105000 08:07 3674502                    /lib/x86_64-linux-gnu/libm-2.19.so
7f443e235000-7f443e31b000 r-xp 00000000 08:07 11018812                   /usr/lib/x86_64-linux-gnu/libstdc++.so.6.0.19
7f443e31b000-7f443e51a000 ---p 000e6000 08:07 11018812                   /usr/lib/x86_64-linux-gnu/libstdc++.so.6.0.19
7f443e51a000-7f443e522000 r--p 000e5000 08:07 11018812                   /usr/lib/x86_64-linux-gnu/libstdc++.so.6.0.19
7f443e522000-7f443e524000 rw-p 000ed000 08:07 11018812                   /usr/lib/x86_64-linux-gnu/libstdc++.so.6.0.19
7f443e524000-7f443e539000 rw-p 00000000 00:00 0 
7f443e539000-7f443f04f000 r-xp 00000000 08:07 11144483                   /usr/lib/jvm/java-7-openjdk-amd64/jre/lib/amd64/server/libjvm.so
7f443f04f000-7f443f24e000 ---p 00b16000 08:07 11144483                   /usr/lib/jvm/java-7-openjdk-amd64/jre/lib/amd64/server/libjvm.so
7f443f24e000-7f443f2e8000 r--p 00b15000 08:07 11144483                   /usr/lib/jvm/java-7-openjdk-amd64/jre/lib/amd64/server/libjvm.so
7f443f2e8000-7f443f30b000 rw-p 00baf000 08:07 11144483                   /usr/lib/jvm/java-7-openjdk-amd64/jre/lib/amd64/server/libjvm.so
7f443f30b000-7f443f339000 rw-p 00000000 00:00 0 
7f443f339000-7f443f351000 r-xp 00000000 08:07 3674376                    /lib/x86_64-linux-gnu/libz.so.1.2.8
7f443f351000-7f443f550000 ---p 00018000 08:07 3674376                    /lib/x86_64-linux-gnu/libz.so.1.2.8
7f443f550000-7f443f551000 r--p 00017000 08:07 3674376                    /lib/x86_64-linux-gnu/libz.so.1.2.8
7f443f551000-7f443f552000 rw-p 00018000 08:07 3674376                    /lib/x86_64-linux-gnu/libz.so.1.2.8
7f443f552000-7f443f56b000 r-xp 00000000 08:07 3674512                    /lib/x86_64-linux-gnu/libpthread-2.19.so
7f443f56b000-7f443f76a000 ---p 00019000 08:07 3674512                    /lib/x86_64-linux-gnu/libpthread-2.19.so
7f443f76a000-7f443f76b000 r--p 00018000 08:07 3674512                    /lib/x86_64-linux-gnu/libpthread-2.19.so
7f443f76b000-7f443f76c000 rw-p 00019000 08:07 3674512                    /lib/x86_64-linux-gnu/libpthread-2.19.so
7f443f76c000-7f443f770000 rw-p 00000000 00:00 0 
7f443f770000-7f443f773000 r-xp 00000000 08:07 3674511                    /lib/x86_64-linux-gnu/libdl-2.19.so
7f443f773000-7f443f972000 ---p 00003000 08:07 3674511                    /lib/x86_64-linux-gnu/libdl-2.19.so
7f443f972000-7f443f973000 r--p 00002000 08:07 3674511                    /lib/x86_64-linux-gnu/libdl-2.19.so
7f443f973000-7f443f974000 rw-p 00003000 08:07 3674511                    /lib/x86_64-linux-gnu/libdl-2.19.so
7f443f974000-7f443fb2f000 r-xp 00000000 08:07 3674499                    /lib/x86_64-linux-gnu/libc-2.19.so
7f443fb2f000-7f443fd2f000 ---p 001bb000 08:07 3674499                    /lib/x86_64-linux-gnu/libc-2.19.so
7f443fd2f000-7f443fd33000 r--p 001bb000 08:07 3674499                    /lib/x86_64-linux-gnu/libc-2.19.so
7f443fd33000-7f443fd35000 rw-p 001bf000 08:07 3674499                    /lib/x86_64-linux-gnu/libc-2.19.so
7f443fd35000-7f443fd3a000 rw-p 00000000 00:00 0 
7f443fd3a000-7f443fd47000 r-xp 00000000 08:07 11144120                   /usr/lib/jvm/java-7-openjdk-amd64/jre/lib/amd64/jli/libjli.so
7f443fd47000-7f443ff46000 ---p 0000d000 08:07 11144120                   /usr/lib/jvm/java-7-openjdk-amd64/jre/lib/amd64/jli/libjli.so
7f443ff46000-7f443ff47000 r--p 0000c000 08:07 11144120                   /usr/lib/jvm/java-7-openjdk-amd64/jre/lib/amd64/jli/libjli.so
7f443ff47000-7f443ff48000 rw-p 0000d000 08:07 11144120                   /usr/lib/jvm/java-7-openjdk-amd64/jre/lib/amd64/jli/libjli.so
7f443ff48000-7f443ff6b000 r-xp 00000000 08:07 3674500                    /lib/x86_64-linux-gnu/ld-2.19.so
7f443ff6b000-7f443ff8d000 rw-p 00000000 00:00 0 
7f443ff8d000-7f4440043000 rw-p 00000000 00:00 0 
7f4440043000-7f4440046000 ---p 00000000 00:00 0 
7f4440046000-7f444014a000 rw-p 00000000 00:00 0                          [stack:7443]
7f444014a000-7f444014e000 r--s 00034000 08:07 11144522                   /usr/lib/jvm/java-7-openjdk-amd64/jre/lib/ext/sunjce_provider.jar
7f444014e000-7f4440152000 r--s 0003c000 08:07 11144520                   /usr/lib/jvm/java-7-openjdk-amd64/jre/lib/ext/sunpkcs11.jar
7f4440152000-7f4440154000 r--s 00012000 08:07 11144519                   /usr/lib/jvm/java-7-openjdk-amd64/jre/lib/ext/zipfs.jar
7f4440154000-7f4440158000 r--s 00085000 08:07 11144521                   /usr/lib/jvm/java-7-openjdk-amd64/jre/lib/ext/localedata.jar
7f4440158000-7f444015b000 r--s 0000f000 08:07 11144518                   /usr/lib/jvm/java-7-openjdk-amd64/jre/lib/ext/icedtea-sound.jar
7f444015b000-7f444015d000 r--s 00006000 08:07 11539886                   /usr/share/java/java-atk-wrapper.jar
7f444015d000-7f444015e000 r--s 00002000 08:07 11144523                   /usr/lib/jvm/java-7-openjdk-amd64/jre/lib/ext/dnsns.jar
7f444015e000-7f4440166000 rw-s 00000000 08:07 10357099                   /tmp/hsperfdata_mateusz/7441
7f4440166000-7f4440167000 rw-p 00000000 00:00 0 
7f4440167000-7f4440168000 r--p 00000000 00:00 0 
7f4440168000-7f444016a000 rw-p 00000000 00:00 0 
7f444016a000-7f444016b000 r--p 00022000 08:07 3674500                    /lib/x86_64-linux-gnu/ld-2.19.so
7f444016b000-7f444016c000 rw-p 00023000 08:07 3674500                    /lib/x86_64-linux-gnu/ld-2.19.so
7f444016c000-7f444016d000 rw-p 00000000 00:00 0 
7fff8c2c3000-7fff8c2e4000 rw-p 00000000 00:00 0                          [stack]
7fff8c399000-7fff8c39b000 r-xp 00000000 00:00 0                          [vdso]
ffffffffff600000-ffffffffff601000 r-xp 00000000 00:00 0                  [vsyscall]

VM Arguments:
jvm_args: -Dfile.encoding=UTF-8 
java_command: view.Cpu
Launcher Type: SUN_STANDARD

Environment Variables:
PATH=/usr/local/sbin:/usr/local/bin:/usr/sbin:/usr/bin:/sbin:/bin:/usr/games:/usr/local/games
USERNAME=mateusz
SHELL=/bin/bash
DISPLAY=:0

Signal Handlers:
SIGSEGV: [libjvm.so+0x9495e0], sa_mask[0]=0x7ffbfeff, sa_flags=0x10000004
SIGBUS: [libjvm.so+0x9495e0], sa_mask[0]=0x7ffbfeff, sa_flags=0x10000004
SIGFPE: [libjvm.so+0x7c3410], sa_mask[0]=0x7ffbfeff, sa_flags=0x10000004
SIGPIPE: [libjvm.so+0x7c3410], sa_mask[0]=0x7ffbfeff, sa_flags=0x10000004
SIGXFSZ: [libjvm.so+0x7c3410], sa_mask[0]=0x7ffbfeff, sa_flags=0x10000004
SIGILL: [libjvm.so+0x7c3410], sa_mask[0]=0x7ffbfeff, sa_flags=0x10000004
SIGUSR1: SIG_DFL, sa_mask[0]=0x00000000, sa_flags=0x00000000
SIGUSR2: [libjvm.so+0x7c32b0], sa_mask[0]=0x00000004, sa_flags=0x10000004
SIGHUP: [libjvm.so+0x7c3490], sa_mask[0]=0x7ffbfeff, sa_flags=0x10000004
SIGINT: [libjvm.so+0x7c3490], sa_mask[0]=0x7ffbfeff, sa_flags=0x10000004
SIGTERM: [libjvm.so+0x7c3490], sa_mask[0]=0x7ffbfeff, sa_flags=0x10000004
SIGQUIT: [libjvm.so+0x7c3490], sa_mask[0]=0x7ffbfeff, sa_flags=0x10000004
SIGTRAP: SIG_DFL, sa_mask[0]=0x00000000, sa_flags=0x00000000


---------------  S Y S T E M  ---------------

OS:LinuxMint 17 (qiana)
uname:Linux 3.13.0-24-generic #47-Ubuntu SMP Fri May 2 23:30:00 UTC 2014 x86_64
libc:glibc 2.19 NPTL 2.19 
rlimit: STACK 8192k, CORE 0k, NPROC 30289, NOFILE 4096, AS infinity
load average:0,20 0,23 0,23

/proc/meminfo:
MemTotal:        3931284 kB
MemFree:          273472 kB
Buffers:          213168 kB
Cached:          1350744 kB
SwapCached:           68 kB
Active:          2399820 kB
Inactive:        1026024 kB
Active(anon):    1765236 kB
Inactive(anon):   243808 kB
Active(file):     634584 kB
Inactive(file):   782216 kB
Unevictable:           0 kB
Mlocked:               0 kB
SwapTotal:       3906556 kB
SwapFree:        3906444 kB
Dirty:               156 kB
Writeback:             0 kB
AnonPages:       1861764 kB
Mapped:           231932 kB
Shmem:            147112 kB
Slab:             145340 kB
SReclaimable:     118540 kB
SUnreclaim:        26800 kB
KernelStack:        3864 kB
PageTables:        24160 kB
NFS_Unstable:          0 kB
Bounce:                0 kB
WritebackTmp:          0 kB
CommitLimit:     5872196 kB
Committed_AS:    4059280 kB
VmallocTotal:   34359738367 kB
VmallocUsed:      348576 kB
VmallocChunk:   34359384028 kB
HardwareCorrupted:     0 kB
AnonHugePages:    980992 kB
HugePages_Total:       0
HugePages_Free:        0
HugePages_Rsvd:        0
HugePages_Surp:        0
Hugepagesize:       2048 kB
DirectMap4k:       65460 kB
DirectMap2M:     4012032 kB


CPU:total 4 (2 cores per cpu, 2 threads per core) family 6 model 58 stepping 9, cmov, cx8, fxsr, mmx, sse, sse2, sse3, ssse3, sse4.1, sse4.2, popcnt, avx, aes, erms, ht, tsc, tscinvbit, tscinv

/proc/cpuinfo:
processor	: 0
vendor_id	: GenuineIntel
cpu family	: 6
model		: 58
model name	: Intel(R) Core(TM) i5-3230M CPU @ 2.60GHz
stepping	: 9
microcode	: 0x12
cpu MHz		: 1200.000
cache size	: 3072 KB
physical id	: 0
siblings	: 4
core id		: 0
cpu cores	: 2
apicid		: 0
initial apicid	: 0
fpu		: yes
fpu_exception	: yes
cpuid level	: 13
wp		: yes
flags		: fpu vme de pse tsc msr pae mce cx8 apic sep mtrr pge mca cmov pat pse36 clflush dts acpi mmx fxsr sse sse2 ss ht tm pbe syscall nx rdtscp lm constant_tsc arch_perfmon pebs bts rep_good nopl xtopology nonstop_tsc aperfmperf eagerfpu pni pclmulqdq dtes64 monitor ds_cpl vmx est tm2 ssse3 cx16 xtpr pdcm pcid sse4_1 sse4_2 x2apic popcnt tsc_deadline_timer aes xsave avx f16c rdrand lahf_lm ida arat epb xsaveopt pln pts dtherm tpr_shadow vnmi flexpriority ept vpid fsgsbase smep erms
bogomips	: 5188.20
clflush size	: 64
cache_alignment	: 64
address sizes	: 36 bits physical, 48 bits virtual
power management:

processor	: 1
vendor_id	: GenuineIntel
cpu family	: 6
model		: 58
model name	: Intel(R) Core(TM) i5-3230M CPU @ 2.60GHz
stepping	: 9
microcode	: 0x12
cpu MHz		: 1200.000
cache size	: 3072 KB
physical id	: 0
siblings	: 4
core id		: 1
cpu cores	: 2
apicid		: 2
initial apicid	: 2
fpu		: yes
fpu_exception	: yes
cpuid level	: 13
wp		: yes
flags		: fpu vme de pse tsc msr pae mce cx8 apic sep mtrr pge mca cmov pat pse36 clflush dts acpi mmx fxsr sse sse2 ss ht tm pbe syscall nx rdtscp lm constant_tsc arch_perfmon pebs bts rep_good nopl xtopology nonstop_tsc aperfmperf eagerfpu pni pclmulqdq dtes64 monitor ds_cpl vmx est tm2 ssse3 cx16 xtpr pdcm pcid sse4_1 sse4_2 x2apic popcnt tsc_deadline_timer aes xsave avx f16c rdrand lahf_lm ida arat epb xsaveopt pln pts dtherm tpr_shadow vnmi flexpriority ept vpid fsgsbase smep erms
bogomips	: 5188.20
clflush size	: 64
cache_alignment	: 64
address sizes	: 36 bits physical, 48 bits virtual
power management:

processor	: 2
vendor_id	: GenuineIntel
cpu family	: 6
model		: 58
model name	: Intel(R) Core(TM) i5-3230M CPU @ 2.60GHz
stepping	: 9
microcode	: 0x12
cpu MHz		: 1200.000
cache size	: 3072 KB
physical id	: 0
siblings	: 4
core id		: 0
cpu cores	: 2
apicid		: 1
initial apicid	: 1
fpu		: yes
fpu_exception	: yes
cpuid level	: 13
wp		: yes
flags		: fpu vme de pse tsc msr pae mce cx8 apic sep mtrr pge mca cmov pat pse36 clflush dts acpi mmx fxsr sse sse2 ss ht tm pbe syscall nx rdtscp lm constant_tsc arch_perfmon pebs bts rep_good nopl xtopology nonstop_tsc aperfmperf eagerfpu pni pclmulqdq dtes64 monitor ds_cpl vmx est tm2 ssse3 cx16 xtpr pdcm pcid sse4_1 sse4_2 x2apic popcnt tsc_deadline_timer aes xsave avx f16c rdrand lahf_lm ida arat epb xsaveopt pln pts dtherm tpr_shadow vnmi flexpriority ept vpid fsgsbase smep erms
bogomips	: 5188.20
clflush size	: 64
cache_alignment	: 64
address sizes	: 36 bits physical, 48 bits virtual
power management:

processor	: 3
vendor_id	: GenuineIntel
cpu family	: 6
model		: 58
model name	: Intel(R) Core(TM) i5-3230M CPU @ 2.60GHz
stepping	: 9
microcode	: 0x12
cpu MHz		: 1700.000
cache size	: 3072 KB
physical id	: 0
siblings	: 4
core id		: 1
cpu cores	: 2
apicid		: 3
initial apicid	: 3
fpu		: yes
fpu_exception	: yes
cpuid level	: 13
wp		: yes
flags		: fpu vme de pse tsc msr pae mce cx8 apic sep mtrr pge mca cmov pat pse36 clflush dts acpi mmx fxsr sse sse2 ss ht tm pbe syscall nx rdtscp lm constant_tsc arch_perfmon pebs bts rep_good nopl xtopology nonstop_tsc aperfmperf eagerfpu pni pclmulqdq dtes64 monitor ds_cpl vmx est tm2 ssse3 cx16 xtpr pdcm pcid sse4_1 sse4_2 x2apic popcnt tsc_deadline_timer aes xsave avx f16c rdrand lahf_lm ida arat epb xsaveopt pln pts dtherm tpr_shadow vnmi flexpriority ept vpid fsgsbase smep erms
bogomips	: 5188.20
clflush size	: 64
cache_alignment	: 64
address sizes	: 36 bits physical, 48 bits virtual
power management:



Memory: 4k page, physical 3931284k(273472k free), swap 3906556k(3906444k free)

vm_info: OpenJDK 64-Bit Server VM (24.65-b04) for linux-amd64 JRE (1.7.0_65-b32), built on Oct 22 2014 04:37:44 by "buildd" with gcc 4.8.2

time: Thu Nov 13 01:34:11 2014
elapsed time: 0 seconds

